#
# There is insufficient memory for the Java Runtime Environment to continue.
# Native memory allocation (malloc) failed to allocate 1226384 bytes. Error detail: Chunk::new
# Possible reasons:
#   The system is out of physical RAM or swap space
#   This process is running with CompressedOops enabled, and the Java Heap may be blocking the growth of the native heap
# Possible solutions:
#   Reduce memory load on the system
#   Increase physical memory or swap space
#   Check if swap backing store is full
#   Decrease Java heap size (-Xmx/-Xms)
#   Decrease number of Java threads
#   Decrease Java thread stack sizes (-Xss)
#   Set larger code cache with -XX:ReservedCodeCacheSize=
#   JVM is running with Unscaled Compressed Oops mode in which the Java heap is
#     placed in the first 4GB address space. The Java Heap base address is the
#     maximum limit for the native heap growth. Please use -XX:HeapBaseMinAddress
#     to set the Java Heap base and to place the Java Heap above 4GB virtual address.
# This output file may be truncated or incomplete.
#
#  Out of Memory Error (arena.cpp:168), pid=16452, tid=13196
#
# JRE version: OpenJDK Runtime Environment Temurin-21.0.8+9 (21.0.8+9) (build 21.0.8+9-LTS)
# Java VM: OpenJDK 64-Bit Server VM Temurin-21.0.8+9 (21.0.8+9-LTS, mixed mode, sharing, tiered, compressed oops, compressed class ptrs, parallel gc, windows-amd64)
# No core dump will be written. Minidumps are not enabled by default on client versions of Windows
#

---------------  S U M M A R Y ------------

Command Line: --add-modules=ALL-SYSTEM --add-opens=java.base/java.util=ALL-UNNAMED --add-opens=java.base/java.lang=ALL-UNNAMED --add-opens=java.base/sun.nio.fs=ALL-UNNAMED -Declipse.application=org.eclipse.jdt.ls.core.id1 -Dosgi.bundles.defaultStartLevel=4 -Declipse.product=org.eclipse.jdt.ls.core.product -Djava.import.generatesMetadataFilesAtProjectRoot=false -DDetectVMInstallationsJob.disabled=true -Dfile.encoding=utf8 -XX:+UseParallelGC -XX:GCTimeRatio=4 -XX:AdaptiveSizePolicyWeight=90 -Dsun.zip.disableMemoryMapping=true -Xmx2G -Xms100m -Xlog:disable -javaagent:c:\Users\ADMIN\.vscode\extensions\redhat.java-1.46.0-win32-x64\lombok\lombok-1.18.39-4050.jar c:\Users\ADMIN\.vscode\extensions\redhat.java-1.46.0-win32-x64\server\plugins\org.eclipse.equinox.launcher_1.7.0.v20250519-0528.jar -configuration c:\Users\ADMIN\AppData\Roaming\Code\User\globalStorage\redhat.java\1.46.0\config_ss_win -data c:\Users\ADMIN\AppData\Roaming\Code\User\workspaceStorage\6eddf05a50bfec01eb4727cca2040f7d\redhat.java\ss_ws --pipe=\\.\pipe\lsp-2ede24c471efe685348c0e822f0ffc1c-sock

Host: 13th Gen Intel(R) Core(TM) i7-1355U, 12 cores, 15G,  Windows 11 , 64 bit Build 26100 (10.0.26100.6725)
Time: Fri Oct 24 08:10:08 2025 SE Asia Standard Time elapsed time: 3.387977 seconds (0d 0h 0m 3s)

---------------  T H R E A D  ---------------

Current thread (0x000001b2f9889550):  JavaThread "C2 CompilerThread0" daemon [_thread_in_native, id=13196, stack(0x0000009cdcb00000,0x0000009cdcc00000) (1024K)]


Current CompileTask:
C2:3388 2498       4       java.lang.invoke.MethodType::makeImpl (109 bytes)

Stack: [0x0000009cdcb00000,0x0000009cdcc00000]
Native frames: (J=compiled Java code, j=interpreted, Vv=VM code, C=native code)
V  [jvm.dll+0x6d2449]
V  [jvm.dll+0x8ae341]
V  [jvm.dll+0x8b08be]
V  [jvm.dll+0x8b0fa3]
V  [jvm.dll+0x280c96]
V  [jvm.dll+0xc581d]
V  [jvm.dll+0xc5d53]
V  [jvm.dll+0x3b919c]
V  [jvm.dll+0x1e1409]
V  [jvm.dll+0x249022]
V  [jvm.dll+0x2484af]
V  [jvm.dll+0x1c89ee]
V  [jvm.dll+0x257d4d]
V  [jvm.dll+0x2562ea]
V  [jvm.dll+0x3f2d16]
V  [jvm.dll+0x857e6b]
V  [jvm.dll+0x6d0b0d]
C  [ucrtbase.dll+0x37b0]
C  [KERNEL32.DLL+0x2e8d7]
C  [ntdll.dll+0x8c53c]


---------------  P R O C E S S  ---------------

Threads class SMR info:
_java_thread_list=0x000001b2fea85ec0, length=20, elements={
0x000001b2efebee00, 0x000001b2f795e0a0, 0x000001b2f98450a0, 0x000001b2f9849130,
0x000001b2f9847160, 0x000001b2f9847bc0, 0x000001b2f9858010, 0x000001b2f9889550,
0x000001b2f988aff0, 0x000001b2f9969290, 0x000001b2f9bf8d20, 0x000001b2fe83dc80,
0x000001b2fe7cc1c0, 0x000001b2fe7fe320, 0x000001b2fe4f95f0, 0x000001b2fe9ed3c0,
0x000001b2fe8d31e0, 0x000001b2fe8918e0, 0x000001b2fedb92b0, 0x000001b2fec0abe0
}

Java Threads: ( => current thread )
  0x000001b2efebee00 JavaThread "main"                              [_thread_blocked, id=13772, stack(0x0000009cdc100000,0x0000009cdc200000) (1024K)]
  0x000001b2f795e0a0 JavaThread "Reference Handler"          daemon [_thread_blocked, id=940, stack(0x0000009cdc500000,0x0000009cdc600000) (1024K)]
  0x000001b2f98450a0 JavaThread "Finalizer"                  daemon [_thread_blocked, id=20228, stack(0x0000009cdc600000,0x0000009cdc700000) (1024K)]
  0x000001b2f9849130 JavaThread "Signal Dispatcher"          daemon [_thread_blocked, id=18916, stack(0x0000009cdc700000,0x0000009cdc800000) (1024K)]
  0x000001b2f9847160 JavaThread "Attach Listener"            daemon [_thread_blocked, id=22700, stack(0x0000009cdc800000,0x0000009cdc900000) (1024K)]
  0x000001b2f9847bc0 JavaThread "Service Thread"             daemon [_thread_blocked, id=4860, stack(0x0000009cdc900000,0x0000009cdca00000) (1024K)]
  0x000001b2f9858010 JavaThread "Monitor Deflation Thread"   daemon [_thread_blocked, id=18960, stack(0x0000009cdca00000,0x0000009cdcb00000) (1024K)]
=>0x000001b2f9889550 JavaThread "C2 CompilerThread0"         daemon [_thread_in_native, id=13196, stack(0x0000009cdcb00000,0x0000009cdcc00000) (1024K)]
  0x000001b2f988aff0 JavaThread "C1 CompilerThread0"         daemon [_thread_blocked, id=7848, stack(0x0000009cdcc00000,0x0000009cdcd00000) (1024K)]
  0x000001b2f9969290 JavaThread "Common-Cleaner"             daemon [_thread_blocked, id=8604, stack(0x0000009cdcd00000,0x0000009cdce00000) (1024K)]
  0x000001b2f9bf8d20 JavaThread "Notification Thread"        daemon [_thread_blocked, id=4972, stack(0x0000009cdcf00000,0x0000009cdd000000) (1024K)]
  0x000001b2fe83dc80 JavaThread "Active Thread: Equinox Container: 3c625c9a-53f4-48d3-88a9-8204e4295789"        [_thread_blocked, id=24896, stack(0x0000009cdd700000,0x0000009cdd800000) (1024K)]
  0x000001b2fe7cc1c0 JavaThread "Framework Event Dispatcher: Equinox Container: 3c625c9a-53f4-48d3-88a9-8204e4295789" daemon [_thread_blocked, id=7636, stack(0x0000009cdd800000,0x0000009cdd900000) (1024K)]
  0x000001b2fe7fe320 JavaThread "Start Level: Equinox Container: 3c625c9a-53f4-48d3-88a9-8204e4295789" daemon [_thread_in_native, id=15196, stack(0x0000009cdd900000,0x0000009cdda00000) (1024K)]
  0x000001b2fe4f95f0 JavaThread "SCR Component Actor"        daemon [_thread_blocked, id=1952, stack(0x0000009cdce00000,0x0000009cdcf00000) (1024K)]
  0x000001b2fe9ed3c0 JavaThread "Worker-JM"                         [_thread_blocked, id=5000, stack(0x0000009cddc00000,0x0000009cddd00000) (1024K)]
  0x000001b2fe8d31e0 JavaThread "JNA Cleaner"                daemon [_thread_blocked, id=17584, stack(0x0000009cdd000000,0x0000009cdd100000) (1024K)]
  0x000001b2fe8918e0 JavaThread "Worker-0"                          [_thread_blocked, id=9044, stack(0x0000009cddb00000,0x0000009cddc00000) (1024K)]
  0x000001b2fedb92b0 JavaThread "Worker-1"                          [_thread_blocked, id=9336, stack(0x0000009cddf00000,0x0000009cde000000) (1024K)]
  0x000001b2fec0abe0 JavaThread "C2 CompilerThread1"         daemon [_thread_blocked, id=21096, stack(0x0000009cde000000,0x0000009cde100000) (1024K)]
Total: 20

Other Threads:
  0x000001b2f7943800 VMThread "VM Thread"                           [id=524, stack(0x0000009cdc400000,0x0000009cdc500000) (1024K)]
  0x000001b2f783ca00 WatcherThread "VM Periodic Task Thread"        [id=10384, stack(0x0000009cdc300000,0x0000009cdc400000) (1024K)]
  0x000001b2efedd400 WorkerThread "GC Thread#0"                     [id=17420, stack(0x0000009cdc200000,0x0000009cdc300000) (1024K)]
  0x000001b2fe55c480 WorkerThread "GC Thread#1"                     [id=9652, stack(0x0000009cdd100000,0x0000009cdd200000) (1024K)]
  0x000001b2fe3b5460 WorkerThread "GC Thread#2"                     [id=13100, stack(0x0000009cdd200000,0x0000009cdd300000) (1024K)]
  0x000001b2fe3b5800 WorkerThread "GC Thread#3"                     [id=6196, stack(0x0000009cdd300000,0x0000009cdd400000) (1024K)]
  0x000001b2fe3b5ba0 WorkerThread "GC Thread#4"                     [id=14316, stack(0x0000009cdd400000,0x0000009cdd500000) (1024K)]
  0x000001b2fe037460 WorkerThread "GC Thread#5"                     [id=10828, stack(0x0000009cdd500000,0x0000009cdd600000) (1024K)]
  0x000001b2fe037800 WorkerThread "GC Thread#6"                     [id=15288, stack(0x0000009cdd600000,0x0000009cdd700000) (1024K)]
  0x000001b2fe7c7650 WorkerThread "GC Thread#7"                     [id=19800, stack(0x0000009cdda00000,0x0000009cddb00000) (1024K)]
  0x000001b2fe9499c0 WorkerThread "GC Thread#8"                     [id=18276, stack(0x0000009cddd00000,0x0000009cdde00000) (1024K)]
  0x000001b2fec19cb0 WorkerThread "GC Thread#9"                     [id=13412, stack(0x0000009cdde00000,0x0000009cddf00000) (1024K)]
Total: 12

Threads with active compile tasks:
C2 CompilerThread0  3414 2498       4       java.lang.invoke.MethodType::makeImpl (109 bytes)
Total: 1

VM state: not at safepoint (normal execution)

VM Mutex/Monitor currently owned by a thread: None

Heap address: 0x0000000080000000, size: 2048 MB, Compressed Oops mode: 32-bit

CDS archive(s) mapped at: [0x000001b28f000000-0x000001b28fba0000-0x000001b28fba0000), size 12189696, SharedBaseAddress: 0x000001b28f000000, ArchiveRelocationMode: 1.
Compressed class space mapped at: 0x000001b290000000-0x000001b2d0000000, reserved size: 1073741824
Narrow klass base: 0x000001b28f000000, Narrow klass shift: 0, Narrow klass range: 0x100000000

GC Precious Log:
 CardTable entry size: 512
 CPUs: 12 total, 12 available
 Memory: 16068M
 Large Page Support: Disabled
 NUMA Support: Disabled
 Compressed Oops: Enabled (32-bit)
 Alignments: Space 512K, Generation 512K, Heap 2M
 Heap Min Capacity: 100M
 Heap Initial Capacity: 100M
 Heap Max Capacity: 2G
 Pre-touch: Disabled
 Parallel Workers: 10

Heap:
 PSYoungGen      total 29696K, used 18732K [0x00000000d5580000, 0x00000000d7680000, 0x0000000100000000)
  eden space 25600K, 57% used [0x00000000d5580000,0x00000000d63d0108,0x00000000d6e80000)
  from space 4096K, 99% used [0x00000000d7280000,0x00000000d767b2b8,0x00000000d7680000)
  to   space 4096K, 0% used [0x00000000d6e80000,0x00000000d6e80000,0x00000000d7280000)
 ParOldGen       total 68608K, used 4942K [0x0000000080000000, 0x0000000084300000, 0x00000000d5580000)
  object space 68608K, 7% used [0x0000000080000000,0x00000000804d3b68,0x0000000084300000)
 Metaspace       used 17879K, committed 18624K, reserved 1114112K
  class space    used 1840K, committed 2176K, reserved 1048576K

Card table byte_map: [0x000001b2ef870000,0x000001b2efc80000] _byte_map_base: 0x000001b2ef470000

Marking Bits: (ParMarkBitMap*) 0x00007ffe703aa340
 Begin Bits: [0x000001b2f3360000, 0x000001b2f5360000)
 End Bits:   [0x000001b2f5360000, 0x000001b2f7360000)

Polling page: 0x000001b2edd30000

Metaspace:

Usage:
  Non-class:     15.68 MB used.
      Class:      1.80 MB used.
       Both:     17.48 MB used.

Virtual space:
  Non-class space:       64.00 MB reserved,      16.06 MB ( 25%) committed,  1 nodes.
      Class space:        1.00 GB reserved,       2.12 MB ( <1%) committed,  1 nodes.
             Both:        1.06 GB reserved,      18.19 MB (  2%) committed. 

Chunk freelists:
   Non-Class:  15.39 MB
       Class:  13.73 MB
        Both:  29.12 MB

MaxMetaspaceSize: unlimited
CompressedClassSpaceSize: 1.00 GB
Initial GC threshold: 21.00 MB
Current GC threshold: 21.00 MB
CDS: on
 - commit_granule_bytes: 65536.
 - commit_granule_words: 8192.
 - virtual_space_node_default_size: 8388608.
 - enlarge_chunks_in_place: 1.
 - use_allocation_guard: 0.


Internal statistics:

num_allocs_failed_limit: 0.
num_arena_births: 504.
num_arena_deaths: 0.
num_vsnodes_births: 2.
num_vsnodes_deaths: 0.
num_space_committed: 291.
num_space_uncommitted: 0.
num_chunks_returned_to_freelist: 0.
num_chunks_taken_from_freelist: 1175.
num_chunk_merges: 0.
num_chunk_splits: 745.
num_chunks_enlarged: 473.
num_inconsistent_stats: 0.

CodeHeap 'non-profiled nmethods': size=120000Kb used=1111Kb max_used=1111Kb free=118889Kb
 bounds [0x000001b287ad0000, 0x000001b287d40000, 0x000001b28f000000]
CodeHeap 'profiled nmethods': size=120000Kb used=4970Kb max_used=4970Kb free=115029Kb
 bounds [0x000001b280000000, 0x000001b2804e0000, 0x000001b287530000]
CodeHeap 'non-nmethods': size=5760Kb used=1268Kb max_used=1284Kb free=4491Kb
 bounds [0x000001b287530000, 0x000001b2877a0000, 0x000001b287ad0000]
CodeCache: size=245760Kb, used=7349Kb, max_used=7365Kb, free=238409Kb
 total_blobs=3150, nmethods=2602, adapters=454, full_count=0
Compilation: enabled, stopped_count=0, restarted_count=0

Compilation events (20 events):
Event: 2.365 Thread 0x000001b2f988aff0 nmethod 2572 0x000001b2804d9e90 code [0x000001b2804da020, 0x000001b2804da180]
Event: 2.365 Thread 0x000001b2f988aff0 2601       1       java.lang.invoke.MethodHandleImpl$IntrinsicMethodHandle::getTarget (5 bytes)
Event: 2.365 Thread 0x000001b2f988aff0 nmethod 2601 0x000001b287be1090 code [0x000001b287be1220, 0x000001b287be12e8]
Event: 2.365 Thread 0x000001b2ff76f9e0 nmethod 2590 0x000001b287be1390 code [0x000001b287be1580, 0x000001b287be1aa0]
Event: 2.365 Thread 0x000001b2ff76f9e0 2583       4       org.lombokweb.asm.SymbolTable$Entry::<init> (20 bytes)
Event: 2.365 Thread 0x000001b2ff76f9e0 nmethod 2583 0x000001b287be1e90 code [0x000001b287be2020, 0x000001b287be20f0]
Event: 2.365 Thread 0x000001b2ff76f9e0 2591       4       org.lombokweb.asm.SymbolTable::hash (20 bytes)
Event: 2.367 Thread 0x000001b2ff76f9e0 nmethod 2591 0x000001b287be2190 code [0x000001b287be2340, 0x000001b287be2608]
Event: 2.367 Thread 0x000001b2ff76f9e0 2589       4       org.lombokweb.asm.SymbolTable::addConstantMemberReference (29 bytes)
Event: 2.371 Thread 0x000001b2ff76f9e0 nmethod 2589 0x000001b287be2890 code [0x000001b287be2a60, 0x000001b287be2f40]
Event: 2.371 Thread 0x000001b2ff76f9e0 2598       4       org.lombokweb.asm.SymbolTable$Entry::<init> (18 bytes)
Event: 2.372 Thread 0x000001b2ff76f9e0 nmethod 2598 0x000001b287be3390 code [0x000001b287be3520, 0x000001b287be35e0]
Event: 2.372 Thread 0x000001b2ff76f9e0 2600       4       org.lombokweb.asm.SymbolTable::addConstantNameAndType (28 bytes)
Event: 2.386 Thread 0x000001b2ff76f9e0 nmethod 2600 0x000001b287be3690 code [0x000001b287be3860, 0x000001b287be3c38]
Event: 2.386 Thread 0x000001b2ff76f9e0 2582       4       java.lang.Character::charCount (12 bytes)
Event: 2.386 Thread 0x000001b2ff76f9e0 nmethod 2582 0x000001b287be3f90 code [0x000001b287be4120, 0x000001b287be41a8]
Event: 2.879 Thread 0x000001b2f988aff0 2602       3       java.util.concurrent.Semaphore$NonfairSync::tryAcquireShared (6 bytes)
Event: 2.879 Thread 0x000001b2f988aff0 nmethod 2602 0x000001b2804da210 code [0x000001b2804da3c0, 0x000001b2804da4f8]
Event: 2.879 Thread 0x000001b2f988aff0 2603       3       java.util.concurrent.Semaphore$Sync::nonfairTryAcquireShared (27 bytes)
Event: 2.880 Thread 0x000001b2f988aff0 nmethod 2603 0x000001b2804da590 code [0x000001b2804da740, 0x000001b2804da990]

GC Heap History (8 events):
Event: 0.607 GC heap before
{Heap before GC invocations=1 (full 0):
 PSYoungGen      total 29696K, used 25600K [0x00000000d5580000, 0x00000000d7680000, 0x0000000100000000)
  eden space 25600K, 100% used [0x00000000d5580000,0x00000000d6e80000,0x00000000d6e80000)
  from space 4096K, 0% used [0x00000000d7280000,0x00000000d7280000,0x00000000d7680000)
  to   space 4096K, 0% used [0x00000000d6e80000,0x00000000d6e80000,0x00000000d7280000)
 ParOldGen       total 68608K, used 0K [0x0000000080000000, 0x0000000084300000, 0x00000000d5580000)
  object space 68608K, 0% used [0x0000000080000000,0x0000000080000000,0x0000000084300000)
 Metaspace       used 4271K, committed 4544K, reserved 1114112K
  class space    used 471K, committed 576K, reserved 1048576K
}
Event: 0.613 GC heap after
{Heap after GC invocations=1 (full 0):
 PSYoungGen      total 29696K, used 3303K [0x00000000d5580000, 0x00000000d7680000, 0x0000000100000000)
  eden space 25600K, 0% used [0x00000000d5580000,0x00000000d5580000,0x00000000d6e80000)
  from space 4096K, 80% used [0x00000000d6e80000,0x00000000d71b9e18,0x00000000d7280000)
  to   space 4096K, 0% used [0x00000000d7280000,0x00000000d7280000,0x00000000d7680000)
 ParOldGen       total 68608K, used 16K [0x0000000080000000, 0x0000000084300000, 0x00000000d5580000)
  object space 68608K, 0% used [0x0000000080000000,0x0000000080004000,0x0000000084300000)
 Metaspace       used 4271K, committed 4544K, reserved 1114112K
  class space    used 471K, committed 576K, reserved 1048576K
}
Event: 1.228 GC heap before
{Heap before GC invocations=2 (full 0):
 PSYoungGen      total 29696K, used 28903K [0x00000000d5580000, 0x00000000d7680000, 0x0000000100000000)
  eden space 25600K, 100% used [0x00000000d5580000,0x00000000d6e80000,0x00000000d6e80000)
  from space 4096K, 80% used [0x00000000d6e80000,0x00000000d71b9e18,0x00000000d7280000)
  to   space 4096K, 0% used [0x00000000d7280000,0x00000000d7280000,0x00000000d7680000)
 ParOldGen       total 68608K, used 16K [0x0000000080000000, 0x0000000084300000, 0x00000000d5580000)
  object space 68608K, 0% used [0x0000000080000000,0x0000000080004000,0x0000000084300000)
 Metaspace       used 8121K, committed 8384K, reserved 1114112K
  class space    used 874K, committed 1024K, reserved 1048576K
}
Event: 1.233 GC heap after
{Heap after GC invocations=2 (full 0):
 PSYoungGen      total 29696K, used 4085K [0x00000000d5580000, 0x00000000d7680000, 0x0000000100000000)
  eden space 25600K, 0% used [0x00000000d5580000,0x00000000d5580000,0x00000000d6e80000)
  from space 4096K, 99% used [0x00000000d7280000,0x00000000d767d790,0x00000000d7680000)
  to   space 4096K, 0% used [0x00000000d6e80000,0x00000000d6e80000,0x00000000d7280000)
 ParOldGen       total 68608K, used 948K [0x0000000080000000, 0x0000000084300000, 0x00000000d5580000)
  object space 68608K, 1% used [0x0000000080000000,0x00000000800ed3f8,0x0000000084300000)
 Metaspace       used 8121K, committed 8384K, reserved 1114112K
  class space    used 874K, committed 1024K, reserved 1048576K
}
Event: 1.730 GC heap before
{Heap before GC invocations=3 (full 0):
 PSYoungGen      total 29696K, used 29685K [0x00000000d5580000, 0x00000000d7680000, 0x0000000100000000)
  eden space 25600K, 100% used [0x00000000d5580000,0x00000000d6e80000,0x00000000d6e80000)
  from space 4096K, 99% used [0x00000000d7280000,0x00000000d767d790,0x00000000d7680000)
  to   space 4096K, 0% used [0x00000000d6e80000,0x00000000d6e80000,0x00000000d7280000)
 ParOldGen       total 68608K, used 948K [0x0000000080000000, 0x0000000084300000, 0x00000000d5580000)
  object space 68608K, 1% used [0x0000000080000000,0x00000000800ed3f8,0x0000000084300000)
 Metaspace       used 12945K, committed 13440K, reserved 1114112K
  class space    used 1382K, committed 1600K, reserved 1048576K
}
Event: 1.734 GC heap after
{Heap after GC invocations=3 (full 0):
 PSYoungGen      total 29696K, used 4089K [0x00000000d5580000, 0x00000000d7680000, 0x0000000100000000)
  eden space 25600K, 0% used [0x00000000d5580000,0x00000000d5580000,0x00000000d6e80000)
  from space 4096K, 99% used [0x00000000d6e80000,0x00000000d727e4e8,0x00000000d7280000)
  to   space 4096K, 0% used [0x00000000d7280000,0x00000000d7280000,0x00000000d7680000)
 ParOldGen       total 68608K, used 2695K [0x0000000080000000, 0x0000000084300000, 0x00000000d5580000)
  object space 68608K, 3% used [0x0000000080000000,0x00000000802a1f10,0x0000000084300000)
 Metaspace       used 12945K, committed 13440K, reserved 1114112K
  class space    used 1382K, committed 1600K, reserved 1048576K
}
Event: 2.300 GC heap before
{Heap before GC invocations=4 (full 0):
 PSYoungGen      total 29696K, used 29689K [0x00000000d5580000, 0x00000000d7680000, 0x0000000100000000)
  eden space 25600K, 100% used [0x00000000d5580000,0x00000000d6e80000,0x00000000d6e80000)
  from space 4096K, 99% used [0x00000000d6e80000,0x00000000d727e4e8,0x00000000d7280000)
  to   space 4096K, 0% used [0x00000000d7280000,0x00000000d7280000,0x00000000d7680000)
 ParOldGen       total 68608K, used 2695K [0x0000000080000000, 0x0000000084300000, 0x00000000d5580000)
  object space 68608K, 3% used [0x0000000080000000,0x00000000802a1f10,0x0000000084300000)
 Metaspace       used 16908K, committed 17664K, reserved 1114112K
  class space    used 1786K, committed 2112K, reserved 1048576K
}
Event: 2.305 GC heap after
{Heap after GC invocations=4 (full 0):
 PSYoungGen      total 29696K, used 4076K [0x00000000d5580000, 0x00000000d7680000, 0x0000000100000000)
  eden space 25600K, 0% used [0x00000000d5580000,0x00000000d5580000,0x00000000d6e80000)
  from space 4096K, 99% used [0x00000000d7280000,0x00000000d767b2b8,0x00000000d7680000)
  to   space 4096K, 0% used [0x00000000d6e80000,0x00000000d6e80000,0x00000000d7280000)
 ParOldGen       total 68608K, used 4942K [0x0000000080000000, 0x0000000084300000, 0x00000000d5580000)
  object space 68608K, 7% used [0x0000000080000000,0x00000000804d3b68,0x0000000084300000)
 Metaspace       used 16908K, committed 17664K, reserved 1114112K
  class space    used 1786K, committed 2112K, reserved 1048576K
}

Dll operation events (10 events):
Event: 0.009 Loaded shared library c:\Users\ADMIN\.vscode\extensions\redhat.java-1.46.0-win32-x64\jre\21.0.8-win32-x86_64\bin\java.dll
Event: 0.070 Loaded shared library c:\Users\ADMIN\.vscode\extensions\redhat.java-1.46.0-win32-x64\jre\21.0.8-win32-x86_64\bin\zip.dll
Event: 0.086 Loaded shared library C:\Users\ADMIN\.vscode\extensions\redhat.java-1.46.0-win32-x64\jre\21.0.8-win32-x86_64\bin\instrument.dll
Event: 0.090 Loaded shared library C:\Users\ADMIN\.vscode\extensions\redhat.java-1.46.0-win32-x64\jre\21.0.8-win32-x86_64\bin\net.dll
Event: 0.092 Loaded shared library C:\Users\ADMIN\.vscode\extensions\redhat.java-1.46.0-win32-x64\jre\21.0.8-win32-x86_64\bin\nio.dll
Event: 0.094 Loaded shared library C:\Users\ADMIN\.vscode\extensions\redhat.java-1.46.0-win32-x64\jre\21.0.8-win32-x86_64\bin\zip.dll
Event: 0.107 Loaded shared library C:\Users\ADMIN\.vscode\extensions\redhat.java-1.46.0-win32-x64\jre\21.0.8-win32-x86_64\bin\jimage.dll
Event: 0.164 Loaded shared library c:\Users\ADMIN\.vscode\extensions\redhat.java-1.46.0-win32-x64\jre\21.0.8-win32-x86_64\bin\verify.dll
Event: 1.211 Loaded shared library C:\Users\ADMIN\AppData\Roaming\Code\User\globalStorage\redhat.java\1.46.0\config_ss_win\org.eclipse.equinox.launcher\org.eclipse.equinox.launcher.win32.win32.x86_64_1.2.1400.v20250801-0854\eclipse_11916.dll
Event: 2.106 Loaded shared library C:\Users\ADMIN\AppData\Local\Temp\jna-62130991\jna17569930220902551255.dll

Deoptimization events (20 events):
Event: 2.251 Thread 0x000001b2fe7fe320 Uncommon trap: trap_request=0xffffffde fr.pc=0x000001b287bb8694 relative=0x00000000000003b4
Event: 2.251 Thread 0x000001b2fe7fe320 Uncommon trap: reason=class_check action=maybe_recompile pc=0x000001b287bb8694 method=java.util.regex.Pattern$BmpCharPropertyGreedy.match(Ljava/util/regex/Matcher;ILjava/lang/CharSequence;)Z @ 70 c2
Event: 2.251 Thread 0x000001b2fe7fe320 DEOPT PACKING pc=0x000001b287bb8694 sp=0x0000009cdd9f32d0
Event: 2.251 Thread 0x000001b2fe7fe320 DEOPT UNPACKING pc=0x000001b287583aa2 sp=0x0000009cdd9f3278 mode 2
Event: 2.251 Thread 0x000001b2fe7fe320 Uncommon trap: trap_request=0xffffffde fr.pc=0x000001b287bb8694 relative=0x00000000000003b4
Event: 2.251 Thread 0x000001b2fe7fe320 Uncommon trap: reason=class_check action=maybe_recompile pc=0x000001b287bb8694 method=java.util.regex.Pattern$BmpCharPropertyGreedy.match(Ljava/util/regex/Matcher;ILjava/lang/CharSequence;)Z @ 70 c2
Event: 2.251 Thread 0x000001b2fe7fe320 DEOPT PACKING pc=0x000001b287bb8694 sp=0x0000009cdd9f3120
Event: 2.251 Thread 0x000001b2fe7fe320 DEOPT UNPACKING pc=0x000001b287583aa2 sp=0x0000009cdd9f30c8 mode 2
Event: 2.252 Thread 0x000001b2fe7fe320 Uncommon trap: trap_request=0xffffffde fr.pc=0x000001b287bb8694 relative=0x00000000000003b4
Event: 2.252 Thread 0x000001b2fe7fe320 Uncommon trap: reason=class_check action=maybe_recompile pc=0x000001b287bb8694 method=java.util.regex.Pattern$BmpCharPropertyGreedy.match(Ljava/util/regex/Matcher;ILjava/lang/CharSequence;)Z @ 70 c2
Event: 2.252 Thread 0x000001b2fe7fe320 DEOPT PACKING pc=0x000001b287bb8694 sp=0x0000009cdd9f32e0
Event: 2.252 Thread 0x000001b2fe7fe320 DEOPT UNPACKING pc=0x000001b287583aa2 sp=0x0000009cdd9f3288 mode 2
Event: 2.252 Thread 0x000001b2fe7fe320 Uncommon trap: trap_request=0xffffffde fr.pc=0x000001b287bb8694 relative=0x00000000000003b4
Event: 2.252 Thread 0x000001b2fe7fe320 Uncommon trap: reason=class_check action=maybe_recompile pc=0x000001b287bb8694 method=java.util.regex.Pattern$BmpCharPropertyGreedy.match(Ljava/util/regex/Matcher;ILjava/lang/CharSequence;)Z @ 70 c2
Event: 2.252 Thread 0x000001b2fe7fe320 DEOPT PACKING pc=0x000001b287bb8694 sp=0x0000009cdd9f3130
Event: 2.252 Thread 0x000001b2fe7fe320 DEOPT UNPACKING pc=0x000001b287583aa2 sp=0x0000009cdd9f30d8 mode 2
Event: 2.305 Thread 0x000001b2fedb92b0 Uncommon trap: trap_request=0xffffff45 fr.pc=0x000001b287bd4e6c relative=0x000000000000012c
Event: 2.305 Thread 0x000001b2fedb92b0 Uncommon trap: reason=unstable_if action=reinterpret pc=0x000001b287bd4e6c method=java.lang.ThreadLocal.get(Ljava/lang/Thread;)Ljava/lang/Object; @ 7 c2
Event: 2.306 Thread 0x000001b2fedb92b0 DEOPT PACKING pc=0x000001b287bd4e6c sp=0x0000009cddffdf20
Event: 2.306 Thread 0x000001b2fedb92b0 DEOPT UNPACKING pc=0x000001b287583aa2 sp=0x0000009cddffdeb8 mode 2

Classes loaded (20 events):
Event: 2.248 Loading class java/util/zip/GZIPInputStream
Event: 2.249 Loading class java/util/zip/GZIPInputStream done
Event: 2.283 Loading class java/io/StringReader
Event: 2.283 Loading class java/io/StringReader done
Event: 2.286 Loading class java/net/SocketTimeoutException
Event: 2.286 Loading class java/io/InterruptedIOException
Event: 2.287 Loading class java/io/InterruptedIOException done
Event: 2.287 Loading class java/net/SocketTimeoutException done
Event: 2.287 Loading class java/net/SocketException
Event: 2.287 Loading class java/net/SocketException done
Event: 2.287 Loading class java/net/UnknownHostException
Event: 2.287 Loading class java/net/UnknownHostException done
Event: 2.287 Loading class java/net/ProtocolException
Event: 2.287 Loading class java/net/ProtocolException done
Event: 2.310 Loading class java/lang/ThreadLocal$SuppliedThreadLocal
Event: 2.310 Loading class java/lang/ThreadLocal$SuppliedThreadLocal done
Event: 2.319 Loading class java/lang/NegativeArraySizeException
Event: 2.319 Loading class java/lang/NegativeArraySizeException done
Event: 2.319 Loading class java/io/FileWriter
Event: 2.320 Loading class java/io/FileWriter done

Classes unloaded (0 events):
No events

Classes redefined (0 events):
No events

Internal exceptions (20 events):
Event: 2.137 Thread 0x000001b2fe7fe320 Exception <a 'java/lang/NoSuchMethodError'{0x00000000d648bb30}: 'int java.lang.invoke.Invokers$Holder.invokeExact_MT(java.lang.Object, java.lang.Object, java.lang.Object)'> (0x00000000d648bb30) 
thrown [s\src\hotspot\share\interpreter\linkResolver.cpp, line 773]
Event: 2.152 Thread 0x000001b2fe7fe320 Exception <a 'java/lang/NoSuchMethodError'{0x00000000d659d3c8}: 'void java.lang.invoke.Invokers$Holder.invokeExact_MT(java.lang.Object, java.lang.Object, int, java.lang.Object)'> (0x00000000d659d3c8) 
thrown [s\src\hotspot\share\interpreter\linkResolver.cpp, line 773]
Event: 2.168 Thread 0x000001b2fe7fe320 Exception <a 'java/lang/NoSuchMethodError'{0x00000000d66978e8}: 'java.lang.Object java.lang.invoke.DirectMethodHandle$Holder.invokeSpecial(java.lang.Object, java.lang.Object, java.lang.Object, long, java.lang.Object)'> (0x00000000d66978e8) 
thrown [s\src\hotspot\share\interpreter\linkResolver.cpp, line 773]
Event: 2.169 Thread 0x000001b2fe7fe320 Exception <a 'java/lang/NoSuchMethodError'{0x00000000d669f130}: 'java.lang.Object java.lang.invoke.DirectMethodHandle$Holder.newInvokeSpecial(java.lang.Object, java.lang.Object, java.lang.Object, long)'> (0x00000000d669f130) 
thrown [s\src\hotspot\share\interpreter\linkResolver.cpp, line 773]
Event: 2.169 Thread 0x000001b2fe7fe320 Exception <a 'java/lang/NoSuchMethodError'{0x00000000d66a3520}: 'java.lang.Object java.lang.invoke.DirectMethodHandle$Holder.invokeSpecial(java.lang.Object, java.lang.Object, java.lang.Object, java.lang.Object, long)'> (0x00000000d66a3520) 
thrown [s\src\hotspot\share\interpreter\linkResolver.cpp, line 773]
Event: 2.169 Thread 0x000001b2fe7fe320 Exception <a 'java/lang/NoSuchMethodError'{0x00000000d66a7140}: 'java.lang.Object java.lang.invoke.Invokers$Holder.linkToTargetMethod(java.lang.Object, java.lang.Object, long, java.lang.Object)'> (0x00000000d66a7140) 
thrown [s\src\hotspot\share\interpreter\linkResolver.cpp, line 773]
Event: 2.176 Thread 0x000001b2fe7fe320 Exception <a 'java/lang/NoSuchMethodError'{0x00000000d6718df0}: 'int java.lang.invoke.DirectMethodHandle$Holder.invokeStaticInit(java.lang.Object, java.lang.Object, java.lang.Object)'> (0x00000000d6718df0) 
thrown [s\src\hotspot\share\interpreter\linkResolver.cpp, line 773]
Event: 2.184 Thread 0x000001b2fe7fe320 Exception <a 'java/lang/IncompatibleClassChangeError'{0x00000000d679b020}: Found class java.lang.Object, but interface was expected> (0x00000000d679b020) 
thrown [s\src\hotspot\share\interpreter\linkResolver.cpp, line 840]
Event: 2.187 Thread 0x000001b2fe7fe320 Exception <a 'java/lang/NoSuchMethodError'{0x00000000d67ad590}: 'java.lang.Object java.lang.invoke.DirectMethodHandle$Holder.invokeSpecial(java.lang.Object, java.lang.Object, java.lang.Object, int, java.lang.Object, java.lang.Object)'> (0x00000000d67ad590) 
thrown [s\src\hotspot\share\interpreter\linkResolver.cpp, line 773]
Event: 2.187 Thread 0x000001b2fe7fe320 Exception <a 'java/lang/NoSuchMethodError'{0x00000000d67b52d0}: 'java.lang.Object java.lang.invoke.DirectMethodHandle$Holder.newInvokeSpecial(java.lang.Object, java.lang.Object, java.lang.Object, int, java.lang.Object)'> (0x00000000d67b52d0) 
thrown [s\src\hotspot\share\interpreter\linkResolver.cpp, line 773]
Event: 2.188 Thread 0x000001b2fe7fe320 Exception <a 'java/lang/NoSuchMethodError'{0x00000000d67b9290}: 'java.lang.Object java.lang.invoke.DirectMethodHandle$Holder.invokeSpecial(java.lang.Object, java.lang.Object, java.lang.Object, java.lang.Object, int, java.lang.Object)'> (0x00000000d67b9290) 
thrown [s\src\hotspot\share\interpreter\linkResolver.cpp, line 773]
Event: 2.188 Thread 0x000001b2fe7fe320 Exception <a 'java/lang/NoSuchMethodError'{0x00000000d67bcdd0}: 'java.lang.Object java.lang.invoke.Invokers$Holder.linkToTargetMethod(java.lang.Object, java.lang.Object, int, java.lang.Object, java.lang.Object)'> (0x00000000d67bcdd0) 
thrown [s\src\hotspot\share\interpreter\linkResolver.cpp, line 773]
Event: 2.189 Thread 0x000001b2fe8918e0 Exception <a 'java/lang/NoSuchMethodError'{0x00000000d66e5b80}: 'java.lang.Object java.lang.invoke.DirectMethodHandle$Holder.invokeSpecial(java.lang.Object, java.lang.Object, int, java.lang.Object, java.lang.Object)'> (0x00000000d66e5b80) 
thrown [s\src\hotspot\share\interpreter\linkResolver.cpp, line 773]
Event: 2.189 Thread 0x000001b2fe8918e0 Exception <a 'java/lang/NoSuchMethodError'{0x00000000d66ec8b8}: 'java.lang.Object java.lang.invoke.DirectMethodHandle$Holder.newInvokeSpecial(java.lang.Object, java.lang.Object, int, java.lang.Object)'> (0x00000000d66ec8b8) 
thrown [s\src\hotspot\share\interpreter\linkResolver.cpp, line 773]
Event: 2.189 Thread 0x000001b2fe8918e0 Exception <a 'java/lang/NoSuchMethodError'{0x00000000d66f01d8}: 'java.lang.Object java.lang.invoke.DirectMethodHandle$Holder.invokeSpecial(java.lang.Object, java.lang.Object, java.lang.Object, int, java.lang.Object)'> (0x00000000d66f01d8) 
thrown [s\src\hotspot\share\interpreter\linkResolver.cpp, line 773]
Event: 2.190 Thread 0x000001b2fe8918e0 Implicit null exception at 0x000001b287bd730b to 0x000001b287bd73d0
Event: 2.202 Thread 0x000001b2fe7fe320 Exception <a 'java/lang/NoSuchMethodError'{0x00000000d68dda28}: 'void java.lang.invoke.DirectMethodHandle$Holder.invokeSpecial(java.lang.Object, java.lang.Object, java.lang.Object, java.lang.Object, java.lang.Object)'> (0x00000000d68dda28) 
thrown [s\src\hotspot\share\interpreter\linkResolver.cpp, line 773]
Event: 2.238 Thread 0x000001b2fe7fe320 Exception <a 'java/lang/NoSuchMethodError'{0x00000000d6ae40c0}: 'double java.lang.invoke.DirectMethodHandle$Holder.invokeStatic(java.lang.Object, java.lang.Object)'> (0x00000000d6ae40c0) 
thrown [s\src\hotspot\share\interpreter\linkResolver.cpp, line 773]
Event: 2.238 Thread 0x000001b2fe7fe320 Exception <a 'java/lang/NoSuchMethodError'{0x00000000d6ae7780}: 'double java.lang.invoke.DirectMethodHandle$Holder.invokeStaticInit(java.lang.Object, java.lang.Object)'> (0x00000000d6ae7780) 
thrown [s\src\hotspot\share\interpreter\linkResolver.cpp, line 773]
Event: 2.305 Thread 0x000001b2fedb92b0 Implicit null exception at 0x000001b287bd4d87 to 0x000001b287bd4e54

ZGC Phase Switch (0 events):
No events

VM Operations (20 events):
Event: 1.047 Executing VM operation: HandshakeAllThreads (Deoptimize) done
Event: 1.227 Executing VM operation: ParallelGCFailedAllocation (Allocation Failure)
Event: 1.233 Executing VM operation: ParallelGCFailedAllocation (Allocation Failure) done
Event: 1.380 Executing VM operation: HandshakeAllThreads (Deoptimize)
Event: 1.380 Executing VM operation: HandshakeAllThreads (Deoptimize) done
Event: 1.596 Executing VM operation: HandshakeAllThreads (Deoptimize)
Event: 1.597 Executing VM operation: HandshakeAllThreads (Deoptimize) done
Event: 1.730 Executing VM operation: ParallelGCFailedAllocation (Allocation Failure)
Event: 1.734 Executing VM operation: ParallelGCFailedAllocation (Allocation Failure) done
Event: 1.776 Executing VM operation: HandshakeAllThreads (Deoptimize)
Event: 1.776 Executing VM operation: HandshakeAllThreads (Deoptimize) done
Event: 1.780 Executing VM operation: HandshakeAllThreads (Deoptimize)
Event: 1.780 Executing VM operation: HandshakeAllThreads (Deoptimize) done
Event: 1.790 Executing VM operation: HandshakeAllThreads (Deoptimize)
Event: 1.790 Executing VM operation: HandshakeAllThreads (Deoptimize) done
Event: 2.119 Executing VM operation: HandshakeAllThreads (Deoptimize)
Event: 2.119 Executing VM operation: HandshakeAllThreads (Deoptimize) done
Event: 2.300 Executing VM operation: ParallelGCFailedAllocation (Allocation Failure)
Event: 2.305 Executing VM operation: ParallelGCFailedAllocation (Allocation Failure) done
Event: 3.310 Executing VM operation: Cleanup

Memory protections (0 events):
No events

Nmethod flushes (0 events):
No events

Events (20 events):
Event: 0.060 Thread 0x000001b2efebee00 Thread added: 0x000001b2f9969290
Event: 0.156 Thread 0x000001b2f9889550 Thread added: 0x000001b2f9b3b0a0
Event: 0.234 Thread 0x000001b2efebee00 Thread added: 0x000001b2f9bf8d20
Event: 0.371 Thread 0x000001b2f988aff0 Thread added: 0x000001b2fe4f95f0
Event: 0.983 Thread 0x000001b2efebee00 Thread added: 0x000001b2fe83dc80
Event: 1.193 Thread 0x000001b2efebee00 Thread added: 0x000001b2fe7cc1c0
Event: 1.203 Thread 0x000001b2efebee00 Thread added: 0x000001b2fe7fe320
Event: 1.347 Thread 0x000001b2fe4f95f0 Thread exited: 0x000001b2fe4f95f0
Event: 1.347 Thread 0x000001b2f9b3b0a0 Thread exited: 0x000001b2f9b3b0a0
Event: 1.363 Thread 0x000001b2fe7fe320 Thread added: 0x000001b2fe4f95f0
Event: 1.465 Thread 0x000001b2f988aff0 Thread added: 0x000001b2fe8b2000
Event: 1.465 Thread 0x000001b2f988aff0 Thread added: 0x000001b2fe8d31e0
Event: 1.629 Thread 0x000001b2fe7fe320 Thread added: 0x000001b2fe9ed3c0
Event: 2.115 Thread 0x000001b2fe8d31e0 Thread exited: 0x000001b2fe8d31e0
Event: 2.116 Thread 0x000001b2fe8b2000 Thread exited: 0x000001b2fe8b2000
Event: 2.144 Thread 0x000001b2fe7fe320 Thread added: 0x000001b2fe8d31e0
Event: 2.171 Thread 0x000001b2fe7fe320 Thread added: 0x000001b2fe8918e0
Event: 2.189 Thread 0x000001b2fe7fe320 Thread added: 0x000001b2fedb92b0
Event: 2.252 Thread 0x000001b2f988aff0 Thread added: 0x000001b2fec0abe0
Event: 2.343 Thread 0x000001b2f988aff0 Thread added: 0x000001b2ff76f9e0


Dynamic libraries:
0x00007ff6c8d00000 - 0x00007ff6c8d0e000 	c:\Users\ADMIN\.vscode\extensions\redhat.java-1.46.0-win32-x64\jre\21.0.8-win32-x86_64\bin\java.exe
0x00007ffedee80000 - 0x00007ffedf0e8000 	C:\WINDOWS\SYSTEM32\ntdll.dll
0x00007ffede900000 - 0x00007ffede9c9000 	C:\WINDOWS\System32\KERNEL32.DLL
0x00007ffedc500000 - 0x00007ffedc8f2000 	C:\WINDOWS\System32\KERNELBASE.dll
0x00007ffedc2f0000 - 0x00007ffedc43b000 	C:\WINDOWS\System32\ucrtbase.dll
0x00007ffebd600000 - 0x00007ffebd618000 	c:\Users\ADMIN\.vscode\extensions\redhat.java-1.46.0-win32-x64\jre\21.0.8-win32-x86_64\bin\jli.dll
0x00007ffeccc10000 - 0x00007ffeccc2e000 	c:\Users\ADMIN\.vscode\extensions\redhat.java-1.46.0-win32-x64\jre\21.0.8-win32-x86_64\bin\VCRUNTIME140.dll
0x00007ffedcc50000 - 0x00007ffedce15000 	C:\WINDOWS\System32\USER32.dll
0x00007ffedc010000 - 0x00007ffedc037000 	C:\WINDOWS\System32\win32u.dll
0x00007ffedce20000 - 0x00007ffedce4b000 	C:\WINDOWS\System32\GDI32.dll
0x00007ffebdfc0000 - 0x00007ffebe253000 	C:\WINDOWS\WinSxS\amd64_microsoft.windows.common-controls_6595b64144ccf1df_6.0.26100.6899_none_3e0efeeae32e88c1\COMCTL32.dll
0x00007ffedcb20000 - 0x00007ffedcc4d000 	C:\WINDOWS\System32\gdi32full.dll
0x00007ffedc240000 - 0x00007ffedc2e3000 	C:\WINDOWS\System32\msvcp_win.dll
0x00007ffede410000 - 0x00007ffede4b9000 	C:\WINDOWS\System32\msvcrt.dll
0x00007ffede330000 - 0x00007ffede35f000 	C:\WINDOWS\System32\IMM32.DLL
0x00007ffecca90000 - 0x00007ffecca9c000 	c:\Users\ADMIN\.vscode\extensions\redhat.java-1.46.0-win32-x64\jre\21.0.8-win32-x86_64\bin\vcruntime140_1.dll
0x00007ffe8f940000 - 0x00007ffe8f9cd000 	c:\Users\ADMIN\.vscode\extensions\redhat.java-1.46.0-win32-x64\jre\21.0.8-win32-x86_64\bin\msvcp140.dll
0x00007ffe6f6f0000 - 0x00007ffe70487000 	c:\Users\ADMIN\.vscode\extensions\redhat.java-1.46.0-win32-x64\jre\21.0.8-win32-x86_64\bin\server\jvm.dll
0x00007ffeded00000 - 0x00007ffededb4000 	C:\WINDOWS\System32\ADVAPI32.dll
0x00007ffedeb40000 - 0x00007ffedebe6000 	C:\WINDOWS\System32\sechost.dll
0x00007ffedce50000 - 0x00007ffedcf68000 	C:\WINDOWS\System32\RPCRT4.dll
0x00007ffede390000 - 0x00007ffede404000 	C:\WINDOWS\System32\WS2_32.dll
0x00007ffed4ce0000 - 0x00007ffed4d15000 	C:\WINDOWS\SYSTEM32\WINMM.dll
0x00007ffecccd0000 - 0x00007ffecccdb000 	C:\WINDOWS\SYSTEM32\VERSION.dll
0x00007ffedbe60000 - 0x00007ffedbebe000 	C:\WINDOWS\SYSTEM32\POWRPROF.dll
0x00007ffedbe40000 - 0x00007ffedbe54000 	C:\WINDOWS\SYSTEM32\UMPDC.dll
0x00007ffedade0000 - 0x00007ffedadfb000 	C:\WINDOWS\SYSTEM32\kernel.appcore.dll
0x00007ffecc720000 - 0x00007ffecc72a000 	c:\Users\ADMIN\.vscode\extensions\redhat.java-1.46.0-win32-x64\jre\21.0.8-win32-x86_64\bin\jimage.dll
0x00007ffed9680000 - 0x00007ffed98c2000 	C:\WINDOWS\SYSTEM32\DBGHELP.DLL
0x00007ffede580000 - 0x00007ffede8fb000 	C:\WINDOWS\System32\combase.dll
0x00007ffede150000 - 0x00007ffede227000 	C:\WINDOWS\System32\OLEAUT32.dll
0x00007ffebd5c0000 - 0x00007ffebd5fc000 	C:\WINDOWS\SYSTEM32\dbgcore.DLL
0x00007ffedc900000 - 0x00007ffedc998000 	C:\WINDOWS\System32\bcryptPrimitives.dll
0x00007ffec9f90000 - 0x00007ffec9f9f000 	c:\Users\ADMIN\.vscode\extensions\redhat.java-1.46.0-win32-x64\jre\21.0.8-win32-x86_64\bin\instrument.dll
0x00007ffebb0a0000 - 0x00007ffebb0bf000 	c:\Users\ADMIN\.vscode\extensions\redhat.java-1.46.0-win32-x64\jre\21.0.8-win32-x86_64\bin\java.dll
0x00007ffedcff0000 - 0x00007ffedd73d000 	C:\WINDOWS\System32\SHELL32.dll
0x00007ffedc0d0000 - 0x00007ffedc23b000 	C:\WINDOWS\System32\wintypes.dll
0x00007ffed9c30000 - 0x00007ffeda48d000 	C:\WINDOWS\SYSTEM32\windows.storage.dll
0x00007ffedea40000 - 0x00007ffedeb32000 	C:\WINDOWS\System32\SHCORE.dll
0x00007ffede9d0000 - 0x00007ffedea32000 	C:\WINDOWS\System32\shlwapi.dll
0x00007ffedbf30000 - 0x00007ffedbf59000 	C:\WINDOWS\SYSTEM32\profapi.dll
0x00007ffebb080000 - 0x00007ffebb098000 	c:\Users\ADMIN\.vscode\extensions\redhat.java-1.46.0-win32-x64\jre\21.0.8-win32-x86_64\bin\zip.dll
0x00007ffec9d50000 - 0x00007ffec9d60000 	C:\Users\ADMIN\.vscode\extensions\redhat.java-1.46.0-win32-x64\jre\21.0.8-win32-x86_64\bin\net.dll
0x00007ffecd510000 - 0x00007ffecd62f000 	C:\WINDOWS\SYSTEM32\WINHTTP.dll
0x00007ffedb350000 - 0x00007ffedb3bb000 	C:\WINDOWS\system32\mswsock.dll
0x00007ffeb67a0000 - 0x00007ffeb67b6000 	C:\Users\ADMIN\.vscode\extensions\redhat.java-1.46.0-win32-x64\jre\21.0.8-win32-x86_64\bin\nio.dll
0x00007ffec5320000 - 0x00007ffec5330000 	c:\Users\ADMIN\.vscode\extensions\redhat.java-1.46.0-win32-x64\jre\21.0.8-win32-x86_64\bin\verify.dll
0x00007ffe9be10000 - 0x00007ffe9be54000 	C:\Users\ADMIN\AppData\Roaming\Code\User\globalStorage\redhat.java\1.46.0\config_ss_win\org.eclipse.equinox.launcher\org.eclipse.equinox.launcher.win32.win32.x86_64_1.2.1400.v20250801-0854\eclipse_11916.dll
0x00007ffedd740000 - 0x00007ffedd8d8000 	C:\WINDOWS\System32\ole32.dll
0x00007ffedb600000 - 0x00007ffedb61b000 	C:\WINDOWS\SYSTEM32\CRYPTSP.dll
0x00007ffedad40000 - 0x00007ffedad7b000 	C:\WINDOWS\system32\rsaenh.dll
0x00007ffedb3f0000 - 0x00007ffedb41b000 	C:\WINDOWS\SYSTEM32\USERENV.dll
0x00007ffedbf00000 - 0x00007ffedbf26000 	C:\WINDOWS\SYSTEM32\bcrypt.dll
0x00007ffedb620000 - 0x00007ffedb62c000 	C:\WINDOWS\SYSTEM32\CRYPTBASE.dll
0x00007ffeda810000 - 0x00007ffeda844000 	C:\WINDOWS\SYSTEM32\IPHLPAPI.DLL
0x00007ffede370000 - 0x00007ffede37a000 	C:\WINDOWS\System32\NSI.dll
0x00007ffe8f8f0000 - 0x00007ffe8f939000 	C:\Users\ADMIN\AppData\Local\Temp\jna-62130991\jna17569930220902551255.dll
0x00007ffede320000 - 0x00007ffede328000 	C:\WINDOWS\System32\PSAPI.DLL

JVMTI agents:
c:\Users\ADMIN\.vscode\extensions\redhat.java-1.46.0-win32-x64\lombok\lombok-1.18.39-4050.jar path:c:\Users\ADMIN\.vscode\extensions\redhat.java-1.46.0-win32-x64\jre\21.0.8-win32-x86_64\bin\instrument.dll, loaded, initialized, instrumentlib options:none

dbghelp: loaded successfully - version: 4.0.5 - missing functions: none
symbol engine: initialized successfully - sym options: 0x614 - pdb path: .;c:\Users\ADMIN\.vscode\extensions\redhat.java-1.46.0-win32-x64\jre\21.0.8-win32-x86_64\bin;C:\WINDOWS\SYSTEM32;C:\WINDOWS\WinSxS\amd64_microsoft.windows.common-controls_6595b64144ccf1df_6.0.26100.6899_none_3e0efeeae32e88c1;c:\Users\ADMIN\.vscode\extensions\redhat.java-1.46.0-win32-x64\jre\21.0.8-win32-x86_64\bin\server;C:\Users\ADMIN\AppData\Roaming\Code\User\globalStorage\redhat.java\1.46.0\config_ss_win\org.eclipse.equinox.launcher\org.eclipse.equinox.launcher.win32.win32.x86_64_1.2.1400.v20250801-0854;C:\Users\ADMIN\AppData\Local\Temp\jna-62130991

VM Arguments:
jvm_args: --add-modules=ALL-SYSTEM --add-opens=java.base/java.util=ALL-UNNAMED --add-opens=java.base/java.lang=ALL-UNNAMED --add-opens=java.base/sun.nio.fs=ALL-UNNAMED -Declipse.application=org.eclipse.jdt.ls.core.id1 -Dosgi.bundles.defaultStartLevel=4 -Declipse.product=org.eclipse.jdt.ls.core.product -Djava.import.generatesMetadataFilesAtProjectRoot=false -DDetectVMInstallationsJob.disabled=true -Dfile.encoding=utf8 -XX:+UseParallelGC -XX:GCTimeRatio=4 -XX:AdaptiveSizePolicyWeight=90 -Dsun.zip.disableMemoryMapping=true -Xmx2G -Xms100m -Xlog:disable -javaagent:c:\Users\ADMIN\.vscode\extensions\redhat.java-1.46.0-win32-x64\lombok\lombok-1.18.39-4050.jar 
java_command: c:\Users\ADMIN\.vscode\extensions\redhat.java-1.46.0-win32-x64\server\plugins\org.eclipse.equinox.launcher_1.7.0.v20250519-0528.jar -configuration c:\Users\ADMIN\AppData\Roaming\Code\User\globalStorage\redhat.java\1.46.0\config_ss_win -data c:\Users\ADMIN\AppData\Roaming\Code\User\workspaceStorage\6eddf05a50bfec01eb4727cca2040f7d\redhat.java\ss_ws --pipe=\\.\pipe\lsp-2ede24c471efe685348c0e822f0ffc1c-sock
java_class_path (initial): c:\Users\ADMIN\.vscode\extensions\redhat.java-1.46.0-win32-x64\server\plugins\org.eclipse.equinox.launcher_1.7.0.v20250519-0528.jar
Launcher Type: SUN_STANDARD

[Global flags]
    uintx AdaptiveSizePolicyWeight                 = 90                                        {product} {command line}
     intx CICompilerCount                          = 4                                         {product} {ergonomic}
    uintx GCTimeRatio                              = 4                                         {product} {command line}
   size_t InitialHeapSize                          = 104857600                                 {product} {command line}
   size_t MaxHeapSize                              = 2147483648                                {product} {command line}
   size_t MaxNewSize                               = 715653120                                 {product} {ergonomic}
   size_t MinHeapDeltaBytes                        = 524288                                    {product} {ergonomic}
   size_t MinHeapSize                              = 104857600                                 {product} {command line}
   size_t NewSize                                  = 34603008                                  {product} {ergonomic}
    uintx NonNMethodCodeHeapSize                   = 5839372                                {pd product} {ergonomic}
    uintx NonProfiledCodeHeapSize                  = 122909434                              {pd product} {ergonomic}
   size_t OldSize                                  = 70254592                                  {product} {ergonomic}
    uintx ProfiledCodeHeapSize                     = 122909434                              {pd product} {ergonomic}
    uintx ReservedCodeCacheSize                    = 251658240                              {pd product} {ergonomic}
     bool SegmentedCodeCache                       = true                                      {product} {ergonomic}
   size_t SoftMaxHeapSize                          = 2147483648                             {manageable} {ergonomic}
     bool UseCompressedOops                        = true                           {product lp64_product} {ergonomic}
     bool UseLargePagesIndividualAllocation        = false                                  {pd product} {ergonomic}
     bool UseParallelGC                            = true                                      {product} {command line}

Logging:
Log output configuration:
 #0: stdout all=off uptime,level,tags foldmultilines=false
 #1: stderr all=off uptime,level,tags foldmultilines=false

Environment Variables:
JAVA_HOME=C:\Program Files\Java\jdk-17
PATH=C:\Program Files\Common Files\Oracle\Java\javapath;C:\WINDOWS\system32;C:\WINDOWS;C:\WINDOWS\System32\Wbem;C:\WINDOWS\System32\WindowsPowerShell\v1.0\;C:\WINDOWS\System32\OpenSSH\;C:\Program Files\dotnet\;C:\msys64\mingw64\bin;C:\mingw64\bin;C:\Program Files\nodejs\;C:\Program Files\Git\cmd;C:\apache-maven-3.6.0\bin;C:\Program Files\Java\jdk-17\bin;C:\Program Files (x86)\Microsoft SQL Server\160\Tools\Binn\;C:\Program Files\Microsoft SQL Server\160\Tools\Binn\;C:\Program Files\Microsoft SQL Server\Client SDK\ODBC\170\Tools\Binn\;C:\Program Files\Microsoft SQL Server\160\DTS\Binn\;C:\Program Files (x86)\Microsoft SQL Server\160\DTS\Binn\;C:\Program Files\Azure Data Studio\bin;C:\Users\ADMIN\AppData\Local\Programs\Python\Python311\Scripts\;C:\Users\ADMIN\AppData\Local\Programs\Python\Python311\;C:\Users\ADMIN\AppData\Local\Programs\Python\Python314\Scripts\;C:\Users\ADMIN\AppData\Local\Programs\Python\Python314\;C:\Users\ADMIN\AppData\Local\Programs\Python\Launcher\;C:\Program Files\Java\jdk-17\bin;C:\Users\ADMIN\AppData\Local\Programs\Microsoft VS Code\bin;C:\Users\ADMIN\AppData\Roaming\npm;C:\Program Files\JetBrains\IntelliJ IDEA Community Edition 2025.1.3\bin;;C:\Program Files\JetBrains\IntelliJ IDEA 2025.1.3\bin;;C:\Program Files\Java\jdk-17\bin;C:\Program Files\Azure Data Studio\bin;C:\Program Files\JetBrains\PyCharm Community Edition 2025.2.1.1\bin;
USERNAME=ADMIN
OS=Windows_NT
PROCESSOR_IDENTIFIER=Intel64 Family 6 Model 186 Stepping 3, GenuineIntel
TMP=C:\Users\ADMIN\AppData\Local\Temp
TEMP=C:\Users\ADMIN\AppData\Local\Temp




Periodic native trim disabled

---------------  S Y S T E M  ---------------

OS:
 Windows 11 , 64 bit Build 26100 (10.0.26100.6725)
OS uptime: 3 days 11:48 hours
Hyper-V role detected

CPU: total 12 (initial active 12) (6 cores per cpu, 2 threads per core) family 6 model 186 stepping 3 microcode 0x4128, cx8, cmov, fxsr, ht, mmx, 3dnowpref, sse, sse2, sse3, ssse3, sse4.1, sse4.2, popcnt, lzcnt, tsc, tscinvbit, avx, avx2, aes, erms, clmul, bmi1, bmi2, adx, sha, fma, vzeroupper, clflush, clflushopt, clwb, hv, serialize, rdtscp, rdpid, fsrm, f16c, cet_ibt, cet_ss
Processor Information for processor 0
  Max Mhz: 1700, Current Mhz: 1457, Mhz Limit: 1700
Processor Information for processor 1
  Max Mhz: 1700, Current Mhz: 1700, Mhz Limit: 1700
Processor Information for processor 2
  Max Mhz: 1700, Current Mhz: 1700, Mhz Limit: 1700
Processor Information for processor 3
  Max Mhz: 1700, Current Mhz: 1700, Mhz Limit: 1700
Processor Information for processor 4
  Max Mhz: 1700, Current Mhz: 1558, Mhz Limit: 1700
Processor Information for processor 5
  Max Mhz: 1700, Current Mhz: 1700, Mhz Limit: 1700
Processor Information for processor 6
  Max Mhz: 1700, Current Mhz: 1558, Mhz Limit: 1700
Processor Information for processor 7
  Max Mhz: 1700, Current Mhz: 1558, Mhz Limit: 1700
Processor Information for processor 8
  Max Mhz: 1700, Current Mhz: 1558, Mhz Limit: 1700
Processor Information for processor 9
  Max Mhz: 1700, Current Mhz: 1558, Mhz Limit: 1700
Processor Information for processor 10
  Max Mhz: 1700, Current Mhz: 1558, Mhz Limit: 1700
Processor Information for processor 11
  Max Mhz: 1700, Current Mhz: 1700, Mhz Limit: 1700

Memory: 4k page, system-wide physical 16068M (1689M free)
TotalPageFile size 38736M (AvailPageFile size 50M)
current process WorkingSet (physical memory assigned to process): 132M, peak: 132M
current process commit charge ("private bytes"): 278M, peak: 279M

vm_info: OpenJDK 64-Bit Server VM (21.0.8+9-LTS) for windows-amd64 JRE (21.0.8+9-LTS), built on 2025-07-15T00:00:00Z by "admin" with MS VC++ 17.7 (VS2022)

END.
