#
# There is insufficient memory for the Java Runtime Environment to continue.
# Native memory allocation (malloc) failed to allocate 1246896 bytes. Error detail: Chunk::new
# Possible reasons:
#   The system is out of physical RAM or swap space
#   This process is running with CompressedOops enabled, and the Java Heap may be blocking the growth of the native heap
# Possible solutions:
#   Reduce memory load on the system
#   Increase physical memory or swap space
#   Check if swap backing store is full
#   Decrease Java heap size (-Xmx/-Xms)
#   Decrease number of Java threads
#   Decrease Java thread stack sizes (-Xss)
#   Set larger code cache with -XX:ReservedCodeCacheSize=
#   JVM is running with Unscaled Compressed Oops mode in which the Java heap is
#     placed in the first 4GB address space. The Java Heap base address is the
#     maximum limit for the native heap growth. Please use -XX:HeapBaseMinAddress
#     to set the Java Heap base and to place the Java Heap above 4GB virtual address.
# This output file may be truncated or incomplete.
#
#  Out of Memory Error (arena.cpp:168), pid=15692, tid=11644
#
# JRE version: OpenJDK Runtime Environment Temurin-21.0.8+9 (21.0.8+9) (build 21.0.8+9-LTS)
# Java VM: OpenJDK 64-Bit Server VM Temurin-21.0.8+9 (21.0.8+9-LTS, mixed mode, sharing, tiered, compressed oops, compressed class ptrs, parallel gc, windows-amd64)
# No core dump will be written. Minidumps are not enabled by default on client versions of Windows
#

---------------  S U M M A R Y ------------

Command Line: --add-modules=ALL-SYSTEM --add-opens=java.base/java.util=ALL-UNNAMED --add-opens=java.base/java.lang=ALL-UNNAMED --add-opens=java.base/sun.nio.fs=ALL-UNNAMED -Declipse.application=org.eclipse.jdt.ls.core.id1 -Dosgi.bundles.defaultStartLevel=4 -Declipse.product=org.eclipse.jdt.ls.core.product -Djava.import.generatesMetadataFilesAtProjectRoot=false -DDetectVMInstallationsJob.disabled=true -Dfile.encoding=utf8 -XX:+UseParallelGC -XX:GCTimeRatio=4 -XX:AdaptiveSizePolicyWeight=90 -Dsun.zip.disableMemoryMapping=true -Xmx2G -Xms100m -Xlog:disable -javaagent:c:\Users\ADMIN\.vscode\extensions\redhat.java-1.46.0-win32-x64\lombok\lombok-1.18.39-4050.jar c:\Users\ADMIN\.vscode\extensions\redhat.java-1.46.0-win32-x64\server\plugins\org.eclipse.equinox.launcher_1.7.0.v20250519-0528.jar -configuration c:\Users\ADMIN\AppData\Roaming\Code\User\globalStorage\redhat.java\1.46.0\config_ss_win -data c:\Users\ADMIN\AppData\Roaming\Code\User\workspaceStorage\6eddf05a50bfec01eb4727cca2040f7d\redhat.java\ss_ws --pipe=\\.\pipe\lsp-cc49cdce18fd09b159403613b6365f89-sock

Host: 13th Gen Intel(R) Core(TM) i7-1355U, 12 cores, 15G,  Windows 11 , 64 bit Build 26100 (10.0.26100.6725)
Time: Fri Oct 24 08:12:52 2025 SE Asia Standard Time elapsed time: 11.555507 seconds (0d 0h 0m 11s)

---------------  T H R E A D  ---------------

Current thread (0x0000028df96172b0):  JavaThread "C2 CompilerThread2" daemon [_thread_in_native, id=11644, stack(0x000000b71b900000,0x000000b71ba00000) (1024K)]


Current CompileTask:
C2:11555 3657       4       java.lang.invoke.MethodType::makeImpl (109 bytes)

Stack: [0x000000b71b900000,0x000000b71ba00000]
Native frames: (J=compiled Java code, j=interpreted, Vv=VM code, C=native code)
V  [jvm.dll+0x6d2449]
V  [jvm.dll+0x8ae341]
V  [jvm.dll+0x8b08be]
V  [jvm.dll+0x8b0fa3]
V  [jvm.dll+0x280c96]
V  [jvm.dll+0xc581d]
V  [jvm.dll+0xc5d53]
V  [jvm.dll+0x3b9162]
V  [jvm.dll+0x1e1409]
V  [jvm.dll+0x249022]
V  [jvm.dll+0x2484af]
V  [jvm.dll+0x1c89ee]
V  [jvm.dll+0x257d4d]
V  [jvm.dll+0x2562ea]
V  [jvm.dll+0x3f2d16]
V  [jvm.dll+0x857e6b]
V  [jvm.dll+0x6d0b0d]
C  [ucrtbase.dll+0x37b0]
C  [KERNEL32.DLL+0x2e8d7]
C  [ntdll.dll+0x8c53c]


---------------  P R O C E S S  ---------------

Threads class SMR info:
_java_thread_list=0x0000028dc163bf20, length=40, elements={
0x0000028de15ee500, 0x0000028de1694380, 0x0000028de159e960, 0x0000028de16974a0,
0x0000028de1698350, 0x0000028de169e690, 0x0000028de16a4090, 0x0000028de16ac120,
0x0000028de16ad900, 0x0000028df93e7720, 0x0000028df96aa0a0, 0x0000028dfa59eaa0,
0x0000028dff0adce0, 0x0000028dff69c770, 0x0000028dfa9ec120, 0x0000028dff697660,
0x0000028df9579f70, 0x0000028dfaa60d00, 0x0000028dfaa75cd0, 0x0000028df9615770,
0x0000028df96172b0, 0x0000028dff865e40, 0x0000028dff864a90, 0x0000028dff865120,
0x0000028dff8657b0, 0x0000028dc1e85e10, 0x0000028dc1e89290, 0x0000028dc1e87850,
0x0000028dc1e871c0, 0x0000028dc1e86b30, 0x0000028dc1e87ee0, 0x0000028dc1e88570,
0x0000028dc1e88c00, 0x0000028dc1e89920, 0x0000028dc1e864a0, 0x0000028dc1e89fb0,
0x0000028dc1e8cda0, 0x0000028dc1e8a640, 0x0000028dc1e8acd0, 0x0000028dc1e8c710
}

Java Threads: ( => current thread )
  0x0000028de15ee500 JavaThread "main"                              [_thread_blocked, id=25788, stack(0x000000b719900000,0x000000b719a00000) (1024K)]
  0x0000028de1694380 JavaThread "Reference Handler"          daemon [_thread_blocked, id=20092, stack(0x000000b719d00000,0x000000b719e00000) (1024K)]
  0x0000028de159e960 JavaThread "Finalizer"                  daemon [_thread_blocked, id=16340, stack(0x000000b719e00000,0x000000b719f00000) (1024K)]
  0x0000028de16974a0 JavaThread "Signal Dispatcher"          daemon [_thread_blocked, id=3256, stack(0x000000b719f00000,0x000000b71a000000) (1024K)]
  0x0000028de1698350 JavaThread "Attach Listener"            daemon [_thread_blocked, id=10636, stack(0x000000b71a000000,0x000000b71a100000) (1024K)]
  0x0000028de169e690 JavaThread "Service Thread"             daemon [_thread_blocked, id=25308, stack(0x000000b71a100000,0x000000b71a200000) (1024K)]
  0x0000028de16a4090 JavaThread "Monitor Deflation Thread"   daemon [_thread_blocked, id=21312, stack(0x000000b71a200000,0x000000b71a300000) (1024K)]
  0x0000028de16ac120 JavaThread "C2 CompilerThread0"         daemon [_thread_in_native, id=8948, stack(0x000000b71a300000,0x000000b71a400000) (1024K)]
  0x0000028de16ad900 JavaThread "C1 CompilerThread0"         daemon [_thread_blocked, id=14868, stack(0x000000b71a400000,0x000000b71a500000) (1024K)]
  0x0000028df93e7720 JavaThread "Common-Cleaner"             daemon [_thread_blocked, id=11712, stack(0x000000b71a500000,0x000000b71a600000) (1024K)]
  0x0000028df96aa0a0 JavaThread "Notification Thread"        daemon [_thread_blocked, id=25508, stack(0x000000b71a700000,0x000000b71a800000) (1024K)]
  0x0000028dfa59eaa0 JavaThread "Active Thread: Equinox Container: c90e1451-73a7-40f1-91b2-6e2f016495b4"        [_thread_blocked, id=13500, stack(0x000000b71af00000,0x000000b71b000000) (1024K)]
  0x0000028dff0adce0 JavaThread "Framework Event Dispatcher: Equinox Container: c90e1451-73a7-40f1-91b2-6e2f016495b4" daemon [_thread_blocked, id=16360, stack(0x000000b71b000000,0x000000b71b100000) (1024K)]
  0x0000028dff69c770 JavaThread "Start Level: Equinox Container: c90e1451-73a7-40f1-91b2-6e2f016495b4" daemon [_thread_blocked, id=8984, stack(0x000000b71b100000,0x000000b71b200000) (1024K)]
  0x0000028dfa9ec120 JavaThread "SCR Component Actor"        daemon [_thread_blocked, id=20688, stack(0x000000b71b300000,0x000000b71b400000) (1024K)]
  0x0000028dff697660 JavaThread "Worker-JM"                         [_thread_blocked, id=820, stack(0x000000b71b400000,0x000000b71b500000) (1024K)]
  0x0000028df9579f70 JavaThread "JNA Cleaner"                daemon [_thread_blocked, id=12372, stack(0x000000b71a600000,0x000000b71a700000) (1024K)]
  0x0000028dfaa60d00 JavaThread "Worker-0"                          [_thread_blocked, id=5060, stack(0x000000b71a800000,0x000000b71a900000) (1024K)]
  0x0000028dfaa75cd0 JavaThread "Worker-1"                          [_thread_blocked, id=19284, stack(0x000000b71b700000,0x000000b71b800000) (1024K)]
  0x0000028df9615770 JavaThread "C2 CompilerThread1"         daemon [_thread_in_native, id=20796, stack(0x000000b71b800000,0x000000b71b900000) (1024K)]
=>0x0000028df96172b0 JavaThread "C2 CompilerThread2"         daemon [_thread_in_native, id=11644, stack(0x000000b71b900000,0x000000b71ba00000) (1024K)]
  0x0000028dff865e40 JavaThread "Worker-2"                          [_thread_blocked, id=25268, stack(0x000000b71ba00000,0x000000b71bb00000) (1024K)]
  0x0000028dff864a90 JavaThread "Thread-1"                   daemon [_thread_in_native, id=14532, stack(0x000000b71bd00000,0x000000b71be00000) (1024K)]
  0x0000028dff865120 JavaThread "Thread-2"                   daemon [_thread_in_native, id=19788, stack(0x000000b71be00000,0x000000b71bf00000) (1024K)]
  0x0000028dff8657b0 JavaThread "Thread-3"                   daemon [_thread_in_native, id=8292, stack(0x000000b71bf00000,0x000000b71c000000) (1024K)]
  0x0000028dc1e85e10 JavaThread "Thread-4"                   daemon [_thread_in_native, id=508, stack(0x000000b71c000000,0x000000b71c100000) (1024K)]
  0x0000028dc1e89290 JavaThread "Thread-5"                   daemon [_thread_in_native, id=10668, stack(0x000000b71c100000,0x000000b71c200000) (1024K)]
  0x0000028dc1e87850 JavaThread "Thread-6"                   daemon [_thread_in_native, id=11716, stack(0x000000b71c200000,0x000000b71c300000) (1024K)]
  0x0000028dc1e871c0 JavaThread "Thread-7"                   daemon [_thread_in_native, id=14708, stack(0x000000b71c300000,0x000000b71c400000) (1024K)]
  0x0000028dc1e86b30 JavaThread "Thread-8"                   daemon [_thread_in_native, id=15428, stack(0x000000b71c400000,0x000000b71c500000) (1024K)]
  0x0000028dc1e87ee0 JavaThread "Thread-9"                   daemon [_thread_in_native, id=14472, stack(0x000000b71c500000,0x000000b71c600000) (1024K)]
  0x0000028dc1e88570 JavaThread "Thread-10"                  daemon [_thread_in_native, id=15248, stack(0x000000b71c600000,0x000000b71c700000) (1024K)]
  0x0000028dc1e88c00 JavaThread "Thread-11"                  daemon [_thread_in_native, id=15860, stack(0x000000b71c700000,0x000000b71c800000) (1024K)]
  0x0000028dc1e89920 JavaThread "Thread-12"                  daemon [_thread_in_native, id=21076, stack(0x000000b71c800000,0x000000b71c900000) (1024K)]
  0x0000028dc1e864a0 JavaThread "Thread-13"                  daemon [_thread_in_native, id=11096, stack(0x000000b71c900000,0x000000b71ca00000) (1024K)]
  0x0000028dc1e89fb0 JavaThread "pool-2-thread-1"                   [_thread_blocked, id=26432, stack(0x000000b71ca00000,0x000000b71cb00000) (1024K)]
  0x0000028dc1e8cda0 JavaThread "WorkspaceEventsHandler"            [_thread_blocked, id=19948, stack(0x000000b71cb00000,0x000000b71cc00000) (1024K)]
  0x0000028dc1e8a640 JavaThread "pool-1-thread-1"                   [_thread_blocked, id=14972, stack(0x000000b71cc00000,0x000000b71cd00000) (1024K)]
  0x0000028dc1e8acd0 JavaThread "ForkJoinPool.commonPool-worker-1" daemon [_thread_in_vm, id=23296, stack(0x000000b71cd00000,0x000000b71ce00000) (1024K)]
  0x0000028dc1e8c710 JavaThread "ForkJoinPool.commonPool-worker-2" daemon [_thread_blocked, id=21356, stack(0x000000b71ce00000,0x000000b71cf00000) (1024K)]
Total: 40

Other Threads:
  0x0000028de1584960 VMThread "VM Thread"                           [id=17492, stack(0x000000b719c00000,0x000000b719d00000) (1024K)]
  0x0000028de147ca00 WatcherThread "VM Periodic Task Thread"        [id=25792, stack(0x000000b719b00000,0x000000b719c00000) (1024K)]
  0x0000028de160cc70 WorkerThread "GC Thread#0"                     [id=12580, stack(0x000000b719a00000,0x000000b719b00000) (1024K)]
  0x0000028dfa3ba270 WorkerThread "GC Thread#1"                     [id=6660, stack(0x000000b71a900000,0x000000b71aa00000) (1024K)]
  0x0000028dfa5aaa00 WorkerThread "GC Thread#2"                     [id=3976, stack(0x000000b71aa00000,0x000000b71ab00000) (1024K)]
  0x0000028dfa641840 WorkerThread "GC Thread#3"                     [id=24912, stack(0x000000b71ab00000,0x000000b71ac00000) (1024K)]
  0x0000028dfa601090 WorkerThread "GC Thread#4"                     [id=19680, stack(0x000000b71ac00000,0x000000b71ad00000) (1024K)]
  0x0000028dfa601840 WorkerThread "GC Thread#5"                     [id=26472, stack(0x000000b71ad00000,0x000000b71ae00000) (1024K)]
  0x0000028dfa601ff0 WorkerThread "GC Thread#6"                     [id=19360, stack(0x000000b71ae00000,0x000000b71af00000) (1024K)]
  0x0000028dff4f8360 WorkerThread "GC Thread#7"                     [id=9592, stack(0x000000b71b200000,0x000000b71b300000) (1024K)]
  0x0000028dff652760 WorkerThread "GC Thread#8"                     [id=24036, stack(0x000000b71b500000,0x000000b71b600000) (1024K)]
  0x0000028dff652020 WorkerThread "GC Thread#9"                     [id=18592, stack(0x000000b71b600000,0x000000b71b700000) (1024K)]
Total: 12

Threads with active compile tasks:
C2 CompilerThread0  11613 3992       4       jdk.internal.jimage.ImageLocation::getFullName (109 bytes)
C2 CompilerThread1  11613 4032       4       jdk.internal.jrtfs.JrtFileSystem::checkNode (40 bytes)
C2 CompilerThread2  11613 3657       4       java.lang.invoke.MethodType::makeImpl (109 bytes)
Total: 3

VM state: not at safepoint (normal execution)

VM Mutex/Monitor currently owned by a thread: None

Heap address: 0x0000000080000000, size: 2048 MB, Compressed Oops mode: 32-bit

CDS archive(s) mapped at: [0x0000028d80000000-0x0000028d80ba0000-0x0000028d80ba0000), size 12189696, SharedBaseAddress: 0x0000028d80000000, ArchiveRelocationMode: 1.
Compressed class space mapped at: 0x0000028d81000000-0x0000028dc1000000, reserved size: 1073741824
Narrow klass base: 0x0000028d80000000, Narrow klass shift: 0, Narrow klass range: 0x100000000

GC Precious Log:
 CardTable entry size: 512
 CPUs: 12 total, 12 available
 Memory: 16068M
 Large Page Support: Disabled
 NUMA Support: Disabled
 Compressed Oops: Enabled (32-bit)
 Alignments: Space 512K, Generation 512K, Heap 2M
 Heap Min Capacity: 100M
 Heap Initial Capacity: 100M
 Heap Max Capacity: 2G
 Pre-touch: Disabled
 Parallel Workers: 10

Heap:
 PSYoungGen      total 25600K, used 3876K [0x00000000d5580000, 0x00000000d7180000, 0x0000000100000000)
  eden space 22528K, 4% used [0x00000000d5580000,0x00000000d567cdb0,0x00000000d6b80000)
  from space 3072K, 93% used [0x00000000d6d80000,0x00000000d704c460,0x00000000d7080000)
  to   space 1024K, 0% used [0x00000000d7080000,0x00000000d7080000,0x00000000d7180000)
 ParOldGen       total 68608K, used 16587K [0x0000000080000000, 0x0000000084300000, 0x00000000d5580000)
  object space 68608K, 24% used [0x0000000080000000,0x0000000081032d28,0x0000000084300000)
 Metaspace       used 32113K, committed 33088K, reserved 1114112K
  class space    used 3291K, committed 3776K, reserved 1048576K

Card table byte_map: [0x0000028de0f90000,0x0000028de13a0000] _byte_map_base: 0x0000028de0b90000

Marking Bits: (ParMarkBitMap*) 0x00007ffe4952a340
 Begin Bits: [0x0000028df3a90000, 0x0000028df5a90000)
 End Bits:   [0x0000028df5a90000, 0x0000028df7a90000)

Polling page: 0x0000028de0be0000

Metaspace:

Usage:
  Non-class:     28.15 MB used.
      Class:      3.21 MB used.
       Both:     31.36 MB used.

Virtual space:
  Non-class space:       64.00 MB reserved,      28.62 MB ( 45%) committed,  1 nodes.
      Class space:        1.00 GB reserved,       3.69 MB ( <1%) committed,  1 nodes.
             Both:        1.06 GB reserved,      32.31 MB (  3%) committed. 

Chunk freelists:
   Non-Class:  2.44 MB
       Class:  12.30 MB
        Both:  14.73 MB

MaxMetaspaceSize: unlimited
CompressedClassSpaceSize: 1.00 GB
Initial GC threshold: 21.00 MB
Current GC threshold: 35.00 MB
CDS: on
 - commit_granule_bytes: 65536.
 - commit_granule_words: 8192.
 - virtual_space_node_default_size: 8388608.
 - enlarge_chunks_in_place: 1.
 - use_allocation_guard: 0.


Internal statistics:

num_allocs_failed_limit: 3.
num_arena_births: 758.
num_arena_deaths: 14.
num_vsnodes_births: 2.
num_vsnodes_deaths: 0.
num_space_committed: 517.
num_space_uncommitted: 0.
num_chunks_returned_to_freelist: 17.
num_chunks_taken_from_freelist: 2072.
num_chunk_merges: 8.
num_chunk_splits: 1307.
num_chunks_enlarged: 795.
num_inconsistent_stats: 0.

CodeHeap 'non-profiled nmethods': size=120000Kb used=1911Kb max_used=1911Kb free=118088Kb
 bounds [0x0000028dec2b0000, 0x0000028dec520000, 0x0000028df37e0000]
CodeHeap 'profiled nmethods': size=120000Kb used=7847Kb max_used=7847Kb free=112152Kb
 bounds [0x0000028de47e0000, 0x0000028de4f90000, 0x0000028debd10000]
CodeHeap 'non-nmethods': size=5760Kb used=1356Kb max_used=1395Kb free=4403Kb
 bounds [0x0000028debd10000, 0x0000028debf80000, 0x0000028dec2b0000]
CodeCache: size=245760Kb, used=11114Kb, max_used=11153Kb, free=234643Kb
 total_blobs=4733, nmethods=4083, adapters=556, full_count=0
Compilation: enabled, stopped_count=0, restarted_count=0

Compilation events (20 events):
Event: 7.477 Thread 0x0000028df9615770 nmethod 4030 0x0000028dec488010 code [0x0000028dec4882a0, 0x0000028dec489378]
Event: 7.492 Thread 0x0000028df9615770 4048       4       java.util.ArrayList::equalsRange (85 bytes)
Event: 7.494 Thread 0x0000028de16ad900 4082       3       org.eclipse.jdt.internal.core.JavaModelManager::getJavaModelManager (4 bytes)
Event: 7.495 Thread 0x0000028de16ad900 nmethod 4082 0x0000028de4f82490 code [0x0000028de4f82620, 0x0000028de4f82718]
Event: 7.507 Thread 0x0000028de16ad900 4083       3       java.lang.invoke.DelegatingMethodHandle::<init> (10 bytes)
Event: 7.508 Thread 0x0000028de16ad900 nmethod 4083 0x0000028de4f82790 code [0x0000028de4f82960, 0x0000028de4f82d20]
Event: 7.509 Thread 0x0000028de16ad900 4084       3       java.lang.invoke.LambdaFormEditor$TransformKey::ival (25 bytes)
Event: 7.509 Thread 0x0000028de16ad900 nmethod 4084 0x0000028de4f82e90 code [0x0000028de4f83020, 0x0000028de4f83120]
Event: 7.513 Thread 0x0000028de16ad900 4085       3       jdk.internal.org.objectweb.asm.MethodVisitor::visitTypeInsn (17 bytes)
Event: 7.514 Thread 0x0000028de16ad900 nmethod 4085 0x0000028de4f83190 code [0x0000028de4f83340, 0x0000028de4f83548]
Event: 7.515 Thread 0x0000028de16ad900 4086       2       sun.invoke.util.VerifyType::isNullConversion (157 bytes)
Event: 7.517 Thread 0x0000028de16ad900 nmethod 4086 0x0000028de4f83610 code [0x0000028de4f83840, 0x0000028de4f83ec0]
Event: 7.520 Thread 0x0000028de16ad900 4087       3       org.eclipse.core.runtime.Path::computeLength (100 bytes)
Event: 7.521 Thread 0x0000028de16ad900 nmethod 4087 0x0000028de4f84190 code [0x0000028de4f84380, 0x0000028de4f84890]
Event: 7.521 Thread 0x0000028df9615770 nmethod 4048 0x0000028dec48a010 code [0x0000028dec48a220, 0x0000028dec48a968]
Event: 7.521 Thread 0x0000028df9615770 4038       4       java.util.ImmutableCollections$ListN::get (7 bytes)
Event: 7.522 Thread 0x0000028df9615770 nmethod 4038 0x0000028dec48af90 code [0x0000028dec48b120, 0x0000028dec48b1f0]
Event: 7.522 Thread 0x0000028df9615770 3979       4       java.util.ArrayList$SubList$1::<init> (39 bytes)
Event: 7.523 Thread 0x0000028df9615770 nmethod 3979 0x0000028dec48b290 code [0x0000028dec48b420, 0x0000028dec48b4f0]
Event: 7.523 Thread 0x0000028df9615770 4027       4       jdk.internal.jrtfs.JrtPath::getResolvedPath (39 bytes)

GC Heap History (20 events):
Event: 1.629 GC heap before
{Heap before GC invocations=2 (full 0):
 PSYoungGen      total 29696K, used 28903K [0x00000000d5580000, 0x00000000d7680000, 0x0000000100000000)
  eden space 25600K, 100% used [0x00000000d5580000,0x00000000d6e80000,0x00000000d6e80000)
  from space 4096K, 80% used [0x00000000d6e80000,0x00000000d71b9e18,0x00000000d7280000)
  to   space 4096K, 0% used [0x00000000d7280000,0x00000000d7280000,0x00000000d7680000)
 ParOldGen       total 68608K, used 16K [0x0000000080000000, 0x0000000084300000, 0x00000000d5580000)
  object space 68608K, 0% used [0x0000000080000000,0x0000000080004000,0x0000000084300000)
 Metaspace       used 8140K, committed 8448K, reserved 1114112K
  class space    used 873K, committed 1024K, reserved 1048576K
}
Event: 1.633 GC heap after
{Heap after GC invocations=2 (full 0):
 PSYoungGen      total 29696K, used 4085K [0x00000000d5580000, 0x00000000d7680000, 0x0000000100000000)
  eden space 25600K, 0% used [0x00000000d5580000,0x00000000d5580000,0x00000000d6e80000)
  from space 4096K, 99% used [0x00000000d7280000,0x00000000d767d790,0x00000000d7680000)
  to   space 4096K, 0% used [0x00000000d6e80000,0x00000000d6e80000,0x00000000d7280000)
 ParOldGen       total 68608K, used 929K [0x0000000080000000, 0x0000000084300000, 0x00000000d5580000)
  object space 68608K, 1% used [0x0000000080000000,0x00000000800e8698,0x0000000084300000)
 Metaspace       used 8140K, committed 8448K, reserved 1114112K
  class space    used 873K, committed 1024K, reserved 1048576K
}
Event: 3.117 GC heap before
{Heap before GC invocations=3 (full 0):
 PSYoungGen      total 29696K, used 29685K [0x00000000d5580000, 0x00000000d7680000, 0x0000000100000000)
  eden space 25600K, 100% used [0x00000000d5580000,0x00000000d6e80000,0x00000000d6e80000)
  from space 4096K, 99% used [0x00000000d7280000,0x00000000d767d790,0x00000000d7680000)
  to   space 4096K, 0% used [0x00000000d6e80000,0x00000000d6e80000,0x00000000d7280000)
 ParOldGen       total 68608K, used 929K [0x0000000080000000, 0x0000000084300000, 0x00000000d5580000)
  object space 68608K, 1% used [0x0000000080000000,0x00000000800e8698,0x0000000084300000)
 Metaspace       used 12930K, committed 13440K, reserved 1114112K
  class space    used 1380K, committed 1600K, reserved 1048576K
}
Event: 3.125 GC heap after
{Heap after GC invocations=3 (full 0):
 PSYoungGen      total 29696K, used 4070K [0x00000000d5580000, 0x00000000d7680000, 0x0000000100000000)
  eden space 25600K, 0% used [0x00000000d5580000,0x00000000d5580000,0x00000000d6e80000)
  from space 4096K, 99% used [0x00000000d6e80000,0x00000000d7279878,0x00000000d7280000)
  to   space 4096K, 0% used [0x00000000d7280000,0x00000000d7280000,0x00000000d7680000)
 ParOldGen       total 68608K, used 2692K [0x0000000080000000, 0x0000000084300000, 0x00000000d5580000)
  object space 68608K, 3% used [0x0000000080000000,0x00000000802a1390,0x0000000084300000)
 Metaspace       used 12930K, committed 13440K, reserved 1114112K
  class space    used 1380K, committed 1600K, reserved 1048576K
}
Event: 3.777 GC heap before
{Heap before GC invocations=4 (full 0):
 PSYoungGen      total 29696K, used 29670K [0x00000000d5580000, 0x00000000d7680000, 0x0000000100000000)
  eden space 25600K, 100% used [0x00000000d5580000,0x00000000d6e80000,0x00000000d6e80000)
  from space 4096K, 99% used [0x00000000d6e80000,0x00000000d7279878,0x00000000d7280000)
  to   space 4096K, 0% used [0x00000000d7280000,0x00000000d7280000,0x00000000d7680000)
 ParOldGen       total 68608K, used 2692K [0x0000000080000000, 0x0000000084300000, 0x00000000d5580000)
  object space 68608K, 3% used [0x0000000080000000,0x00000000802a1390,0x0000000084300000)
 Metaspace       used 16908K, committed 17472K, reserved 1114112K
  class space    used 1783K, committed 2048K, reserved 1048576K
}
Event: 3.781 GC heap after
{Heap after GC invocations=4 (full 0):
 PSYoungGen      total 29696K, used 4081K [0x00000000d5580000, 0x00000000d7680000, 0x0000000100000000)
  eden space 25600K, 0% used [0x00000000d5580000,0x00000000d5580000,0x00000000d6e80000)
  from space 4096K, 99% used [0x00000000d7280000,0x00000000d767c4b0,0x00000000d7680000)
  to   space 4096K, 0% used [0x00000000d6e80000,0x00000000d6e80000,0x00000000d7280000)
 ParOldGen       total 68608K, used 4950K [0x0000000080000000, 0x0000000084300000, 0x00000000d5580000)
  object space 68608K, 7% used [0x0000000080000000,0x00000000804d59c0,0x0000000084300000)
 Metaspace       used 16908K, committed 17472K, reserved 1114112K
  class space    used 1783K, committed 2048K, reserved 1048576K
}
Event: 4.029 GC heap before
{Heap before GC invocations=5 (full 0):
 PSYoungGen      total 29696K, used 29681K [0x00000000d5580000, 0x00000000d7680000, 0x0000000100000000)
  eden space 25600K, 100% used [0x00000000d5580000,0x00000000d6e80000,0x00000000d6e80000)
  from space 4096K, 99% used [0x00000000d7280000,0x00000000d767c4b0,0x00000000d7680000)
  to   space 4096K, 0% used [0x00000000d6e80000,0x00000000d6e80000,0x00000000d7280000)
 ParOldGen       total 68608K, used 4950K [0x0000000080000000, 0x0000000084300000, 0x00000000d5580000)
  object space 68608K, 7% used [0x0000000080000000,0x00000000804d59c0,0x0000000084300000)
 Metaspace       used 20150K, committed 20800K, reserved 1114112K
  class space    used 2007K, committed 2304K, reserved 1048576K
}
Event: 4.033 GC heap after
{Heap after GC invocations=5 (full 0):
 PSYoungGen      total 29184K, used 4066K [0x00000000d5580000, 0x00000000d7800000, 0x0000000100000000)
  eden space 25088K, 0% used [0x00000000d5580000,0x00000000d5580000,0x00000000d6e00000)
  from space 4096K, 99% used [0x00000000d6e80000,0x00000000d7278b50,0x00000000d7280000)
  to   space 5120K, 0% used [0x00000000d7300000,0x00000000d7300000,0x00000000d7800000)
 ParOldGen       total 68608K, used 5236K [0x0000000080000000, 0x0000000084300000, 0x00000000d5580000)
  object space 68608K, 7% used [0x0000000080000000,0x000000008051d0d0,0x0000000084300000)
 Metaspace       used 20150K, committed 20800K, reserved 1114112K
  class space    used 2007K, committed 2304K, reserved 1048576K
}
Event: 4.064 GC heap before
{Heap before GC invocations=6 (full 0):
 PSYoungGen      total 29184K, used 10608K [0x00000000d5580000, 0x00000000d7800000, 0x0000000100000000)
  eden space 25088K, 26% used [0x00000000d5580000,0x00000000d5be3550,0x00000000d6e00000)
  from space 4096K, 99% used [0x00000000d6e80000,0x00000000d7278b50,0x00000000d7280000)
  to   space 5120K, 0% used [0x00000000d7300000,0x00000000d7300000,0x00000000d7800000)
 ParOldGen       total 68608K, used 5236K [0x0000000080000000, 0x0000000084300000, 0x00000000d5580000)
  object space 68608K, 7% used [0x0000000080000000,0x000000008051d0d0,0x0000000084300000)
 Metaspace       used 20879K, committed 21504K, reserved 1114112K
  class space    used 2064K, committed 2368K, reserved 1048576K
}
Event: 4.069 GC heap after
{Heap after GC invocations=6 (full 0):
 PSYoungGen      total 29696K, used 4265K [0x00000000d5580000, 0x00000000d7780000, 0x0000000100000000)
  eden space 25088K, 0% used [0x00000000d5580000,0x00000000d5580000,0x00000000d6e00000)
  from space 4608K, 92% used [0x00000000d7300000,0x00000000d772a590,0x00000000d7780000)
  to   space 4608K, 0% used [0x00000000d6e80000,0x00000000d6e80000,0x00000000d7300000)
 ParOldGen       total 68608K, used 5244K [0x0000000080000000, 0x0000000084300000, 0x00000000d5580000)
  object space 68608K, 7% used [0x0000000080000000,0x000000008051f0d0,0x0000000084300000)
 Metaspace       used 20879K, committed 21504K, reserved 1114112K
  class space    used 2064K, committed 2368K, reserved 1048576K
}
Event: 4.069 GC heap before
{Heap before GC invocations=7 (full 1):
 PSYoungGen      total 29696K, used 4265K [0x00000000d5580000, 0x00000000d7780000, 0x0000000100000000)
  eden space 25088K, 0% used [0x00000000d5580000,0x00000000d5580000,0x00000000d6e00000)
  from space 4608K, 92% used [0x00000000d7300000,0x00000000d772a590,0x00000000d7780000)
  to   space 4608K, 0% used [0x00000000d6e80000,0x00000000d6e80000,0x00000000d7300000)
 ParOldGen       total 68608K, used 5244K [0x0000000080000000, 0x0000000084300000, 0x00000000d5580000)
  object space 68608K, 7% used [0x0000000080000000,0x000000008051f0d0,0x0000000084300000)
 Metaspace       used 20879K, committed 21504K, reserved 1114112K
  class space    used 2064K, committed 2368K, reserved 1048576K
}
Event: 4.093 GC heap after
{Heap after GC invocations=7 (full 1):
 PSYoungGen      total 29696K, used 0K [0x00000000d5580000, 0x00000000d7780000, 0x0000000100000000)
  eden space 25088K, 0% used [0x00000000d5580000,0x00000000d5580000,0x00000000d6e00000)
  from space 4608K, 0% used [0x00000000d7300000,0x00000000d7300000,0x00000000d7780000)
  to   space 4608K, 0% used [0x00000000d6e80000,0x00000000d6e80000,0x00000000d7300000)
 ParOldGen       total 68608K, used 9003K [0x0000000080000000, 0x0000000084300000, 0x00000000d5580000)
  object space 68608K, 13% used [0x0000000080000000,0x00000000808cae60,0x0000000084300000)
 Metaspace       used 20866K, committed 21504K, reserved 1114112K
  class space    used 2061K, committed 2368K, reserved 1048576K
}
Event: 4.311 GC heap before
{Heap before GC invocations=8 (full 1):
 PSYoungGen      total 29696K, used 25088K [0x00000000d5580000, 0x00000000d7780000, 0x0000000100000000)
  eden space 25088K, 100% used [0x00000000d5580000,0x00000000d6e00000,0x00000000d6e00000)
  from space 4608K, 0% used [0x00000000d7300000,0x00000000d7300000,0x00000000d7780000)
  to   space 4608K, 0% used [0x00000000d6e80000,0x00000000d6e80000,0x00000000d7300000)
 ParOldGen       total 68608K, used 9003K [0x0000000080000000, 0x0000000084300000, 0x00000000d5580000)
  object space 68608K, 13% used [0x0000000080000000,0x00000000808cae60,0x0000000084300000)
 Metaspace       used 22956K, committed 23616K, reserved 1114112K
  class space    used 2227K, committed 2496K, reserved 1048576K
}
Event: 4.313 GC heap after
{Heap after GC invocations=8 (full 1):
 PSYoungGen      total 27648K, used 2875K [0x00000000d5580000, 0x00000000d7480000, 0x0000000100000000)
  eden space 24576K, 0% used [0x00000000d5580000,0x00000000d5580000,0x00000000d6d80000)
  from space 3072K, 93% used [0x00000000d6e80000,0x00000000d714eeb0,0x00000000d7180000)
  to   space 3072K, 0% used [0x00000000d7180000,0x00000000d7180000,0x00000000d7480000)
 ParOldGen       total 68608K, used 9011K [0x0000000080000000, 0x0000000084300000, 0x00000000d5580000)
  object space 68608K, 13% used [0x0000000080000000,0x00000000808cce60,0x0000000084300000)
 Metaspace       used 22956K, committed 23616K, reserved 1114112K
  class space    used 2227K, committed 2496K, reserved 1048576K
}
Event: 4.781 GC heap before
{Heap before GC invocations=9 (full 1):
 PSYoungGen      total 27648K, used 27451K [0x00000000d5580000, 0x00000000d7480000, 0x0000000100000000)
  eden space 24576K, 100% used [0x00000000d5580000,0x00000000d6d80000,0x00000000d6d80000)
  from space 3072K, 93% used [0x00000000d6e80000,0x00000000d714eeb0,0x00000000d7180000)
  to   space 3072K, 0% used [0x00000000d7180000,0x00000000d7180000,0x00000000d7480000)
 ParOldGen       total 68608K, used 9011K [0x0000000080000000, 0x0000000084300000, 0x00000000d5580000)
  object space 68608K, 13% used [0x0000000080000000,0x00000000808cce60,0x0000000084300000)
 Metaspace       used 26535K, committed 27392K, reserved 1114112K
  class space    used 2622K, committed 3008K, reserved 1048576K
}
Event: 4.783 GC heap after
{Heap after GC invocations=9 (full 1):
 PSYoungGen      total 27136K, used 3037K [0x00000000d5580000, 0x00000000d7480000, 0x0000000100000000)
  eden space 24064K, 0% used [0x00000000d5580000,0x00000000d5580000,0x00000000d6d00000)
  from space 3072K, 98% used [0x00000000d7180000,0x00000000d74775e0,0x00000000d7480000)
  to   space 3584K, 0% used [0x00000000d6d80000,0x00000000d6d80000,0x00000000d7100000)
 ParOldGen       total 68608K, used 10582K [0x0000000080000000, 0x0000000084300000, 0x00000000d5580000)
  object space 68608K, 15% used [0x0000000080000000,0x0000000080a55880,0x0000000084300000)
 Metaspace       used 26535K, committed 27392K, reserved 1114112K
  class space    used 2622K, committed 3008K, reserved 1048576K
}
Event: 5.042 GC heap before
{Heap before GC invocations=10 (full 1):
 PSYoungGen      total 27136K, used 27101K [0x00000000d5580000, 0x00000000d7480000, 0x0000000100000000)
  eden space 24064K, 100% used [0x00000000d5580000,0x00000000d6d00000,0x00000000d6d00000)
  from space 3072K, 98% used [0x00000000d7180000,0x00000000d74775e0,0x00000000d7480000)
  to   space 3584K, 0% used [0x00000000d6d80000,0x00000000d6d80000,0x00000000d7100000)
 ParOldGen       total 68608K, used 10582K [0x0000000080000000, 0x0000000084300000, 0x00000000d5580000)
  object space 68608K, 15% used [0x0000000080000000,0x0000000080a55880,0x0000000084300000)
 Metaspace       used 29544K, committed 30400K, reserved 1114112K
  class space    used 2978K, committed 3328K, reserved 1048576K
}
Event: 5.045 GC heap after
{Heap after GC invocations=10 (full 1):
 PSYoungGen      total 27136K, used 3577K [0x00000000d5580000, 0x00000000d7580000, 0x0000000100000000)
  eden space 23552K, 0% used [0x00000000d5580000,0x00000000d5580000,0x00000000d6c80000)
  from space 3584K, 99% used [0x00000000d6d80000,0x00000000d70fe560,0x00000000d7100000)
  to   space 4608K, 0% used [0x00000000d7100000,0x00000000d7100000,0x00000000d7580000)
 ParOldGen       total 68608K, used 11124K [0x0000000080000000, 0x0000000084300000, 0x00000000d5580000)
  object space 68608K, 16% used [0x0000000080000000,0x0000000080add0e0,0x0000000084300000)
 Metaspace       used 29544K, committed 30400K, reserved 1114112K
  class space    used 2978K, committed 3328K, reserved 1048576K
}
Event: 6.389 GC heap before
{Heap before GC invocations=11 (full 1):
 PSYoungGen      total 27136K, used 27129K [0x00000000d5580000, 0x00000000d7580000, 0x0000000100000000)
  eden space 23552K, 100% used [0x00000000d5580000,0x00000000d6c80000,0x00000000d6c80000)
  from space 3584K, 99% used [0x00000000d6d80000,0x00000000d70fe560,0x00000000d7100000)
  to   space 4608K, 0% used [0x00000000d7100000,0x00000000d7100000,0x00000000d7580000)
 ParOldGen       total 68608K, used 11124K [0x0000000080000000, 0x0000000084300000, 0x00000000d5580000)
  object space 68608K, 16% used [0x0000000080000000,0x0000000080add0e0,0x0000000084300000)
 Metaspace       used 31671K, committed 32704K, reserved 1114112K
  class space    used 3218K, committed 3712K, reserved 1048576K
}
Event: 6.393 GC heap after
{Heap after GC invocations=11 (full 1):
 PSYoungGen      total 26624K, used 3262K [0x00000000d5580000, 0x00000000d7480000, 0x0000000100000000)
  eden space 23040K, 0% used [0x00000000d5580000,0x00000000d5580000,0x00000000d6c00000)
  from space 3584K, 91% used [0x00000000d7100000,0x00000000d742fb28,0x00000000d7480000)
  to   space 3584K, 0% used [0x00000000d6d80000,0x00000000d6d80000,0x00000000d7100000)
 ParOldGen       total 68608K, used 13473K [0x0000000080000000, 0x0000000084300000, 0x00000000d5580000)
  object space 68608K, 19% used [0x0000000080000000,0x0000000080d28678,0x0000000084300000)
 Metaspace       used 31671K, committed 32704K, reserved 1114112K
  class space    used 3218K, committed 3712K, reserved 1048576K
}

Dll operation events (10 events):
Event: 0.016 Loaded shared library c:\Users\ADMIN\.vscode\extensions\redhat.java-1.46.0-win32-x64\jre\21.0.8-win32-x86_64\bin\java.dll
Event: 0.127 Loaded shared library c:\Users\ADMIN\.vscode\extensions\redhat.java-1.46.0-win32-x64\jre\21.0.8-win32-x86_64\bin\zip.dll
Event: 0.146 Loaded shared library C:\Users\ADMIN\.vscode\extensions\redhat.java-1.46.0-win32-x64\jre\21.0.8-win32-x86_64\bin\instrument.dll
Event: 0.151 Loaded shared library C:\Users\ADMIN\.vscode\extensions\redhat.java-1.46.0-win32-x64\jre\21.0.8-win32-x86_64\bin\net.dll
Event: 0.153 Loaded shared library C:\Users\ADMIN\.vscode\extensions\redhat.java-1.46.0-win32-x64\jre\21.0.8-win32-x86_64\bin\nio.dll
Event: 0.156 Loaded shared library C:\Users\ADMIN\.vscode\extensions\redhat.java-1.46.0-win32-x64\jre\21.0.8-win32-x86_64\bin\zip.dll
Event: 0.174 Loaded shared library C:\Users\ADMIN\.vscode\extensions\redhat.java-1.46.0-win32-x64\jre\21.0.8-win32-x86_64\bin\jimage.dll
Event: 0.257 Loaded shared library c:\Users\ADMIN\.vscode\extensions\redhat.java-1.46.0-win32-x64\jre\21.0.8-win32-x86_64\bin\verify.dll
Event: 1.609 Loaded shared library C:\Users\ADMIN\AppData\Roaming\Code\User\globalStorage\redhat.java\1.46.0\config_ss_win\org.eclipse.equinox.launcher\org.eclipse.equinox.launcher.win32.win32.x86_64_1.2.1400.v20250801-0854\eclipse_11916.dll
Event: 3.583 Loaded shared library C:\Users\ADMIN\AppData\Local\Temp\jna-62130991\jna2875355882870307348.dll

Deoptimization events (20 events):
Event: 7.494 Thread 0x0000028dc1e8a640 Uncommon trap: trap_request=0xffffff45 fr.pc=0x0000028dec450b60 relative=0x00000000000001a0
Event: 7.494 Thread 0x0000028dc1e8a640 Uncommon trap: reason=unstable_if action=reinterpret pc=0x0000028dec450b60 method=java.util.concurrent.locks.ReentrantReadWriteLock$Sync.tryAcquireShared(I)I @ 55 c2
Event: 7.494 Thread 0x0000028dc1e8a640 DEOPT PACKING pc=0x0000028dec450b60 sp=0x000000b71ccfc4f0
Event: 7.494 Thread 0x0000028dc1e8a640 DEOPT UNPACKING pc=0x0000028debd63aa2 sp=0x000000b71ccfc470 mode 2
Event: 7.495 Thread 0x0000028dc1e8acd0 Uncommon trap: trap_request=0xffffffec fr.pc=0x0000028dec450ba4 relative=0x00000000000001e4
Event: 7.495 Thread 0x0000028dc1e8acd0 Uncommon trap: reason=null_assert_or_unreached0 action=make_not_entrant pc=0x0000028dec450ba4 method=java.util.concurrent.locks.ReentrantReadWriteLock$Sync.tryAcquireShared(I)I @ 129 c2
Event: 7.495 Thread 0x0000028dc1e8acd0 DEOPT PACKING pc=0x0000028dec450ba4 sp=0x000000b71cdfc6d0
Event: 7.495 Thread 0x0000028dc1e8acd0 DEOPT UNPACKING pc=0x0000028debd63aa2 sp=0x000000b71cdfc648 mode 2
Event: 7.495 Thread 0x0000028dc1e8c710 Uncommon trap: trap_request=0xffffffec fr.pc=0x0000028dec450ba4 relative=0x00000000000001e4
Event: 7.495 Thread 0x0000028dc1e8c710 Uncommon trap: reason=null_assert_or_unreached0 action=make_not_entrant pc=0x0000028dec450ba4 method=java.util.concurrent.locks.ReentrantReadWriteLock$Sync.tryAcquireShared(I)I @ 129 c2
Event: 7.495 Thread 0x0000028dc1e8c710 DEOPT PACKING pc=0x0000028dec450ba4 sp=0x000000b71cefc9d0
Event: 7.495 Thread 0x0000028dc1e8c710 DEOPT UNPACKING pc=0x0000028debd63aa2 sp=0x000000b71cefc948 mode 2
Event: 7.509 Thread 0x0000028dc1e8acd0 Uncommon trap: trap_request=0xffffff45 fr.pc=0x0000028dec3b4e70 relative=0x00000000000001f0
Event: 7.509 Thread 0x0000028dc1e8acd0 Uncommon trap: reason=unstable_if action=reinterpret pc=0x0000028dec3b4e70 method=java.util.concurrent.locks.ReentrantLock$NonfairSync.initialTryLock()Z @ 25 c2
Event: 7.509 Thread 0x0000028dc1e8c710 Uncommon trap: trap_request=0xffffff45 fr.pc=0x0000028dec3b4e70 relative=0x00000000000001f0
Event: 7.509 Thread 0x0000028dc1e8c710 Uncommon trap: reason=unstable_if action=reinterpret pc=0x0000028dec3b4e70 method=java.util.concurrent.locks.ReentrantLock$NonfairSync.initialTryLock()Z @ 25 c2
Event: 7.510 Thread 0x0000028dc1e8acd0 DEOPT PACKING pc=0x0000028dec3b4e70 sp=0x000000b71cdfbfd0
Event: 7.510 Thread 0x0000028dc1e8acd0 DEOPT UNPACKING pc=0x0000028debd63aa2 sp=0x000000b71cdfbe30 mode 2
Event: 7.510 Thread 0x0000028dc1e8c710 DEOPT PACKING pc=0x0000028dec3b4e70 sp=0x000000b71cefc2d0
Event: 7.510 Thread 0x0000028dc1e8c710 DEOPT UNPACKING pc=0x0000028debd63aa2 sp=0x000000b71cefc130 mode 2

Classes loaded (20 events):
Event: 6.346 Loading class java/lang/invoke/MethodHandleImpl$Makers
Event: 6.346 Loading class java/lang/invoke/MethodHandleImpl$Makers done
Event: 6.346 Loading class java/lang/invoke/MethodHandleImpl$Makers$1
Event: 6.346 Loading class java/lang/invoke/MethodHandleImpl$Makers$1 done
Event: 6.346 Loading class java/lang/invoke/MethodHandleImpl$Makers$2
Event: 6.346 Loading class java/lang/invoke/MethodHandleImpl$Makers$2 done
Event: 6.346 Loading class java/lang/invoke/MethodHandleImpl$Makers$3
Event: 6.346 Loading class java/lang/invoke/MethodHandleImpl$Makers$3 done
Event: 6.351 Loading class java/lang/runtime/ObjectMethods$1
Event: 6.351 Loading class java/lang/runtime/ObjectMethods$1 done
Event: 6.444 Loading class java/lang/invoke/MethodHandleImpl$CountingWrapper
Event: 6.444 Loading class java/lang/invoke/MethodHandleImpl$CountingWrapper done
Event: 7.471 Loading class java/util/AbstractList$ListItr
Event: 7.472 Loading class java/util/AbstractList$ListItr done
Event: 7.494 Loading class java/util/concurrent/locks/ReentrantReadWriteLock$Sync$HoldCounter
Event: 7.495 Loading class java/util/concurrent/locks/ReentrantReadWriteLock$Sync$HoldCounter done
Event: 7.516 Loading class java/nio/channels/Channels$ReadableByteChannelImpl
Event: 7.516 Loading class java/nio/channels/Channels$ReadableByteChannelImpl done
Event: 7.518 Loading class java/nio/channels/NonWritableChannelException
Event: 7.519 Loading class java/nio/channels/NonWritableChannelException done

Classes unloaded (7 events):
Event: 4.075 Thread 0x0000028de1584960 Unloading class 0x0000028d8118d000 'java/lang/invoke/LambdaForm$MH+0x0000028d8118d000'
Event: 4.075 Thread 0x0000028de1584960 Unloading class 0x0000028d8118cc00 'java/lang/invoke/LambdaForm$MH+0x0000028d8118cc00'
Event: 4.075 Thread 0x0000028de1584960 Unloading class 0x0000028d8118c800 'java/lang/invoke/LambdaForm$MH+0x0000028d8118c800'
Event: 4.075 Thread 0x0000028de1584960 Unloading class 0x0000028d8118c400 'java/lang/invoke/LambdaForm$MH+0x0000028d8118c400'
Event: 4.075 Thread 0x0000028de1584960 Unloading class 0x0000028d8118c000 'java/lang/invoke/LambdaForm$BMH+0x0000028d8118c000'
Event: 4.075 Thread 0x0000028de1584960 Unloading class 0x0000028d8118bc00 'java/lang/invoke/LambdaForm$DMH+0x0000028d8118bc00'
Event: 4.075 Thread 0x0000028de1584960 Unloading class 0x0000028d8118a800 'java/lang/invoke/LambdaForm$DMH+0x0000028d8118a800'

Classes redefined (0 events):
No events

Internal exceptions (20 events):
Event: 6.344 Thread 0x0000028dc1e8acd0 Exception <a 'java/lang/NoSuchMethodError'{0x00000000d64c2418}: 'java.lang.Object java.lang.invoke.Invokers$Holder.invoke_MT(java.lang.Object, java.lang.Object, java.lang.Object, java.lang.Object, java.lang.Object, java.lang.Object, java.lang.Object, java.lang.Object, java.lang.Object, java.lang.Object)'> (0x00000000d64c2418) 
thrown [s\src\hotspot\share\interpreter\linkResolver.cpp, line 773]
Event: 6.351 Thread 0x0000028dc1e8acd0 Exception <a 'java/lang/NoSuchMethodError'{0x00000000d65527c0}: 'int java.lang.invoke.DirectMethodHandle$Holder.invokeVirtual(java.lang.Object, java.lang.Object, java.lang.Object)'> (0x00000000d65527c0) 
thrown [s\src\hotspot\share\interpreter\linkResolver.cpp, line 773]
Event: 6.352 Thread 0x0000028dc1e8acd0 Exception <a 'java/lang/NoSuchMethodError'{0x00000000d6556da8}: 'int java.lang.invoke.DirectMethodHandle$Holder.invokeStaticInit(java.lang.Object, int, int)'> (0x00000000d6556da8) 
thrown [s\src\hotspot\share\interpreter\linkResolver.cpp, line 773]
Event: 6.353 Thread 0x0000028dc1e8acd0 Exception <a 'java/lang/NoSuchMethodError'{0x00000000d655e7a8}: 'int java.lang.invoke.DirectMethodHandle$Holder.invokeStaticInit(java.lang.Object, long, long)'> (0x00000000d655e7a8) 
thrown [s\src\hotspot\share\interpreter\linkResolver.cpp, line 773]
Event: 6.354 Thread 0x0000028dc1e8acd0 Exception <a 'java/lang/NoSuchMethodError'{0x00000000d65654f0}: 'int java.lang.invoke.DirectMethodHandle$Holder.invokeStaticInit(java.lang.Object, float, float)'> (0x00000000d65654f0) 
thrown [s\src\hotspot\share\interpreter\linkResolver.cpp, line 773]
Event: 6.355 Thread 0x0000028dc1e8acd0 Exception <a 'java/lang/NoSuchMethodError'{0x00000000d656c470}: 'int java.lang.invoke.DirectMethodHandle$Holder.invokeStaticInit(java.lang.Object, double, double)'> (0x00000000d656c470) 
thrown [s\src\hotspot\share\interpreter\linkResolver.cpp, line 773]
Event: 6.355 Thread 0x0000028dc1e8acd0 Exception <a 'java/lang/NoSuchMethodError'{0x00000000d6570c88}: 'int java.lang.invoke.DirectMethodHandle$Holder.invokeStatic(java.lang.Object, long)'> (0x00000000d6570c88) 
thrown [s\src\hotspot\share\interpreter\linkResolver.cpp, line 773]
Event: 6.358 Thread 0x0000028dc1e8acd0 Exception <a 'java/lang/NoSuchMethodError'{0x00000000d6581f10}: 'int java.lang.invoke.DirectMethodHandle$Holder.invokeSpecial(java.lang.Object, java.lang.Object, int, int)'> (0x00000000d6581f10) 
thrown [s\src\hotspot\share\interpreter\linkResolver.cpp, line 773]
Event: 6.360 Thread 0x0000028dc1e8a640 Exception <a 'java/lang/NoSuchMethodError'{0x00000000d659a118}: 'int java.lang.invoke.Invokers$Holder.linkToTargetMethod(java.lang.Object, java.lang.Object)'> (0x00000000d659a118) 
thrown [s\src\hotspot\share\interpreter\linkResolver.cpp, line 773]
Event: 6.360 Thread 0x0000028dc1e8acd0 Exception <a 'java/lang/NoSuchMethodError'{0x00000000d65b6b00}: 'int java.lang.invoke.Invokers$Holder.linkToTargetMethod(java.lang.Object, java.lang.Object)'> (0x00000000d65b6b00) 
thrown [s\src\hotspot\share\interpreter\linkResolver.cpp, line 773]
Event: 6.360 Thread 0x0000028dc1e8c710 Exception <a 'java/lang/NoSuchMethodError'{0x00000000d6590958}: 'int java.lang.invoke.Invokers$Holder.linkToTargetMethod(java.lang.Object, java.lang.Object)'> (0x00000000d6590958) 
thrown [s\src\hotspot\share\interpreter\linkResolver.cpp, line 773]
Event: 6.441 Thread 0x0000028dc1e8c710 Exception <a 'java/lang/NoSuchMethodError'{0x00000000d657af08}: 'int java.lang.invoke.DirectMethodHandle$Holder.invokeSpecial(java.lang.Object, java.lang.Object, java.lang.Object, java.lang.Object)'> (0x00000000d657af08) 
thrown [s\src\hotspot\share\interpreter\linkResolver.cpp, line 773]
Event: 6.441 Thread 0x0000028dc1e8acd0 Exception <a 'java/lang/NoSuchMethodError'{0x00000000d6581040}: 'int java.lang.invoke.DirectMethodHandle$Holder.invokeSpecial(java.lang.Object, java.lang.Object, java.lang.Object, java.lang.Object)'> (0x00000000d6581040) 
thrown [s\src\hotspot\share\interpreter\linkResolver.cpp, line 773]
Event: 6.443 Thread 0x0000028dc1e8acd0 Exception <a 'java/lang/NoSuchMethodError'{0x00000000d65c8628}: 'java.lang.Object java.lang.invoke.DirectMethodHandle$Holder.invokeStatic(java.lang.Object, int, java.lang.Object, java.lang.Object)'> (0x00000000d65c8628) 
thrown [s\src\hotspot\share\interpreter\linkResolver.cpp, line 773]
Event: 6.443 Thread 0x0000028dc1e8c710 Exception <a 'java/lang/NoSuchMethodError'{0x00000000d65d2330}: 'java.lang.Object java.lang.invoke.DirectMethodHandle$Holder.invokeStatic(java.lang.Object, int, java.lang.Object, java.lang.Object)'> (0x00000000d65d2330) 
thrown [s\src\hotspot\share\interpreter\linkResolver.cpp, line 773]
Event: 6.444 Thread 0x0000028dc1e8acd0 Exception <a 'java/lang/NoSuchMethodError'{0x00000000d65d9c28}: 'java.lang.Object java.lang.invoke.DelegatingMethodHandle$Holder.delegate(java.lang.Object, int, java.lang.Object, java.lang.Object)'> (0x00000000d65d9c28) 
thrown [s\src\hotspot\share\interpreter\linkResolver.cpp, line 773]
Event: 6.444 Thread 0x0000028dc1e8c710 Exception <a 'java/lang/NoSuchMethodError'{0x00000000d65d6038}: 'java.lang.Object java.lang.invoke.DelegatingMethodHandle$Holder.delegate(java.lang.Object, int, java.lang.Object, java.lang.Object)'> (0x00000000d65d6038) 
thrown [s\src\hotspot\share\interpreter\linkResolver.cpp, line 773]
Event: 6.445 Thread 0x0000028dc1e8acd0 Implicit null exception at 0x0000028dec467776 to 0x0000028dec467aac
Event: 6.447 Thread 0x0000028dc1e8acd0 Exception <a 'java/lang/NoSuchMethodError'{0x00000000d65f4470}: 'int java.lang.invoke.Invokers$Holder.linkToTargetMethod(java.lang.Object, java.lang.Object, java.lang.Object)'> (0x00000000d65f4470) 
thrown [s\src\hotspot\share\interpreter\linkResolver.cpp, line 773]
Event: 6.448 Thread 0x0000028dc1e8c710 Exception <a 'java/lang/NoSuchMethodError'{0x00000000d65fb0d0}: 'int java.lang.invoke.Invokers$Holder.linkToTargetMethod(java.lang.Object, java.lang.Object, java.lang.Object)'> (0x00000000d65fb0d0) 
thrown [s\src\hotspot\share\interpreter\linkResolver.cpp, line 773]

ZGC Phase Switch (0 events):
No events

VM Operations (20 events):
Event: 5.026 Executing VM operation: HandshakeAllThreads (Deoptimize)
Event: 5.026 Executing VM operation: HandshakeAllThreads (Deoptimize) done
Event: 5.042 Executing VM operation: ParallelGCFailedAllocation (Allocation Failure)
Event: 5.045 Executing VM operation: ParallelGCFailedAllocation (Allocation Failure) done
Event: 5.198 Executing VM operation: HandshakeAllThreads (Deoptimize)
Event: 5.198 Executing VM operation: HandshakeAllThreads (Deoptimize) done
Event: 5.206 Executing VM operation: HandshakeAllThreads (Deoptimize)
Event: 5.206 Executing VM operation: HandshakeAllThreads (Deoptimize) done
Event: 5.234 Executing VM operation: HandshakeAllThreads (Deoptimize)
Event: 5.234 Executing VM operation: HandshakeAllThreads (Deoptimize) done
Event: 5.235 Executing VM operation: HandshakeAllThreads (Deoptimize)
Event: 5.235 Executing VM operation: HandshakeAllThreads (Deoptimize) done
Event: 6.235 Executing VM operation: Cleanup
Event: 6.251 Executing VM operation: Cleanup done
Event: 6.389 Executing VM operation: ParallelGCFailedAllocation (Allocation Failure)
Event: 6.393 Executing VM operation: ParallelGCFailedAllocation (Allocation Failure) done
Event: 7.403 Executing VM operation: Cleanup
Event: 7.403 Executing VM operation: Cleanup done
Event: 8.416 Executing VM operation: Cleanup
Event: 8.417 Executing VM operation: Cleanup done

Memory protections (0 events):
No events

Nmethod flushes (0 events):
No events

Events (20 events):
Event: 4.294 Thread 0x0000028dff69c770 Thread added: 0x0000028dff864a90
Event: 4.404 Thread 0x0000028dff864a90 Thread exited: 0x0000028dff864a90
Event: 4.702 Thread 0x0000028de15ee500 Thread added: 0x0000028dff864a90
Event: 4.703 Thread 0x0000028de15ee500 Thread added: 0x0000028dff865120
Event: 4.703 Thread 0x0000028de15ee500 Thread added: 0x0000028dff8657b0
Event: 4.703 Thread 0x0000028de15ee500 Thread added: 0x0000028dc1e85e10
Event: 4.704 Thread 0x0000028de15ee500 Thread added: 0x0000028dc1e89290
Event: 4.704 Thread 0x0000028de15ee500 Thread added: 0x0000028dc1e87850
Event: 4.704 Thread 0x0000028de15ee500 Thread added: 0x0000028dc1e871c0
Event: 4.704 Thread 0x0000028de15ee500 Thread added: 0x0000028dc1e86b30
Event: 4.704 Thread 0x0000028de15ee500 Thread added: 0x0000028dc1e87ee0
Event: 4.705 Thread 0x0000028de15ee500 Thread added: 0x0000028dc1e88570
Event: 4.705 Thread 0x0000028de15ee500 Thread added: 0x0000028dc1e88c00
Event: 4.705 Thread 0x0000028de15ee500 Thread added: 0x0000028dc1e89920
Event: 4.705 Thread 0x0000028de15ee500 Thread added: 0x0000028dc1e864a0
Event: 4.727 Thread 0x0000028de15ee500 Thread added: 0x0000028dc1e89fb0
Event: 4.924 Thread 0x0000028de15ee500 Thread added: 0x0000028dc1e8cda0
Event: 4.924 Thread 0x0000028de15ee500 Thread added: 0x0000028dc1e8a640
Event: 5.129 Thread 0x0000028dc1e8a640 Thread added: 0x0000028dc1e8acd0
Event: 5.131 Thread 0x0000028dc1e8a640 Thread added: 0x0000028dc1e8c710


Dynamic libraries:
0x00007ff6c8d00000 - 0x00007ff6c8d0e000 	c:\Users\ADMIN\.vscode\extensions\redhat.java-1.46.0-win32-x64\jre\21.0.8-win32-x86_64\bin\java.exe
0x00007ffedee80000 - 0x00007ffedf0e8000 	C:\WINDOWS\SYSTEM32\ntdll.dll
0x00007ffede900000 - 0x00007ffede9c9000 	C:\WINDOWS\System32\KERNEL32.DLL
0x00007ffedc500000 - 0x00007ffedc8f2000 	C:\WINDOWS\System32\KERNELBASE.dll
0x00007ffedc2f0000 - 0x00007ffedc43b000 	C:\WINDOWS\System32\ucrtbase.dll
0x00007ffe8f5b0000 - 0x00007ffe8f5c8000 	c:\Users\ADMIN\.vscode\extensions\redhat.java-1.46.0-win32-x64\jre\21.0.8-win32-x86_64\bin\jli.dll
0x00007ffe8dcf0000 - 0x00007ffe8dd0e000 	c:\Users\ADMIN\.vscode\extensions\redhat.java-1.46.0-win32-x64\jre\21.0.8-win32-x86_64\bin\VCRUNTIME140.dll
0x00007ffedcc50000 - 0x00007ffedce15000 	C:\WINDOWS\System32\USER32.dll
0x00007ffedc010000 - 0x00007ffedc037000 	C:\WINDOWS\System32\win32u.dll
0x00007ffebdfc0000 - 0x00007ffebe253000 	C:\WINDOWS\WinSxS\amd64_microsoft.windows.common-controls_6595b64144ccf1df_6.0.26100.6899_none_3e0efeeae32e88c1\COMCTL32.dll
0x00007ffedce20000 - 0x00007ffedce4b000 	C:\WINDOWS\System32\GDI32.dll
0x00007ffede410000 - 0x00007ffede4b9000 	C:\WINDOWS\System32\msvcrt.dll
0x00007ffedcb20000 - 0x00007ffedcc4d000 	C:\WINDOWS\System32\gdi32full.dll
0x00007ffedc240000 - 0x00007ffedc2e3000 	C:\WINDOWS\System32\msvcp_win.dll
0x00007ffede330000 - 0x00007ffede35f000 	C:\WINDOWS\System32\IMM32.DLL
0x00007ffec9f90000 - 0x00007ffec9f9c000 	c:\Users\ADMIN\.vscode\extensions\redhat.java-1.46.0-win32-x64\jre\21.0.8-win32-x86_64\bin\vcruntime140_1.dll
0x00007ffe6e320000 - 0x00007ffe6e3ad000 	c:\Users\ADMIN\.vscode\extensions\redhat.java-1.46.0-win32-x64\jre\21.0.8-win32-x86_64\bin\msvcp140.dll
0x00007ffe48870000 - 0x00007ffe49607000 	c:\Users\ADMIN\.vscode\extensions\redhat.java-1.46.0-win32-x64\jre\21.0.8-win32-x86_64\bin\server\jvm.dll
0x00007ffeded00000 - 0x00007ffededb4000 	C:\WINDOWS\System32\ADVAPI32.dll
0x00007ffedeb40000 - 0x00007ffedebe6000 	C:\WINDOWS\System32\sechost.dll
0x00007ffedce50000 - 0x00007ffedcf68000 	C:\WINDOWS\System32\RPCRT4.dll
0x00007ffede390000 - 0x00007ffede404000 	C:\WINDOWS\System32\WS2_32.dll
0x00007ffed4ce0000 - 0x00007ffed4d15000 	C:\WINDOWS\SYSTEM32\WINMM.dll
0x00007ffedbe60000 - 0x00007ffedbebe000 	C:\WINDOWS\SYSTEM32\POWRPROF.dll
0x00007ffecccd0000 - 0x00007ffecccdb000 	C:\WINDOWS\SYSTEM32\VERSION.dll
0x00007ffedbe40000 - 0x00007ffedbe54000 	C:\WINDOWS\SYSTEM32\UMPDC.dll
0x00007ffedade0000 - 0x00007ffedadfb000 	C:\WINDOWS\SYSTEM32\kernel.appcore.dll
0x00007ffec5320000 - 0x00007ffec532a000 	c:\Users\ADMIN\.vscode\extensions\redhat.java-1.46.0-win32-x64\jre\21.0.8-win32-x86_64\bin\jimage.dll
0x00007ffed9680000 - 0x00007ffed98c2000 	C:\WINDOWS\SYSTEM32\DBGHELP.DLL
0x00007ffede580000 - 0x00007ffede8fb000 	C:\WINDOWS\System32\combase.dll
0x00007ffede150000 - 0x00007ffede227000 	C:\WINDOWS\System32\OLEAUT32.dll
0x00007ffebd5c0000 - 0x00007ffebd5fc000 	C:\WINDOWS\SYSTEM32\dbgcore.DLL
0x00007ffedc900000 - 0x00007ffedc998000 	C:\WINDOWS\System32\bcryptPrimitives.dll
0x00007ffec4720000 - 0x00007ffec472f000 	c:\Users\ADMIN\.vscode\extensions\redhat.java-1.46.0-win32-x64\jre\21.0.8-win32-x86_64\bin\instrument.dll
0x00007ffe8da10000 - 0x00007ffe8da2f000 	c:\Users\ADMIN\.vscode\extensions\redhat.java-1.46.0-win32-x64\jre\21.0.8-win32-x86_64\bin\java.dll
0x00007ffedcff0000 - 0x00007ffedd73d000 	C:\WINDOWS\System32\SHELL32.dll
0x00007ffedc0d0000 - 0x00007ffedc23b000 	C:\WINDOWS\System32\wintypes.dll
0x00007ffed9c30000 - 0x00007ffeda48d000 	C:\WINDOWS\SYSTEM32\windows.storage.dll
0x00007ffedea40000 - 0x00007ffedeb32000 	C:\WINDOWS\System32\SHCORE.dll
0x00007ffede9d0000 - 0x00007ffedea32000 	C:\WINDOWS\System32\shlwapi.dll
0x00007ffedbf30000 - 0x00007ffedbf59000 	C:\WINDOWS\SYSTEM32\profapi.dll
0x00007ffe8c900000 - 0x00007ffe8c918000 	c:\Users\ADMIN\.vscode\extensions\redhat.java-1.46.0-win32-x64\jre\21.0.8-win32-x86_64\bin\zip.dll
0x00007ffec3b90000 - 0x00007ffec3ba0000 	C:\Users\ADMIN\.vscode\extensions\redhat.java-1.46.0-win32-x64\jre\21.0.8-win32-x86_64\bin\net.dll
0x00007ffecd510000 - 0x00007ffecd62f000 	C:\WINDOWS\SYSTEM32\WINHTTP.dll
0x00007ffedb350000 - 0x00007ffedb3bb000 	C:\WINDOWS\system32\mswsock.dll
0x00007ffe8bb90000 - 0x00007ffe8bba6000 	C:\Users\ADMIN\.vscode\extensions\redhat.java-1.46.0-win32-x64\jre\21.0.8-win32-x86_64\bin\nio.dll
0x00007ffeb7df0000 - 0x00007ffeb7e00000 	c:\Users\ADMIN\.vscode\extensions\redhat.java-1.46.0-win32-x64\jre\21.0.8-win32-x86_64\bin\verify.dll
0x00007ffe72960000 - 0x00007ffe729a4000 	C:\Users\ADMIN\AppData\Roaming\Code\User\globalStorage\redhat.java\1.46.0\config_ss_win\org.eclipse.equinox.launcher\org.eclipse.equinox.launcher.win32.win32.x86_64_1.2.1400.v20250801-0854\eclipse_11916.dll
0x00007ffedd740000 - 0x00007ffedd8d8000 	C:\WINDOWS\System32\ole32.dll
0x00007ffedb600000 - 0x00007ffedb61b000 	C:\WINDOWS\SYSTEM32\CRYPTSP.dll
0x00007ffedad40000 - 0x00007ffedad7b000 	C:\WINDOWS\system32\rsaenh.dll
0x00007ffedb3f0000 - 0x00007ffedb41b000 	C:\WINDOWS\SYSTEM32\USERENV.dll
0x00007ffedbf00000 - 0x00007ffedbf26000 	C:\WINDOWS\SYSTEM32\bcrypt.dll
0x00007ffedb620000 - 0x00007ffedb62c000 	C:\WINDOWS\SYSTEM32\CRYPTBASE.dll
0x00007ffeda810000 - 0x00007ffeda844000 	C:\WINDOWS\SYSTEM32\IPHLPAPI.DLL
0x00007ffede370000 - 0x00007ffede37a000 	C:\WINDOWS\System32\NSI.dll
0x00007ffe7a400000 - 0x00007ffe7a449000 	C:\Users\ADMIN\AppData\Local\Temp\jna-62130991\jna2875355882870307348.dll
0x00007ffede320000 - 0x00007ffede328000 	C:\WINDOWS\System32\PSAPI.DLL
0x00007ffed5320000 - 0x00007ffed533e000 	C:\WINDOWS\SYSTEM32\dhcpcsvc6.DLL
0x00007ffecd640000 - 0x00007ffecd663000 	C:\WINDOWS\SYSTEM32\dhcpcsvc.DLL

JVMTI agents:
c:\Users\ADMIN\.vscode\extensions\redhat.java-1.46.0-win32-x64\lombok\lombok-1.18.39-4050.jar path:c:\Users\ADMIN\.vscode\extensions\redhat.java-1.46.0-win32-x64\jre\21.0.8-win32-x86_64\bin\instrument.dll, loaded, initialized, instrumentlib options:none

dbghelp: loaded successfully - version: 4.0.5 - missing functions: none
symbol engine: initialized successfully - sym options: 0x614 - pdb path: .;c:\Users\ADMIN\.vscode\extensions\redhat.java-1.46.0-win32-x64\jre\21.0.8-win32-x86_64\bin;C:\WINDOWS\SYSTEM32;C:\WINDOWS\WinSxS\amd64_microsoft.windows.common-controls_6595b64144ccf1df_6.0.26100.6899_none_3e0efeeae32e88c1;c:\Users\ADMIN\.vscode\extensions\redhat.java-1.46.0-win32-x64\jre\21.0.8-win32-x86_64\bin\server;C:\Users\ADMIN\AppData\Roaming\Code\User\globalStorage\redhat.java\1.46.0\config_ss_win\org.eclipse.equinox.launcher\org.eclipse.equinox.launcher.win32.win32.x86_64_1.2.1400.v20250801-0854;C:\Users\ADMIN\AppData\Local\Temp\jna-62130991

VM Arguments:
jvm_args: --add-modules=ALL-SYSTEM --add-opens=java.base/java.util=ALL-UNNAMED --add-opens=java.base/java.lang=ALL-UNNAMED --add-opens=java.base/sun.nio.fs=ALL-UNNAMED -Declipse.application=org.eclipse.jdt.ls.core.id1 -Dosgi.bundles.defaultStartLevel=4 -Declipse.product=org.eclipse.jdt.ls.core.product -Djava.import.generatesMetadataFilesAtProjectRoot=false -DDetectVMInstallationsJob.disabled=true -Dfile.encoding=utf8 -XX:+UseParallelGC -XX:GCTimeRatio=4 -XX:AdaptiveSizePolicyWeight=90 -Dsun.zip.disableMemoryMapping=true -Xmx2G -Xms100m -Xlog:disable -javaagent:c:\Users\ADMIN\.vscode\extensions\redhat.java-1.46.0-win32-x64\lombok\lombok-1.18.39-4050.jar 
java_command: c:\Users\ADMIN\.vscode\extensions\redhat.java-1.46.0-win32-x64\server\plugins\org.eclipse.equinox.launcher_1.7.0.v20250519-0528.jar -configuration c:\Users\ADMIN\AppData\Roaming\Code\User\globalStorage\redhat.java\1.46.0\config_ss_win -data c:\Users\ADMIN\AppData\Roaming\Code\User\workspaceStorage\6eddf05a50bfec01eb4727cca2040f7d\redhat.java\ss_ws --pipe=\\.\pipe\lsp-cc49cdce18fd09b159403613b6365f89-sock
java_class_path (initial): c:\Users\ADMIN\.vscode\extensions\redhat.java-1.46.0-win32-x64\server\plugins\org.eclipse.equinox.launcher_1.7.0.v20250519-0528.jar
Launcher Type: SUN_STANDARD

[Global flags]
    uintx AdaptiveSizePolicyWeight                 = 90                                        {product} {command line}
     intx CICompilerCount                          = 4                                         {product} {ergonomic}
    uintx GCTimeRatio                              = 4                                         {product} {command line}
   size_t InitialHeapSize                          = 104857600                                 {product} {command line}
   size_t MaxHeapSize                              = 2147483648                                {product} {command line}
   size_t MaxNewSize                               = 715653120                                 {product} {ergonomic}
   size_t MinHeapDeltaBytes                        = 524288                                    {product} {ergonomic}
   size_t MinHeapSize                              = 104857600                                 {product} {command line}
   size_t NewSize                                  = 34603008                                  {product} {ergonomic}
    uintx NonNMethodCodeHeapSize                   = 5839372                                {pd product} {ergonomic}
    uintx NonProfiledCodeHeapSize                  = 122909434                              {pd product} {ergonomic}
   size_t OldSize                                  = 70254592                                  {product} {ergonomic}
    uintx ProfiledCodeHeapSize                     = 122909434                              {pd product} {ergonomic}
    uintx ReservedCodeCacheSize                    = 251658240                              {pd product} {ergonomic}
     bool SegmentedCodeCache                       = true                                      {product} {ergonomic}
   size_t SoftMaxHeapSize                          = 2147483648                             {manageable} {ergonomic}
     bool UseCompressedOops                        = true                           {product lp64_product} {ergonomic}
     bool UseLargePagesIndividualAllocation        = false                                  {pd product} {ergonomic}
     bool UseParallelGC                            = true                                      {product} {command line}

Logging:
Log output configuration:
 #0: stdout all=off uptime,level,tags foldmultilines=false
 #1: stderr all=off uptime,level,tags foldmultilines=false

Environment Variables:
JAVA_HOME=C:\Program Files\Java\jdk-17
PATH=C:\Program Files\Common Files\Oracle\Java\javapath;C:\WINDOWS\system32;C:\WINDOWS;C:\WINDOWS\System32\Wbem;C:\WINDOWS\System32\WindowsPowerShell\v1.0\;C:\WINDOWS\System32\OpenSSH\;C:\Program Files\dotnet\;C:\msys64\mingw64\bin;C:\mingw64\bin;C:\Program Files\nodejs\;C:\Program Files\Git\cmd;C:\apache-maven-3.6.0\bin;C:\Program Files\Java\jdk-17\bin;C:\Program Files (x86)\Microsoft SQL Server\160\Tools\Binn\;C:\Program Files\Microsoft SQL Server\160\Tools\Binn\;C:\Program Files\Microsoft SQL Server\Client SDK\ODBC\170\Tools\Binn\;C:\Program Files\Microsoft SQL Server\160\DTS\Binn\;C:\Program Files (x86)\Microsoft SQL Server\160\DTS\Binn\;C:\Program Files\Azure Data Studio\bin;C:\Users\ADMIN\AppData\Local\Programs\Python\Python311\Scripts\;C:\Users\ADMIN\AppData\Local\Programs\Python\Python311\;C:\Users\ADMIN\AppData\Local\Programs\Python\Python314\Scripts\;C:\Users\ADMIN\AppData\Local\Programs\Python\Python314\;C:\Users\ADMIN\AppData\Local\Programs\Python\Launcher\;C:\Program Files\Java\jdk-17\bin;C:\Users\ADMIN\AppData\Local\Programs\Microsoft VS Code\bin;C:\Users\ADMIN\AppData\Roaming\npm;C:\Program Files\JetBrains\IntelliJ IDEA Community Edition 2025.1.3\bin;;C:\Program Files\JetBrains\IntelliJ IDEA 2025.1.3\bin;;C:\Program Files\Java\jdk-17\bin;C:\Program Files\Azure Data Studio\bin;C:\Program Files\JetBrains\PyCharm Community Edition 2025.2.1.1\bin;
USERNAME=ADMIN
OS=Windows_NT
PROCESSOR_IDENTIFIER=Intel64 Family 6 Model 186 Stepping 3, GenuineIntel
TMP=C:\Users\ADMIN\AppData\Local\Temp
TEMP=C:\Users\ADMIN\AppData\Local\Temp




Periodic native trim disabled

---------------  S Y S T E M  ---------------

OS:
 Windows 11 , 64 bit Build 26100 (10.0.26100.6725)
OS uptime: 3 days 11:51 hours
Hyper-V role detected

CPU: total 12 (initial active 12) (6 cores per cpu, 2 threads per core) family 6 model 186 stepping 3 microcode 0x4128, cx8, cmov, fxsr, ht, mmx, 3dnowpref, sse, sse2, sse3, ssse3, sse4.1, sse4.2, popcnt, lzcnt, tsc, tscinvbit, avx, avx2, aes, erms, clmul, bmi1, bmi2, adx, sha, fma, vzeroupper, clflush, clflushopt, clwb, hv, serialize, rdtscp, rdpid, fsrm, f16c, cet_ibt, cet_ss
Processor Information for the first 12 processors :
  Max Mhz: 1700, Current Mhz: 1700, Mhz Limit: 1700

Memory: 4k page, system-wide physical 16068M (1549M free)
TotalPageFile size 38736M (AvailPageFile size 25M)
current process WorkingSet (physical memory assigned to process): 173M, peak: 178M
current process commit charge ("private bytes"): 304M, peak: 314M

vm_info: OpenJDK 64-Bit Server VM (21.0.8+9-LTS) for windows-amd64 JRE (21.0.8+9-LTS), built on 2025-07-15T00:00:00Z by "admin" with MS VC++ 17.7 (VS2022)

END.
