#
# There is insufficient memory for the Java Runtime Environment to continue.
# Native memory allocation (malloc) failed to allocate 1720016 bytes. Error detail: Chunk::new
# Possible reasons:
#   The system is out of physical RAM or swap space
#   This process is running with CompressedOops enabled, and the Java Heap may be blocking the growth of the native heap
# Possible solutions:
#   Reduce memory load on the system
#   Increase physical memory or swap space
#   Check if swap backing store is full
#   Decrease Java heap size (-Xmx/-Xms)
#   Decrease number of Java threads
#   Decrease Java thread stack sizes (-Xss)
#   Set larger code cache with -XX:ReservedCodeCacheSize=
#   JVM is running with Unscaled Compressed Oops mode in which the Java heap is
#     placed in the first 4GB address space. The Java Heap base address is the
#     maximum limit for the native heap growth. Please use -XX:HeapBaseMinAddress
#     to set the Java Heap base and to place the Java Heap above 4GB virtual address.
# This output file may be truncated or incomplete.
#
#  Out of Memory Error (arena.cpp:168), pid=2160, tid=17136
#
# JRE version: OpenJDK Runtime Environment Temurin-21.0.8+9 (21.0.8+9) (build 21.0.8+9-LTS)
# Java VM: OpenJDK 64-Bit Server VM Temurin-21.0.8+9 (21.0.8+9-LTS, mixed mode, sharing, tiered, compressed oops, compressed class ptrs, parallel gc, windows-amd64)
# No core dump will be written. Minidumps are not enabled by default on client versions of Windows
#

---------------  S U M M A R Y ------------

Command Line: --add-modules=ALL-SYSTEM --add-opens=java.base/java.util=ALL-UNNAMED --add-opens=java.base/java.lang=ALL-UNNAMED --add-opens=java.base/sun.nio.fs=ALL-UNNAMED -Declipse.application=org.eclipse.jdt.ls.core.id1 -Dosgi.bundles.defaultStartLevel=4 -Declipse.product=org.eclipse.jdt.ls.core.product -Djava.import.generatesMetadataFilesAtProjectRoot=false -DDetectVMInstallationsJob.disabled=true -Dfile.encoding=utf8 -XX:+UseParallelGC -XX:GCTimeRatio=4 -XX:AdaptiveSizePolicyWeight=90 -Dsun.zip.disableMemoryMapping=true -Xmx2G -Xms100m -Xlog:disable -javaagent:c:\Users\ADMIN\.vscode\extensions\redhat.java-1.46.0-win32-x64\lombok\lombok-1.18.39-4050.jar c:\Users\ADMIN\.vscode\extensions\redhat.java-1.46.0-win32-x64\server\plugins\org.eclipse.equinox.launcher_1.7.0.v20250519-0528.jar -configuration c:\Users\ADMIN\AppData\Roaming\Code\User\globalStorage\redhat.java\1.46.0\config_ss_win -data c:\Users\ADMIN\AppData\Roaming\Code\User\workspaceStorage\6eddf05a50bfec01eb4727cca2040f7d\redhat.java\ss_ws --pipe=\\.\pipe\lsp-9ac695e0b134f49266309f8f033404d3-sock

Host: 13th Gen Intel(R) Core(TM) i7-1355U, 12 cores, 15G,  Windows 11 , 64 bit Build 26100 (10.0.26100.6725)
Time: Fri Oct 24 08:10:05 2025 SE Asia Standard Time elapsed time: 10.168239 seconds (0d 0h 0m 10s)

---------------  T H R E A D  ---------------

Current thread (0x000002007d283aa0):  JavaThread "C2 CompilerThread2" daemon [_thread_in_native, id=17136, stack(0x00000008b5f00000,0x00000008b6000000) (1024K)]


Current CompileTask:
C2:10168 5112       4       org.lombokweb.asm.SymbolTable::<init> (554 bytes)

Stack: [0x00000008b5f00000,0x00000008b6000000]
Native frames: (J=compiled Java code, j=interpreted, Vv=VM code, C=native code)
V  [jvm.dll+0x6d2449]
V  [jvm.dll+0x8ae341]
V  [jvm.dll+0x8b08be]
V  [jvm.dll+0x8b0fa3]
V  [jvm.dll+0x280c96]
V  [jvm.dll+0xc581d]
V  [jvm.dll+0xc5d53]
V  [jvm.dll+0x3b9162]
V  [jvm.dll+0x1e1213]
V  [jvm.dll+0x249022]
V  [jvm.dll+0x2484af]
V  [jvm.dll+0x1c89ee]
V  [jvm.dll+0x257d4d]
V  [jvm.dll+0x2562ea]
V  [jvm.dll+0x3f2d16]
V  [jvm.dll+0x857e6b]
V  [jvm.dll+0x6d0b0d]
C  [ucrtbase.dll+0x37b0]
C  [KERNEL32.DLL+0x2e8d7]
C  [ntdll.dll+0x8c53c]


---------------  P R O C E S S  ---------------

Threads class SMR info:
_java_thread_list=0x0000020054c98120, length=42, elements={
0x000002007053ac20, 0x000002007c1644b0, 0x000002007c1652c0, 0x000002007c166b20,
0x000002007c169820, 0x000002007c16c760, 0x000002007c1732b0, 0x000002007c172520,
0x000002007c180ae0, 0x00000200728389e0, 0x000002007c438790, 0x000002007cd5df50,
0x000002007cbf0530, 0x000002007d08efb0, 0x000002007cba5ce0, 0x000002007cba8e20,
0x000002007c29c4c0, 0x000002007cee48a0, 0x000002007cbc5e80, 0x000002007d4db230,
0x000002007d4d8ad0, 0x000002007d4d7db0, 0x000002007d4d8440, 0x000002007d4d9160,
0x000002007d4d97f0, 0x000002007d4d9e80, 0x000002007d4daba0, 0x000002007d4da510,
0x000002007f27c200, 0x000002007f27eff0, 0x000002007f27f680, 0x000002007f27d5b0,
0x000002007f27dc40, 0x000002007f27e2d0, 0x000002007f27e960, 0x000002007f27fd10,
0x000002007f27c890, 0x000002007f2803a0, 0x000002007f27cf20, 0x000002007f283190,
0x000002007d284f10, 0x000002007d283aa0
}

Java Threads: ( => current thread )
  0x000002007053ac20 JavaThread "main"                              [_thread_blocked, id=15012, stack(0x00000008b3f00000,0x00000008b4000000) (1024K)]
  0x000002007c1644b0 JavaThread "Reference Handler"          daemon [_thread_blocked, id=3016, stack(0x00000008b4300000,0x00000008b4400000) (1024K)]
  0x000002007c1652c0 JavaThread "Finalizer"                  daemon [_thread_blocked, id=22836, stack(0x00000008b4400000,0x00000008b4500000) (1024K)]
  0x000002007c166b20 JavaThread "Signal Dispatcher"          daemon [_thread_blocked, id=17752, stack(0x00000008b4500000,0x00000008b4600000) (1024K)]
  0x000002007c169820 JavaThread "Attach Listener"            daemon [_thread_blocked, id=12544, stack(0x00000008b4600000,0x00000008b4700000) (1024K)]
  0x000002007c16c760 JavaThread "Service Thread"             daemon [_thread_blocked, id=24708, stack(0x00000008b4700000,0x00000008b4800000) (1024K)]
  0x000002007c1732b0 JavaThread "Monitor Deflation Thread"   daemon [_thread_blocked, id=22496, stack(0x00000008b4800000,0x00000008b4900000) (1024K)]
  0x000002007c172520 JavaThread "C2 CompilerThread0"         daemon [_thread_in_native, id=12236, stack(0x00000008b4900000,0x00000008b4a00000) (1024K)]
  0x000002007c180ae0 JavaThread "C1 CompilerThread0"         daemon [_thread_in_native, id=9324, stack(0x00000008b4a00000,0x00000008b4b00000) (1024K)]
  0x00000200728389e0 JavaThread "Common-Cleaner"             daemon [_thread_blocked, id=11160, stack(0x00000008b4b00000,0x00000008b4c00000) (1024K)]
  0x000002007c438790 JavaThread "Notification Thread"        daemon [_thread_blocked, id=23836, stack(0x00000008b4d00000,0x00000008b4e00000) (1024K)]
  0x000002007cd5df50 JavaThread "Active Thread: Equinox Container: 07a49a82-f18e-48c5-8684-bd08d39c5ab3"        [_thread_blocked, id=16780, stack(0x00000008b5500000,0x00000008b5600000) (1024K)]
  0x000002007cbf0530 JavaThread "Framework Event Dispatcher: Equinox Container: 07a49a82-f18e-48c5-8684-bd08d39c5ab3" daemon [_thread_blocked, id=26264, stack(0x00000008b5600000,0x00000008b5700000) (1024K)]
  0x000002007d08efb0 JavaThread "Start Level: Equinox Container: 07a49a82-f18e-48c5-8684-bd08d39c5ab3" daemon [_thread_blocked, id=15552, stack(0x00000008b5700000,0x00000008b5800000) (1024K)]
  0x000002007cba5ce0 JavaThread "SCR Component Actor"        daemon [_thread_blocked, id=18620, stack(0x00000008b5900000,0x00000008b5a00000) (1024K)]
  0x000002007cba8e20 JavaThread "Worker-JM"                         [_thread_blocked, id=17524, stack(0x00000008b5a00000,0x00000008b5b00000) (1024K)]
  0x000002007c29c4c0 JavaThread "JNA Cleaner"                daemon [_thread_blocked, id=13960, stack(0x00000008b4c00000,0x00000008b4d00000) (1024K)]
  0x000002007cee48a0 JavaThread "Worker-0"                          [_thread_blocked, id=18524, stack(0x00000008b4e00000,0x00000008b4f00000) (1024K)]
  0x000002007cbc5e80 JavaThread "Worker-1: Publish Diagnostics"        [_thread_in_Java, id=13064, stack(0x00000008b5d00000,0x00000008b5e00000) (1024K)]
  0x000002007d4db230 JavaThread "Thread-1"                   daemon [_thread_in_native, id=1392, stack(0x00000008b6200000,0x00000008b6300000) (1024K)]
  0x000002007d4d8ad0 JavaThread "Thread-2"                   daemon [_thread_in_native, id=20596, stack(0x00000008b6300000,0x00000008b6400000) (1024K)]
  0x000002007d4d7db0 JavaThread "Thread-3"                   daemon [_thread_in_native, id=7940, stack(0x00000008b6400000,0x00000008b6500000) (1024K)]
  0x000002007d4d8440 JavaThread "Thread-4"                   daemon [_thread_in_native, id=8848, stack(0x00000008b6500000,0x00000008b6600000) (1024K)]
  0x000002007d4d9160 JavaThread "Thread-5"                   daemon [_thread_in_native, id=9480, stack(0x00000008b6600000,0x00000008b6700000) (1024K)]
  0x000002007d4d97f0 JavaThread "Thread-6"                   daemon [_thread_in_native, id=9564, stack(0x00000008b6700000,0x00000008b6800000) (1024K)]
  0x000002007d4d9e80 JavaThread "Thread-7"                   daemon [_thread_in_native, id=20808, stack(0x00000008b6800000,0x00000008b6900000) (1024K)]
  0x000002007d4daba0 JavaThread "Thread-8"                   daemon [_thread_in_native, id=20796, stack(0x00000008b6900000,0x00000008b6a00000) (1024K)]
  0x000002007d4da510 JavaThread "Thread-9"                   daemon [_thread_in_native, id=26608, stack(0x00000008b6a00000,0x00000008b6b00000) (1024K)]
  0x000002007f27c200 JavaThread "Thread-10"                  daemon [_thread_in_native, id=14536, stack(0x00000008b6b00000,0x00000008b6c00000) (1024K)]
  0x000002007f27eff0 JavaThread "Thread-11"                  daemon [_thread_in_native, id=1256, stack(0x00000008b6c00000,0x00000008b6d00000) (1024K)]
  0x000002007f27f680 JavaThread "Thread-12"                  daemon [_thread_in_native, id=4776, stack(0x00000008b6d00000,0x00000008b6e00000) (1024K)]
  0x000002007f27d5b0 JavaThread "Thread-13"                  daemon [_thread_in_native, id=23940, stack(0x00000008b6e00000,0x00000008b6f00000) (1024K)]
  0x000002007f27dc40 JavaThread "pool-2-thread-1"                   [_thread_blocked, id=23300, stack(0x00000008b6f00000,0x00000008b7000000) (1024K)]
  0x000002007f27e2d0 JavaThread "Worker-2"                          [_thread_blocked, id=24592, stack(0x00000008b7000000,0x00000008b7100000) (1024K)]
  0x000002007f27e960 JavaThread "WorkspaceEventsHandler"            [_thread_blocked, id=19248, stack(0x00000008b7100000,0x00000008b7200000) (1024K)]
  0x000002007f27fd10 JavaThread "pool-1-thread-1"                   [_thread_blocked, id=2668, stack(0x00000008b7200000,0x00000008b7300000) (1024K)]
  0x000002007f27c890 JavaThread "ForkJoinPool.commonPool-worker-1" daemon [_thread_blocked, id=13984, stack(0x00000008b7300000,0x00000008b7400000) (1024K)]
  0x000002007f2803a0 JavaThread "ForkJoinPool.commonPool-worker-2" daemon [_thread_blocked, id=10312, stack(0x00000008b7400000,0x00000008b7500000) (1024K)]
  0x000002007f27cf20 JavaThread "ForkJoinPool.commonPool-worker-3" daemon [_thread_blocked, id=23448, stack(0x00000008b7500000,0x00000008b7600000) (1024K)]
  0x000002007f283190 JavaThread "ForkJoinPool.commonPool-worker-4" daemon [_thread_blocked, id=16904, stack(0x00000008b7600000,0x00000008b7700000) (1024K)]
  0x000002007d284f10 JavaThread "C2 CompilerThread1"         daemon [_thread_in_native, id=16572, stack(0x00000008b5e00000,0x00000008b5f00000) (1024K)]
=>0x000002007d283aa0 JavaThread "C2 CompilerThread2"         daemon [_thread_in_native, id=17136, stack(0x00000008b5f00000,0x00000008b6000000) (1024K)]
Total: 42

Other Threads:
  0x000002007288e790 VMThread "VM Thread"                           [id=14908, stack(0x00000008b4200000,0x00000008b4300000) (1024K)]
  0x000002007a14ca00 WatcherThread "VM Periodic Task Thread"        [id=23180, stack(0x00000008b4100000,0x00000008b4200000) (1024K)]
  0x00000200727ec5c0 WorkerThread "GC Thread#0"                     [id=8856, stack(0x00000008b4000000,0x00000008b4100000) (1024K)]
  0x000002007cc6bab0 WorkerThread "GC Thread#1"                     [id=26476, stack(0x00000008b4f00000,0x00000008b5000000) (1024K)]
  0x000002007cc6be50 WorkerThread "GC Thread#2"                     [id=12212, stack(0x00000008b5000000,0x00000008b5100000) (1024K)]
  0x000002007cc6c1f0 WorkerThread "GC Thread#3"                     [id=25188, stack(0x00000008b5100000,0x00000008b5200000) (1024K)]
  0x000002007cc6c590 WorkerThread "GC Thread#4"                     [id=20568, stack(0x00000008b5200000,0x00000008b5300000) (1024K)]
  0x000002007cc6c930 WorkerThread "GC Thread#5"                     [id=8488, stack(0x00000008b5300000,0x00000008b5400000) (1024K)]
  0x000002007c74d5b0 WorkerThread "GC Thread#6"                     [id=3624, stack(0x00000008b5400000,0x00000008b5500000) (1024K)]
  0x000002007cda7190 WorkerThread "GC Thread#7"                     [id=22412, stack(0x00000008b5800000,0x00000008b5900000) (1024K)]
  0x000002007cda7c70 WorkerThread "GC Thread#8"                     [id=8772, stack(0x00000008b5b00000,0x00000008b5c00000) (1024K)]
  0x000002007cda6df0 WorkerThread "GC Thread#9"                     [id=24300, stack(0x00000008b5c00000,0x00000008b5d00000) (1024K)]
Total: 12

Threads with active compile tasks:
C2 CompilerThread0  10221 5179   !   4       org.eclipse.core.internal.watson.ElementTree::includes (48 bytes)
C1 CompilerThread0  10222 5422       3       org.eclipse.jdt.internal.compiler.lookup.ModuleBinding::recordExportRestrictions (110 bytes)
C2 CompilerThread1  10222 5131       4       org.eclipse.jdt.internal.compiler.parser.Parser::consumeRule (7748 bytes)
C2 CompilerThread2  10223 5112       4       org.lombokweb.asm.SymbolTable::<init> (554 bytes)
Total: 4

VM state: not at safepoint (normal execution)

VM Mutex/Monitor currently owned by a thread: None

Heap address: 0x0000000080000000, size: 2048 MB, Compressed Oops mode: 32-bit

CDS archive(s) mapped at: [0x000002000f000000-0x000002000fba0000-0x000002000fba0000), size 12189696, SharedBaseAddress: 0x000002000f000000, ArchiveRelocationMode: 1.
Compressed class space mapped at: 0x0000020010000000-0x0000020050000000, reserved size: 1073741824
Narrow klass base: 0x000002000f000000, Narrow klass shift: 0, Narrow klass range: 0x100000000

GC Precious Log:
 CardTable entry size: 512
 CPUs: 12 total, 12 available
 Memory: 16068M
 Large Page Support: Disabled
 NUMA Support: Disabled
 Compressed Oops: Enabled (32-bit)
 Alignments: Space 512K, Generation 512K, Heap 2M
 Heap Min Capacity: 100M
 Heap Initial Capacity: 100M
 Heap Max Capacity: 2G
 Pre-touch: Disabled
 Parallel Workers: 10

Heap:
 PSYoungGen      total 22016K, used 18558K [0x00000000d5580000, 0x00000000d6f00000, 0x0000000100000000)
  eden space 20992K, 83% used [0x00000000d5580000,0x00000000d66a7b78,0x00000000d6a00000)
  from space 1024K, 96% used [0x00000000d6a00000,0x00000000d6af8020,0x00000000d6b00000)
  to   space 2560K, 0% used [0x00000000d6c80000,0x00000000d6c80000,0x00000000d6f00000)
 ParOldGen       total 68608K, used 30696K [0x0000000080000000, 0x0000000084300000, 0x00000000d5580000)
  object space 68608K, 44% used [0x0000000080000000,0x0000000081dfa0d0,0x0000000084300000)
 Metaspace       used 42271K, committed 43200K, reserved 1114112K
  class space    used 4306K, committed 4736K, reserved 1048576K

Card table byte_map: [0x0000020072170000,0x0000020072580000] _byte_map_base: 0x0000020071d70000

Marking Bits: (ParMarkBitMap*) 0x00007ffe703aa340
 Begin Bits: [0x0000020075c70000, 0x0000020077c70000)
 End Bits:   [0x0000020077c70000, 0x0000020079c70000)

Polling page: 0x0000020071e40000

Metaspace:

Usage:
  Non-class:     37.08 MB used.
      Class:      4.21 MB used.
       Both:     41.28 MB used.

Virtual space:
  Non-class space:       64.00 MB reserved,      37.56 MB ( 59%) committed,  1 nodes.
      Class space:        1.00 GB reserved,       4.62 MB ( <1%) committed,  1 nodes.
             Both:        1.06 GB reserved,      42.19 MB (  4%) committed. 

Chunk freelists:
   Non-Class:  9.81 MB
       Class:  11.31 MB
        Both:  21.12 MB

MaxMetaspaceSize: unlimited
CompressedClassSpaceSize: 1.00 GB
Initial GC threshold: 21.00 MB
Current GC threshold: 58.38 MB
CDS: on
 - commit_granule_bytes: 65536.
 - commit_granule_words: 8192.
 - virtual_space_node_default_size: 8388608.
 - enlarge_chunks_in_place: 1.
 - use_allocation_guard: 0.


Internal statistics:

num_allocs_failed_limit: 6.
num_arena_births: 918.
num_arena_deaths: 96.
num_vsnodes_births: 2.
num_vsnodes_deaths: 0.
num_space_committed: 675.
num_space_uncommitted: 0.
num_chunks_returned_to_freelist: 131.
num_chunks_taken_from_freelist: 2801.
num_chunk_merges: 38.
num_chunk_splits: 1729.
num_chunks_enlarged: 1008.
num_inconsistent_stats: 0.

CodeHeap 'non-profiled nmethods': size=120000Kb used=2832Kb max_used=2832Kb free=117167Kb
 bounds [0x0000020007ad0000, 0x0000020007da0000, 0x000002000f000000]
CodeHeap 'profiled nmethods': size=120000Kb used=10513Kb max_used=10513Kb free=109486Kb
 bounds [0x0000020000000000, 0x0000020000a50000, 0x0000020007530000]
CodeHeap 'non-nmethods': size=5760Kb used=1409Kb max_used=1462Kb free=4350Kb
 bounds [0x0000020007530000, 0x00000200077a0000, 0x0000020007ad0000]
CodeCache: size=245760Kb, used=14754Kb, max_used=14807Kb, free=231003Kb
 total_blobs=5732, nmethods=5014, adapters=624, full_count=0
Compilation: enabled, stopped_count=0, restarted_count=0

Compilation events (20 events):
Event: 8.119 Thread 0x000002007c180ae0 5391       3       com.google.gson.internal.bind.TypeAdapters$7::write (23 bytes)
Event: 8.119 Thread 0x000002007c180ae0 nmethod 5391 0x0000020000a27710 code [0x0000020000a27940, 0x0000020000a27fc0]
Event: 8.119 Thread 0x000002007c180ae0 5392       3       com.google.gson.stream.JsonWriter::value (21 bytes)
Event: 8.119 Thread 0x000002007c180ae0 nmethod 5392 0x0000020000a28210 code [0x0000020000a28400, 0x0000020000a287a8]
Event: 8.119 Thread 0x000002007c180ae0 5379       3       java.lang.invoke.DirectMethodHandle$Holder::getBoolean (28 bytes)
Event: 8.120 Thread 0x000002007c180ae0 nmethod 5379 0x0000020000a28910 code [0x0000020000a28ae0, 0x0000020000a28fd8]
Event: 8.120 Thread 0x000002007c180ae0 5381   !   3       lombok.launch.PatchFixesHider$PatchFixes::isGenerated (57 bytes)
Event: 8.120 Thread 0x000002007c180ae0 nmethod 5381 0x0000020000a29190 code [0x0000020000a29400, 0x0000020000a29dc0]
Event: 8.120 Thread 0x000002007c180ae0 5383       1       org.eclipse.jdt.ls.core.internal.semantictokens.SemanticTokensVisitor$SemanticToken::getOffset (5 bytes)
Event: 8.120 Thread 0x000002007c180ae0 nmethod 5383 0x0000020007d80110 code [0x0000020007d802a0, 0x0000020007d80368]
Event: 8.120 Thread 0x000002007c180ae0 5382       3       java.lang.invoke.LambdaForm$MH/0x0000020010499800::invoke (42 bytes)
Event: 8.120 Thread 0x000002007c180ae0 nmethod 5382 0x0000020000a2a210 code [0x0000020000a2a460, 0x0000020000a2aea0]
Event: 8.120 Thread 0x000002007c180ae0 5384       1       org.eclipse.jdt.ls.core.internal.semantictokens.SemanticTokensVisitor$SemanticToken::getTokenType (5 bytes)
Event: 8.120 Thread 0x000002007c180ae0 nmethod 5384 0x0000020007d80410 code [0x0000020007d805a0, 0x0000020007d80668]
Event: 8.120 Thread 0x000002007c180ae0 5385       1       org.eclipse.jdt.ls.core.internal.semantictokens.SemanticTokensVisitor$SemanticToken::getTokenModifiers (5 bytes)
Event: 8.120 Thread 0x000002007c180ae0 nmethod 5385 0x0000020007d80710 code [0x0000020007d808a0, 0x0000020007d80968]
Event: 8.120 Thread 0x000002007c180ae0 5386       1       org.eclipse.jdt.ls.core.internal.semantictokens.SemanticTokensVisitor$SemanticToken::getLength (5 bytes)
Event: 8.121 Thread 0x000002007c180ae0 nmethod 5386 0x0000020007d80a10 code [0x0000020007d80ba0, 0x0000020007d80c68]
Event: 8.121 Thread 0x000002007c180ae0 5393       1       java.nio.charset.Charset::name (5 bytes)
Event: 8.121 Thread 0x000002007c180ae0 nmethod 5393 0x0000020007d80d10 code [0x0000020007d80ea0, 0x0000020007d80f68]

GC Heap History (20 events):
Event: 4.965 GC heap before
{Heap before GC invocations=14 (full 1):
 PSYoungGen      total 23040K, used 23010K [0x00000000d5580000, 0x00000000d7600000, 0x0000000100000000)
  eden space 20992K, 100% used [0x00000000d5580000,0x00000000d6a00000,0x00000000d6a00000)
  from space 2048K, 98% used [0x00000000d6f80000,0x00000000d7178810,0x00000000d7180000)
  to   space 5632K, 0% used [0x00000000d6a00000,0x00000000d6a00000,0x00000000d6f80000)
 ParOldGen       total 68608K, used 19544K [0x0000000080000000, 0x0000000084300000, 0x00000000d5580000)
  object space 68608K, 28% used [0x0000000080000000,0x00000000813161b8,0x0000000084300000)
 Metaspace       used 32094K, committed 33088K, reserved 1114112K
  class space    used 3281K, committed 3712K, reserved 1048576K
}
Event: 4.968 GC heap after
{Heap after GC invocations=14 (full 1):
 PSYoungGen      total 23552K, used 2276K [0x00000000d5580000, 0x00000000d7100000, 0x0000000100000000)
  eden space 20992K, 0% used [0x00000000d5580000,0x00000000d5580000,0x00000000d6a00000)
  from space 2560K, 88% used [0x00000000d6a00000,0x00000000d6c39000,0x00000000d6c80000)
  to   space 3584K, 0% used [0x00000000d6d80000,0x00000000d6d80000,0x00000000d7100000)
 ParOldGen       total 68608K, used 21494K [0x0000000080000000, 0x0000000084300000, 0x00000000d5580000)
  object space 68608K, 31% used [0x0000000080000000,0x00000000814fdb78,0x0000000084300000)
 Metaspace       used 32094K, committed 33088K, reserved 1114112K
  class space    used 3281K, committed 3712K, reserved 1048576K
}
Event: 5.036 GC heap before
{Heap before GC invocations=15 (full 1):
 PSYoungGen      total 23552K, used 23268K [0x00000000d5580000, 0x00000000d7100000, 0x0000000100000000)
  eden space 20992K, 100% used [0x00000000d5580000,0x00000000d6a00000,0x00000000d6a00000)
  from space 2560K, 88% used [0x00000000d6a00000,0x00000000d6c39000,0x00000000d6c80000)
  to   space 3584K, 0% used [0x00000000d6d80000,0x00000000d6d80000,0x00000000d7100000)
 ParOldGen       total 68608K, used 21494K [0x0000000080000000, 0x0000000084300000, 0x00000000d5580000)
  object space 68608K, 31% used [0x0000000080000000,0x00000000814fdb78,0x0000000084300000)
 Metaspace       used 32132K, committed 33152K, reserved 1114112K
  class space    used 3281K, committed 3712K, reserved 1048576K
}
Event: 5.039 GC heap after
{Heap after GC invocations=15 (full 1):
 PSYoungGen      total 23552K, used 2464K [0x00000000d5580000, 0x00000000d7000000, 0x0000000100000000)
  eden space 20992K, 0% used [0x00000000d5580000,0x00000000d5580000,0x00000000d6a00000)
  from space 2560K, 96% used [0x00000000d6d80000,0x00000000d6fe8010,0x00000000d7000000)
  to   space 3072K, 0% used [0x00000000d6a00000,0x00000000d6a00000,0x00000000d6d00000)
 ParOldGen       total 68608K, used 23607K [0x0000000080000000, 0x0000000084300000, 0x00000000d5580000)
  object space 68608K, 34% used [0x0000000080000000,0x000000008170dc78,0x0000000084300000)
 Metaspace       used 32132K, committed 33152K, reserved 1114112K
  class space    used 3281K, committed 3712K, reserved 1048576K
}
Event: 5.091 GC heap before
{Heap before GC invocations=16 (full 1):
 PSYoungGen      total 23552K, used 23456K [0x00000000d5580000, 0x00000000d7000000, 0x0000000100000000)
  eden space 20992K, 100% used [0x00000000d5580000,0x00000000d6a00000,0x00000000d6a00000)
  from space 2560K, 96% used [0x00000000d6d80000,0x00000000d6fe8010,0x00000000d7000000)
  to   space 3072K, 0% used [0x00000000d6a00000,0x00000000d6a00000,0x00000000d6d00000)
 ParOldGen       total 68608K, used 23607K [0x0000000080000000, 0x0000000084300000, 0x00000000d5580000)
  object space 68608K, 34% used [0x0000000080000000,0x000000008170dc78,0x0000000084300000)
 Metaspace       used 32200K, committed 33152K, reserved 1114112K
  class space    used 3281K, committed 3712K, reserved 1048576K
}
Event: 5.095 GC heap after
{Heap after GC invocations=16 (full 1):
 PSYoungGen      total 23552K, used 2232K [0x00000000d5580000, 0x00000000d6f00000, 0x0000000100000000)
  eden space 20992K, 0% used [0x00000000d5580000,0x00000000d5580000,0x00000000d6a00000)
  from space 2560K, 87% used [0x00000000d6a00000,0x00000000d6c2e200,0x00000000d6c80000)
  to   space 2560K, 0% used [0x00000000d6c80000,0x00000000d6c80000,0x00000000d6f00000)
 ParOldGen       total 68608K, used 25991K [0x0000000080000000, 0x0000000084300000, 0x00000000d5580000)
  object space 68608K, 37% used [0x0000000080000000,0x0000000081961c88,0x0000000084300000)
 Metaspace       used 32200K, committed 33152K, reserved 1114112K
  class space    used 3281K, committed 3712K, reserved 1048576K
}
Event: 5.406 GC heap before
{Heap before GC invocations=17 (full 1):
 PSYoungGen      total 23552K, used 23224K [0x00000000d5580000, 0x00000000d6f00000, 0x0000000100000000)
  eden space 20992K, 100% used [0x00000000d5580000,0x00000000d6a00000,0x00000000d6a00000)
  from space 2560K, 87% used [0x00000000d6a00000,0x00000000d6c2e200,0x00000000d6c80000)
  to   space 2560K, 0% used [0x00000000d6c80000,0x00000000d6c80000,0x00000000d6f00000)
 ParOldGen       total 68608K, used 25991K [0x0000000080000000, 0x0000000084300000, 0x00000000d5580000)
  object space 68608K, 37% used [0x0000000080000000,0x0000000081961c88,0x0000000084300000)
 Metaspace       used 34511K, committed 35520K, reserved 1114112K
  class space    used 3527K, committed 3968K, reserved 1048576K
}
Event: 5.410 GC heap after
{Heap after GC invocations=17 (full 1):
 PSYoungGen      total 22528K, used 1364K [0x00000000d5580000, 0x00000000d6e00000, 0x0000000100000000)
  eden space 20992K, 0% used [0x00000000d5580000,0x00000000d5580000,0x00000000d6a00000)
  from space 1536K, 88% used [0x00000000d6c80000,0x00000000d6dd53c8,0x00000000d6e00000)
  to   space 2048K, 0% used [0x00000000d6a00000,0x00000000d6a00000,0x00000000d6c00000)
 ParOldGen       total 68608K, used 28063K [0x0000000080000000, 0x0000000084300000, 0x00000000d5580000)
  object space 68608K, 40% used [0x0000000080000000,0x0000000081b67e88,0x0000000084300000)
 Metaspace       used 34511K, committed 35520K, reserved 1114112K
  class space    used 3527K, committed 3968K, reserved 1048576K
}
Event: 5.529 GC heap before
{Heap before GC invocations=18 (full 1):
 PSYoungGen      total 22528K, used 13439K [0x00000000d5580000, 0x00000000d6e00000, 0x0000000100000000)
  eden space 20992K, 57% used [0x00000000d5580000,0x00000000d614ac18,0x00000000d6a00000)
  from space 1536K, 88% used [0x00000000d6c80000,0x00000000d6dd53c8,0x00000000d6e00000)
  to   space 2048K, 0% used [0x00000000d6a00000,0x00000000d6a00000,0x00000000d6c00000)
 ParOldGen       total 68608K, used 28063K [0x0000000080000000, 0x0000000084300000, 0x00000000d5580000)
  object space 68608K, 40% used [0x0000000080000000,0x0000000081b67e88,0x0000000084300000)
 Metaspace       used 34854K, committed 35840K, reserved 1114112K
  class space    used 3591K, committed 4032K, reserved 1048576K
}
Event: 5.531 GC heap after
{Heap after GC invocations=18 (full 1):
 PSYoungGen      total 23040K, used 424K [0x00000000d5580000, 0x00000000d6d00000, 0x0000000100000000)
  eden space 20992K, 0% used [0x00000000d5580000,0x00000000d5580000,0x00000000d6a00000)
  from space 2048K, 20% used [0x00000000d6a00000,0x00000000d6a6a2b0,0x00000000d6c00000)
  to   space 1024K, 0% used [0x00000000d6c00000,0x00000000d6c00000,0x00000000d6d00000)
 ParOldGen       total 68608K, used 29330K [0x0000000080000000, 0x0000000084300000, 0x00000000d5580000)
  object space 68608K, 42% used [0x0000000080000000,0x0000000081ca4ae0,0x0000000084300000)
 Metaspace       used 34854K, committed 35840K, reserved 1114112K
  class space    used 3591K, committed 4032K, reserved 1048576K
}
Event: 5.531 GC heap before
{Heap before GC invocations=19 (full 2):
 PSYoungGen      total 23040K, used 424K [0x00000000d5580000, 0x00000000d6d00000, 0x0000000100000000)
  eden space 20992K, 0% used [0x00000000d5580000,0x00000000d5580000,0x00000000d6a00000)
  from space 2048K, 20% used [0x00000000d6a00000,0x00000000d6a6a2b0,0x00000000d6c00000)
  to   space 1024K, 0% used [0x00000000d6c00000,0x00000000d6c00000,0x00000000d6d00000)
 ParOldGen       total 68608K, used 29330K [0x0000000080000000, 0x0000000084300000, 0x00000000d5580000)
  object space 68608K, 42% used [0x0000000080000000,0x0000000081ca4ae0,0x0000000084300000)
 Metaspace       used 34854K, committed 35840K, reserved 1114112K
  class space    used 3591K, committed 4032K, reserved 1048576K
}
Event: 5.585 GC heap after
{Heap after GC invocations=19 (full 2):
 PSYoungGen      total 23040K, used 0K [0x00000000d5580000, 0x00000000d6d00000, 0x0000000100000000)
  eden space 20992K, 0% used [0x00000000d5580000,0x00000000d5580000,0x00000000d6a00000)
  from space 2048K, 0% used [0x00000000d6a00000,0x00000000d6a00000,0x00000000d6c00000)
  to   space 1024K, 0% used [0x00000000d6c00000,0x00000000d6c00000,0x00000000d6d00000)
 ParOldGen       total 68608K, used 28381K [0x0000000080000000, 0x0000000084300000, 0x00000000d5580000)
  object space 68608K, 41% used [0x0000000080000000,0x0000000081bb7640,0x0000000084300000)
 Metaspace       used 34782K, committed 35840K, reserved 1114112K
  class space    used 3570K, committed 4032K, reserved 1048576K
}
Event: 5.839 GC heap before
{Heap before GC invocations=20 (full 2):
 PSYoungGen      total 23040K, used 20992K [0x00000000d5580000, 0x00000000d6d00000, 0x0000000100000000)
  eden space 20992K, 100% used [0x00000000d5580000,0x00000000d6a00000,0x00000000d6a00000)
  from space 2048K, 0% used [0x00000000d6a00000,0x00000000d6a00000,0x00000000d6c00000)
  to   space 1024K, 0% used [0x00000000d6c00000,0x00000000d6c00000,0x00000000d6d00000)
 ParOldGen       total 68608K, used 28381K [0x0000000080000000, 0x0000000084300000, 0x00000000d5580000)
  object space 68608K, 41% used [0x0000000080000000,0x0000000081bb7640,0x0000000084300000)
 Metaspace       used 36310K, committed 37312K, reserved 1114112K
  class space    used 3714K, committed 4160K, reserved 1048576K
}
Event: 5.840 GC heap after
{Heap after GC invocations=20 (full 2):
 PSYoungGen      total 22016K, used 1015K [0x00000000d5580000, 0x00000000d6e00000, 0x0000000100000000)
  eden space 20992K, 0% used [0x00000000d5580000,0x00000000d5580000,0x00000000d6a00000)
  from space 1024K, 99% used [0x00000000d6c00000,0x00000000d6cfdf00,0x00000000d6d00000)
  to   space 2048K, 0% used [0x00000000d6a00000,0x00000000d6a00000,0x00000000d6c00000)
 ParOldGen       total 68608K, used 28795K [0x0000000080000000, 0x0000000084300000, 0x00000000d5580000)
  object space 68608K, 41% used [0x0000000080000000,0x0000000081c1ec58,0x0000000084300000)
 Metaspace       used 36310K, committed 37312K, reserved 1114112K
  class space    used 3714K, committed 4160K, reserved 1048576K
}
Event: 5.896 GC heap before
{Heap before GC invocations=21 (full 2):
 PSYoungGen      total 22016K, used 21973K [0x00000000d5580000, 0x00000000d6e00000, 0x0000000100000000)
  eden space 20992K, 99% used [0x00000000d5580000,0x00000000d69f7658,0x00000000d6a00000)
  from space 1024K, 99% used [0x00000000d6c00000,0x00000000d6cfdf00,0x00000000d6d00000)
  to   space 2048K, 0% used [0x00000000d6a00000,0x00000000d6a00000,0x00000000d6c00000)
 ParOldGen       total 68608K, used 28795K [0x0000000080000000, 0x0000000084300000, 0x00000000d5580000)
  object space 68608K, 41% used [0x0000000080000000,0x0000000081c1ec58,0x0000000084300000)
 Metaspace       used 36340K, committed 37312K, reserved 1114112K
  class space    used 3714K, committed 4160K, reserved 1048576K
}
Event: 5.898 GC heap after
{Heap after GC invocations=21 (full 2):
 PSYoungGen      total 22528K, used 1110K [0x00000000d5580000, 0x00000000d6d00000, 0x0000000100000000)
  eden space 20992K, 0% used [0x00000000d5580000,0x00000000d5580000,0x00000000d6a00000)
  from space 1536K, 72% used [0x00000000d6a00000,0x00000000d6b15a60,0x00000000d6b80000)
  to   space 1536K, 0% used [0x00000000d6b80000,0x00000000d6b80000,0x00000000d6d00000)
 ParOldGen       total 68608K, used 29560K [0x0000000080000000, 0x0000000084300000, 0x00000000d5580000)
  object space 68608K, 43% used [0x0000000080000000,0x0000000081cde348,0x0000000084300000)
 Metaspace       used 36340K, committed 37312K, reserved 1114112K
  class space    used 3714K, committed 4160K, reserved 1048576K
}
Event: 7.221 GC heap before
{Heap before GC invocations=22 (full 2):
 PSYoungGen      total 22528K, used 22102K [0x00000000d5580000, 0x00000000d6d00000, 0x0000000100000000)
  eden space 20992K, 100% used [0x00000000d5580000,0x00000000d6a00000,0x00000000d6a00000)
  from space 1536K, 72% used [0x00000000d6a00000,0x00000000d6b15a60,0x00000000d6b80000)
  to   space 1536K, 0% used [0x00000000d6b80000,0x00000000d6b80000,0x00000000d6d00000)
 ParOldGen       total 68608K, used 29560K [0x0000000080000000, 0x0000000084300000, 0x00000000d5580000)
  object space 68608K, 43% used [0x0000000080000000,0x0000000081cde348,0x0000000084300000)
 Metaspace       used 37959K, committed 38976K, reserved 1114112K
  class space    used 3883K, committed 4352K, reserved 1048576K
}
Event: 7.222 GC heap after
{Heap after GC invocations=22 (full 2):
 PSYoungGen      total 21504K, used 512K [0x00000000d5580000, 0x00000000d6c00000, 0x0000000100000000)
  eden space 20992K, 0% used [0x00000000d5580000,0x00000000d5580000,0x00000000d6a00000)
  from space 512K, 100% used [0x00000000d6b80000,0x00000000d6c00000,0x00000000d6c00000)
  to   space 1024K, 0% used [0x00000000d6a00000,0x00000000d6a00000,0x00000000d6b00000)
 ParOldGen       total 68608K, used 29720K [0x0000000080000000, 0x0000000084300000, 0x00000000d5580000)
  object space 68608K, 43% used [0x0000000080000000,0x0000000081d06348,0x0000000084300000)
 Metaspace       used 37959K, committed 38976K, reserved 1114112K
  class space    used 3883K, committed 4352K, reserved 1048576K
}
Event: 7.861 GC heap before
{Heap before GC invocations=23 (full 2):
 PSYoungGen      total 21504K, used 21491K [0x00000000d5580000, 0x00000000d6c00000, 0x0000000100000000)
  eden space 20992K, 99% used [0x00000000d5580000,0x00000000d69fcc28,0x00000000d6a00000)
  from space 512K, 100% used [0x00000000d6b80000,0x00000000d6c00000,0x00000000d6c00000)
  to   space 1024K, 0% used [0x00000000d6a00000,0x00000000d6a00000,0x00000000d6b00000)
 ParOldGen       total 68608K, used 29720K [0x0000000080000000, 0x0000000084300000, 0x00000000d5580000)
  object space 68608K, 43% used [0x0000000080000000,0x0000000081d06348,0x0000000084300000)
 Metaspace       used 40519K, committed 41472K, reserved 1114112K
  class space    used 4144K, committed 4544K, reserved 1048576K
}
Event: 7.863 GC heap after
{Heap after GC invocations=23 (full 2):
 PSYoungGen      total 22016K, used 992K [0x00000000d5580000, 0x00000000d6f00000, 0x0000000100000000)
  eden space 20992K, 0% used [0x00000000d5580000,0x00000000d5580000,0x00000000d6a00000)
  from space 1024K, 96% used [0x00000000d6a00000,0x00000000d6af8020,0x00000000d6b00000)
  to   space 2560K, 0% used [0x00000000d6c80000,0x00000000d6c80000,0x00000000d6f00000)
 ParOldGen       total 68608K, used 30696K [0x0000000080000000, 0x0000000084300000, 0x00000000d5580000)
  object space 68608K, 44% used [0x0000000080000000,0x0000000081dfa0d0,0x0000000084300000)
 Metaspace       used 40519K, committed 41472K, reserved 1114112K
  class space    used 4144K, committed 4544K, reserved 1048576K
}

Dll operation events (10 events):
Event: 0.012 Loaded shared library c:\Users\ADMIN\.vscode\extensions\redhat.java-1.46.0-win32-x64\jre\21.0.8-win32-x86_64\bin\java.dll
Event: 0.104 Loaded shared library c:\Users\ADMIN\.vscode\extensions\redhat.java-1.46.0-win32-x64\jre\21.0.8-win32-x86_64\bin\zip.dll
Event: 0.125 Loaded shared library C:\Users\ADMIN\.vscode\extensions\redhat.java-1.46.0-win32-x64\jre\21.0.8-win32-x86_64\bin\instrument.dll
Event: 0.130 Loaded shared library C:\Users\ADMIN\.vscode\extensions\redhat.java-1.46.0-win32-x64\jre\21.0.8-win32-x86_64\bin\net.dll
Event: 0.132 Loaded shared library C:\Users\ADMIN\.vscode\extensions\redhat.java-1.46.0-win32-x64\jre\21.0.8-win32-x86_64\bin\nio.dll
Event: 0.136 Loaded shared library C:\Users\ADMIN\.vscode\extensions\redhat.java-1.46.0-win32-x64\jre\21.0.8-win32-x86_64\bin\zip.dll
Event: 0.158 Loaded shared library C:\Users\ADMIN\.vscode\extensions\redhat.java-1.46.0-win32-x64\jre\21.0.8-win32-x86_64\bin\jimage.dll
Event: 0.256 Loaded shared library c:\Users\ADMIN\.vscode\extensions\redhat.java-1.46.0-win32-x64\jre\21.0.8-win32-x86_64\bin\verify.dll
Event: 1.480 Loaded shared library C:\Users\ADMIN\AppData\Roaming\Code\User\globalStorage\redhat.java\1.46.0\config_ss_win\org.eclipse.equinox.launcher\org.eclipse.equinox.launcher.win32.win32.x86_64_1.2.1400.v20250801-0854\eclipse_11916.dll
Event: 2.702 Loaded shared library C:\Users\ADMIN\AppData\Local\Temp\jna-62130991\jna6239253342168479390.dll

Deoptimization events (20 events):
Event: 7.970 Thread 0x000002007f2803a0 Uncommon trap: trap_request=0xffffff45 fr.pc=0x0000020007d63e50 relative=0x0000000000000130
Event: 7.970 Thread 0x000002007f2803a0 Uncommon trap: reason=unstable_if action=reinterpret pc=0x0000020007d63e50 method=org.eclipse.jdt.internal.compiler.parser.ScannerHelper.toLowerCase(C)C @ 28 c2
Event: 7.970 Thread 0x000002007f2803a0 DEOPT PACKING pc=0x0000020007d63e50 sp=0x00000008b74fe6f0
Event: 7.970 Thread 0x000002007f2803a0 DEOPT UNPACKING pc=0x0000020007583aa2 sp=0x00000008b74fe690 mode 2
Event: 8.005 Thread 0x000002007f2803a0 Uncommon trap: trap_request=0xffffff3d fr.pc=0x0000020007b15aa8 relative=0x00000000000002c8
Event: 8.005 Thread 0x000002007f2803a0 Uncommon trap: reason=unstable_fused_if action=reinterpret pc=0x0000020007b15aa8 method=java.lang.CharacterDataLatin1.equalsIgnoreCase(BB)Z @ 16 c2
Event: 8.005 Thread 0x000002007f2803a0 DEOPT PACKING pc=0x0000020007b15aa8 sp=0x00000008b74fe1c0
Event: 8.005 Thread 0x000002007f2803a0 DEOPT UNPACKING pc=0x0000020007583aa2 sp=0x00000008b74fe018 mode 2
Event: 8.040 Thread 0x000002007f283190 Uncommon trap: trap_request=0xffffff45 fr.pc=0x0000020007b94cd4 relative=0x0000000000000ad4
Event: 8.040 Thread 0x000002007f283190 Uncommon trap: reason=unstable_if action=reinterpret pc=0x0000020007b94cd4 method=java.util.concurrent.ConcurrentHashMap.putVal(Ljava/lang/Object;Ljava/lang/Object;Z)Ljava/lang/Object; @ 162 c2
Event: 8.040 Thread 0x000002007f283190 DEOPT PACKING pc=0x0000020007b94cd4 sp=0x00000008b76fe000
Event: 8.040 Thread 0x000002007f283190 DEOPT UNPACKING pc=0x0000020007583aa2 sp=0x00000008b76fdf88 mode 2
Event: 8.070 Thread 0x000002007f283190 Uncommon trap: trap_request=0xffffff45 fr.pc=0x0000020007b2c8e0 relative=0x00000000000000c0
Event: 8.070 Thread 0x000002007f283190 Uncommon trap: reason=unstable_if action=reinterpret pc=0x0000020007b2c8e0 method=java.util.Hashtable$Enumerator.nextElement()Ljava/lang/Object; @ 87 c2
Event: 8.070 Thread 0x000002007f283190 DEOPT PACKING pc=0x0000020007b2c8e0 sp=0x00000008b76fe740
Event: 8.070 Thread 0x000002007f283190 DEOPT UNPACKING pc=0x0000020007583aa2 sp=0x00000008b76fe668 mode 2
Event: 8.099 Thread 0x000002007f283190 Uncommon trap: trap_request=0xffffff45 fr.pc=0x0000020007d5d900 relative=0x00000000000001a0
Event: 8.099 Thread 0x000002007f283190 Uncommon trap: reason=unstable_if action=reinterpret pc=0x0000020007d5d900 method=java.util.concurrent.ConcurrentHashMap.get(Ljava/lang/Object;)Ljava/lang/Object; @ 152 c2
Event: 8.099 Thread 0x000002007f283190 DEOPT PACKING pc=0x0000020007d5d900 sp=0x00000008b76fea00
Event: 8.099 Thread 0x000002007f283190 DEOPT UNPACKING pc=0x0000020007583aa2 sp=0x00000008b76fe978 mode 2

Classes loaded (20 events):
Event: 7.096 Loading class java/util/stream/ReferencePipeline$4$1
Event: 7.097 Loading class java/util/stream/ReferencePipeline$4$1 done
Event: 7.213 Loading class java/util/Hashtable$ValueCollection
Event: 7.213 Loading class java/util/Hashtable$ValueCollection done
Event: 7.337 Loading class java/util/WeakHashMap$KeyIterator
Event: 7.337 Loading class java/util/WeakHashMap$KeyIterator done
Event: 7.348 Loading class java/util/regex/PatternSyntaxException
Event: 7.348 Loading class java/util/regex/PatternSyntaxException done
Event: 7.729 Loading class java/util/stream/ReduceOps$4
Event: 7.730 Loading class java/util/stream/ReduceOps$4 done
Event: 7.730 Loading class java/util/stream/ReduceOps$4ReducingSink
Event: 7.730 Loading class java/util/stream/ReduceOps$4ReducingSink done
Event: 7.793 Loading class java/io/FileReader
Event: 7.793 Loading class java/io/FileReader done
Event: 7.794 Loading class java/lang/UnsupportedClassVersionError
Event: 7.794 Loading class java/lang/UnsupportedClassVersionError done
Event: 8.099 Loading class java/util/concurrent/ConcurrentHashMap$TreeNode
Event: 8.100 Loading class java/util/concurrent/ConcurrentHashMap$TreeNode done
Event: 8.100 Loading class java/util/concurrent/ConcurrentHashMap$TreeBin
Event: 8.100 Loading class java/util/concurrent/ConcurrentHashMap$TreeBin done

Classes unloaded (20 events):
Event: 5.542 Thread 0x000002007288e790 Unloading class 0x0000020010396800 'java/lang/invoke/LambdaForm$DMH+0x0000020010396800'
Event: 5.542 Thread 0x000002007288e790 Unloading class 0x0000020010395c00 'java/lang/invoke/LambdaForm$MH+0x0000020010395c00'
Event: 5.542 Thread 0x000002007288e790 Unloading class 0x0000020010392400 'java/lang/invoke/LambdaForm$MH+0x0000020010392400'
Event: 5.542 Thread 0x000002007288e790 Unloading class 0x0000020010392000 'java/lang/invoke/LambdaForm$MH+0x0000020010392000'
Event: 5.542 Thread 0x000002007288e790 Unloading class 0x0000020010391800 'java/lang/invoke/LambdaForm$MH+0x0000020010391800'
Event: 5.542 Thread 0x000002007288e790 Unloading class 0x0000020010391400 'java/lang/invoke/LambdaForm$MH+0x0000020010391400'
Event: 5.542 Thread 0x000002007288e790 Unloading class 0x0000020010390c00 'java/lang/invoke/LambdaForm$MH+0x0000020010390c00'
Event: 5.542 Thread 0x000002007288e790 Unloading class 0x0000020010390800 'java/lang/invoke/LambdaForm$MH+0x0000020010390800'
Event: 5.542 Thread 0x000002007288e790 Unloading class 0x0000020010390000 'java/lang/invoke/LambdaForm$MH+0x0000020010390000'
Event: 5.542 Thread 0x000002007288e790 Unloading class 0x000002001038fc00 'java/lang/invoke/LambdaForm$MH+0x000002001038fc00'
Event: 5.542 Thread 0x000002007288e790 Unloading class 0x000002001038f400 'java/lang/invoke/LambdaForm$MH+0x000002001038f400'
Event: 5.542 Thread 0x000002007288e790 Unloading class 0x000002001038f000 'java/lang/invoke/LambdaForm$MH+0x000002001038f000'
Event: 5.542 Thread 0x000002007288e790 Unloading class 0x000002001038e800 'java/lang/invoke/LambdaForm$MH+0x000002001038e800'
Event: 5.542 Thread 0x000002007288e790 Unloading class 0x000002001038e400 'java/lang/invoke/LambdaForm$MH+0x000002001038e400'
Event: 5.542 Thread 0x000002007288e790 Unloading class 0x000002001038d800 'java/lang/invoke/LambdaForm$MH+0x000002001038d800'
Event: 5.542 Thread 0x000002007288e790 Unloading class 0x000002001038dc00 'java/lang/invoke/LambdaForm$MH+0x000002001038dc00'
Event: 5.542 Thread 0x000002007288e790 Unloading class 0x000002001038d400 'java/lang/invoke/LambdaForm$MH+0x000002001038d400'
Event: 5.542 Thread 0x000002007288e790 Unloading class 0x000002001038d000 'java/lang/invoke/LambdaForm$MH+0x000002001038d000'
Event: 5.542 Thread 0x000002007288e790 Unloading class 0x000002001038c800 'java/lang/invoke/LambdaForm$DMH+0x000002001038c800'
Event: 5.542 Thread 0x000002007288e790 Unloading class 0x000002001038c400 'java/lang/invoke/LambdaForm$DMH+0x000002001038c400'

Classes redefined (0 events):
No events

Internal exceptions (20 events):
Event: 4.799 Thread 0x000002007f2803a0 Exception <a 'java/lang/NoSuchMethodError'{0x00000000d67331e8}: 'int java.lang.invoke.Invokers$Holder.linkToTargetMethod(java.lang.Object, java.lang.Object, java.lang.Object)'> (0x00000000d67331e8) 
thrown [s\src\hotspot\share\interpreter\linkResolver.cpp, line 773]
Event: 4.800 Thread 0x000002007f27c890 Exception <a 'java/lang/NoSuchMethodError'{0x00000000d6718e00}: 'int java.lang.invoke.Invokers$Holder.linkToTargetMethod(java.lang.Object, java.lang.Object, java.lang.Object)'> (0x00000000d6718e00) 
thrown [s\src\hotspot\share\interpreter\linkResolver.cpp, line 773]
Event: 5.372 Thread 0x000002007f27fd10 Exception <a 'java/lang/LinkageError'{0x00000000d68ada30}: loader lombok.launch.ShadowClassLoader @465c0316 attempted duplicate class definition for lombok.launch.PatchFixesHider$Transform. (lombok.launch.PatchFixesHider$Transform is in unnamed module of loader lombok.launch.ShadowClassLoader @465c0316, parent loader org.eclipse.osgi.internal.loader.EquinoxClassLoader @7f685b43)> (0x00000000d68ada30) 
thrown [s\src\hotspot\share\classfile\systemDictionary.cpp, line 1682]
Event: 5.372 Thread 0x000002007f2803a0 Exception <a 'java/lang/LinkageError'{0x00000000d68da4b0}: loader lombok.launch.ShadowClassLoader @465c0316 attempted duplicate class definition for lombok.launch.PatchFixesHider$Transform. (lombok.launch.PatchFixesHider$Transform is in unnamed module of loader lombok.launch.ShadowClassLoader @465c0316, parent loader org.eclipse.osgi.internal.loader.EquinoxClassLoader @7f685b43)> (0x00000000d68da4b0) 
thrown [s\src\hotspot\share\classfile\systemDictionary.cpp, line 1682]
Event: 5.811 Thread 0x000002007f27c890 Exception <a 'java/lang/LinkageError'{0x00000000d660aab0}: loader lombok.launch.ShadowClassLoader @465c0316 attempted duplicate class definition for lombok.launch.PatchFixesHider$ValPortal. (lombok.launch.PatchFixesHider$ValPortal is in unnamed module of loader lombok.launch.ShadowClassLoader @465c0316, parent loader org.eclipse.osgi.internal.loader.EquinoxClassLoader @7f685b43)> (0x00000000d660aab0) 
thrown [s\src\hotspot\share\classfile\systemDictionary.cpp, line 1682]
Event: 5.813 Thread 0x000002007f27fd10 Exception <a 'java/lang/LinkageError'{0x00000000d6648418}: loader lombok.launch.ShadowClassLoader @465c0316 attempted duplicate class definition for lombok.launch.PatchFixesHider$ValPortal. (lombok.launch.PatchFixesHider$ValPortal is in unnamed module of loader lombok.launch.ShadowClassLoader @465c0316, parent loader org.eclipse.osgi.internal.loader.EquinoxClassLoader @7f685b43)> (0x00000000d6648418) 
thrown [s\src\hotspot\share\classfile\systemDictionary.cpp, line 1682]
Event: 7.220 Thread 0x000002007f2803a0 Exception <a 'java/lang/NoSuchMethodError'{0x00000000d69ee7e8}: 'java.lang.Object java.lang.invoke.DirectMethodHandle$Holder.invokeSpecial(java.lang.Object, java.lang.Object, java.lang.Object, java.lang.Object, int, java.lang.Object, java.lang.Object)'> (0x00000000d69ee7e8) 
thrown [s\src\hotspot\share\interpreter\linkResolver.cpp, line 773]
Event: 7.220 Thread 0x000002007f27c890 Exception <a 'java/lang/NoSuchMethodError'{0x00000000d6882a90}: 'java.lang.Object java.lang.invoke.DirectMethodHandle$Holder.invokeSpecial(java.lang.Object, java.lang.Object, java.lang.Object, java.lang.Object, int, java.lang.Object, java.lang.Object)'> (0x00000000d6882a90) 
thrown [s\src\hotspot\share\interpreter\linkResolver.cpp, line 773]
Event: 7.349 Thread 0x000002007f27fd10 Exception <a 'java/lang/IncompatibleClassChangeError'{0x00000000d5b29bd0}: Found class java.lang.Object, but interface was expected> (0x00000000d5b29bd0) 
thrown [s\src\hotspot\share\interpreter\linkResolver.cpp, line 840]
Event: 7.352 Thread 0x000002007f27fd10 Exception <a 'java/lang/IncompatibleClassChangeError'{0x00000000d5b39bd0}: Found class java.lang.Object, but interface was expected> (0x00000000d5b39bd0) 
thrown [s\src\hotspot\share\interpreter\linkResolver.cpp, line 840]
Event: 7.606 Thread 0x000002007f27fd10 Exception <a 'java/lang/IncompatibleClassChangeError'{0x00000000d5d60120}: Found class java.lang.Object, but interface was expected> (0x00000000d5d60120) 
thrown [s\src\hotspot\share\interpreter\linkResolver.cpp, line 840]
Event: 7.632 Thread 0x000002007f2803a0 Exception <a 'java/lang/NoSuchMethodError'{0x00000000d5e63218}: 'int java.lang.invoke.DirectMethodHandle$Holder.invokeInterface(java.lang.Object, java.lang.Object)'> (0x00000000d5e63218) 
thrown [s\src\hotspot\share\interpreter\linkResolver.cpp, line 773]
Event: 7.632 Thread 0x000002007f2803a0 Exception <a 'java/lang/IncompatibleClassChangeError'{0x00000000d5e664e8}: Found class java.lang.Object, but interface was expected> (0x00000000d5e664e8) 
thrown [s\src\hotspot\share\interpreter\linkResolver.cpp, line 840]
Event: 7.735 Thread 0x000002007f2803a0 Exception <a 'java/lang/NoSuchMethodError'{0x00000000d628a128}: 'int java.lang.invoke.DirectMethodHandle$Holder.invokeSpecialIFC(java.lang.Object, java.lang.Object, java.lang.Object)'> (0x00000000d628a128) 
thrown [s\src\hotspot\share\interpreter\linkResolver.cpp, line 773]
Event: 7.748 Thread 0x000002007f27e2d0 Exception <a 'java/lang/NoSuchMethodError'{0x00000000d62f9378}: 'java.lang.Object java.lang.invoke.DirectMethodHandle$Holder.invokeSpecial(java.lang.Object, java.lang.Object, int, long)'> (0x00000000d62f9378) 
thrown [s\src\hotspot\share\interpreter\linkResolver.cpp, line 773]
Event: 7.779 Thread 0x000002007f27cf20 Exception <a 'java/lang/ArrayIndexOutOfBoundsException'{0x00000000d64a1e00}> (0x00000000d64a1e00) 
thrown [s\src\hotspot\share\runtime\sharedRuntime.cpp, line 625]
Event: 7.814 Thread 0x000002007f283190 Exception <a 'java/lang/NoSuchMethodError'{0x00000000d666b3b8}: 'int java.lang.invoke.Invokers$Holder.invokeExact_MT(java.lang.Object, java.lang.Object)'> (0x00000000d666b3b8) 
thrown [s\src\hotspot\share\interpreter\linkResolver.cpp, line 773]
Event: 7.832 Thread 0x000002007f2803a0 Exception <a 'java/io/FileNotFoundException'{0x00000000d6729a10}> (0x00000000d6729a10) 
thrown [s\src\hotspot\share\prims\jni.cpp, line 520]
Event: 7.833 Thread 0x000002007f2803a0 Exception <a 'java/io/FileNotFoundException'{0x00000000d672acc0}> (0x00000000d672acc0) 
thrown [s\src\hotspot\share\prims\jni.cpp, line 520]
Event: 7.889 Thread 0x000002007f2803a0 Exception <a 'java/lang/LinkageError'{0x00000000d56ea8b8}: loader lombok.launch.ShadowClassLoader @4726f3c6 attempted duplicate class definition for lombok.launch.PatchFixesHider$FieldInitializer. (lombok.launch.PatchFixesHider$FieldInitializer is in unnamed module of loader lombok.launch.ShadowClassLoader @4726f3c6, parent loader org.eclipse.osgi.internal.loader.EquinoxClassLoader @3976968)> (0x00000000d56ea8b8) 
thrown [s\src\hotspot\share\classfile\systemDictionary.cpp, line 1682]

ZGC Phase Switch (0 events):
No events

VM Operations (20 events):
Event: 5.896 Executing VM operation: ParallelGCFailedAllocation (Allocation Failure)
Event: 5.898 Executing VM operation: ParallelGCFailedAllocation (Allocation Failure) done
Event: 6.906 Executing VM operation: Cleanup
Event: 6.907 Executing VM operation: Cleanup done
Event: 7.058 Executing VM operation: HandshakeAllThreads (Deoptimize)
Event: 7.058 Executing VM operation: HandshakeAllThreads (Deoptimize) done
Event: 7.221 Executing VM operation: ParallelGCFailedAllocation (Allocation Failure)
Event: 7.222 Executing VM operation: ParallelGCFailedAllocation (Allocation Failure) done
Event: 7.685 Executing VM operation: HandshakeAllThreads (Deoptimize)
Event: 7.685 Executing VM operation: HandshakeAllThreads (Deoptimize) done
Event: 7.686 Executing VM operation: HandshakeAllThreads (Deoptimize)
Event: 7.686 Executing VM operation: HandshakeAllThreads (Deoptimize) done
Event: 7.742 Executing VM operation: HandshakeAllThreads (Deoptimize)
Event: 7.742 Executing VM operation: HandshakeAllThreads (Deoptimize) done
Event: 7.861 Executing VM operation: ParallelGCFailedAllocation (Allocation Failure)
Event: 7.863 Executing VM operation: ParallelGCFailedAllocation (Allocation Failure) done
Event: 8.102 Executing VM operation: ICBufferFull
Event: 8.102 Executing VM operation: ICBufferFull done
Event: 9.113 Executing VM operation: Cleanup
Event: 9.170 Executing VM operation: Cleanup done

Memory protections (0 events):
No events

Nmethod flushes (20 events):
Event: 5.554 Thread 0x000002007288e790 flushing  nmethod 0x0000020000411490
Event: 5.554 Thread 0x000002007288e790 flushing  nmethod 0x0000020000416190
Event: 5.554 Thread 0x000002007288e790 flushing  nmethod 0x0000020000434990
Event: 5.554 Thread 0x000002007288e790 flushing  nmethod 0x0000020000434d10
Event: 5.554 Thread 0x000002007288e790 flushing  nmethod 0x0000020000464890
Event: 5.554 Thread 0x000002007288e790 flushing  nmethod 0x0000020000468810
Event: 5.554 Thread 0x000002007288e790 flushing  nmethod 0x0000020000469190
Event: 5.554 Thread 0x000002007288e790 flushing  nmethod 0x00000200004b4b10
Event: 5.554 Thread 0x000002007288e790 flushing  nmethod 0x00000200004b5390
Event: 5.554 Thread 0x000002007288e790 flushing  nmethod 0x00000200004b5d10
Event: 5.554 Thread 0x000002007288e790 flushing  nmethod 0x00000200004b6210
Event: 5.554 Thread 0x000002007288e790 flushing  nmethod 0x00000200004b6610
Event: 5.554 Thread 0x000002007288e790 flushing  nmethod 0x00000200004b7410
Event: 5.554 Thread 0x000002007288e790 flushing  nmethod 0x00000200004b7890
Event: 5.554 Thread 0x000002007288e790 flushing  nmethod 0x00000200004b8290
Event: 5.554 Thread 0x000002007288e790 flushing  nmethod 0x00000200004b9690
Event: 5.554 Thread 0x000002007288e790 flushing  nmethod 0x00000200004b9c90
Event: 5.554 Thread 0x000002007288e790 flushing  nmethod 0x00000200004c1890
Event: 5.554 Thread 0x000002007288e790 flushing  nmethod 0x00000200004d4e10
Event: 5.554 Thread 0x000002007288e790 flushing  nmethod 0x00000200004ec090

Events (20 events):
Event: 3.917 Thread 0x000002007053ac20 Thread added: 0x000002007d4d97f0
Event: 3.918 Thread 0x000002007053ac20 Thread added: 0x000002007d4d9e80
Event: 3.918 Thread 0x000002007053ac20 Thread added: 0x000002007d4daba0
Event: 3.918 Thread 0x000002007053ac20 Thread added: 0x000002007d4da510
Event: 3.918 Thread 0x000002007053ac20 Thread added: 0x000002007f27c200
Event: 3.918 Thread 0x000002007053ac20 Thread added: 0x000002007f27eff0
Event: 3.918 Thread 0x000002007053ac20 Thread added: 0x000002007f27f680
Event: 3.918 Thread 0x000002007053ac20 Thread added: 0x000002007f27d5b0
Event: 3.943 Thread 0x000002007053ac20 Thread added: 0x000002007f27dc40
Event: 4.132 Thread 0x000002007cbc5e80 Thread added: 0x000002007f27e2d0
Event: 4.209 Thread 0x000002007053ac20 Thread added: 0x000002007f27e960
Event: 4.210 Thread 0x000002007053ac20 Thread added: 0x000002007f27fd10
Event: 4.459 Thread 0x000002007f27fd10 Thread added: 0x000002007f27c890
Event: 4.460 Thread 0x000002007f27fd10 Thread added: 0x000002007f2803a0
Event: 7.351 Thread 0x000002007f27fd10 Thread added: 0x000002007f27cf20
Event: 7.356 Thread 0x000002007f27fd10 Thread added: 0x000002007f283190
Event: 7.563 Thread 0x000002007d284170 Thread exited: 0x000002007d284170
Event: 7.604 Thread 0x000002007d283aa0 Thread exited: 0x000002007d283aa0
Event: 7.622 Thread 0x000002007c180ae0 Thread added: 0x000002007d284f10
Event: 7.638 Thread 0x000002007d284f10 Thread added: 0x000002007d283aa0


Dynamic libraries:
0x00007ff6c8d00000 - 0x00007ff6c8d0e000 	c:\Users\ADMIN\.vscode\extensions\redhat.java-1.46.0-win32-x64\jre\21.0.8-win32-x86_64\bin\java.exe
0x00007ffedee80000 - 0x00007ffedf0e8000 	C:\WINDOWS\SYSTEM32\ntdll.dll
0x00007ffede900000 - 0x00007ffede9c9000 	C:\WINDOWS\System32\KERNEL32.DLL
0x00007ffedc500000 - 0x00007ffedc8f2000 	C:\WINDOWS\System32\KERNELBASE.dll
0x00007ffedc2f0000 - 0x00007ffedc43b000 	C:\WINDOWS\System32\ucrtbase.dll
0x00007ffeccc10000 - 0x00007ffeccc2e000 	c:\Users\ADMIN\.vscode\extensions\redhat.java-1.46.0-win32-x64\jre\21.0.8-win32-x86_64\bin\VCRUNTIME140.dll
0x00007ffebd600000 - 0x00007ffebd618000 	c:\Users\ADMIN\.vscode\extensions\redhat.java-1.46.0-win32-x64\jre\21.0.8-win32-x86_64\bin\jli.dll
0x00007ffedcc50000 - 0x00007ffedce15000 	C:\WINDOWS\System32\USER32.dll
0x00007ffebdfc0000 - 0x00007ffebe253000 	C:\WINDOWS\WinSxS\amd64_microsoft.windows.common-controls_6595b64144ccf1df_6.0.26100.6899_none_3e0efeeae32e88c1\COMCTL32.dll
0x00007ffedc010000 - 0x00007ffedc037000 	C:\WINDOWS\System32\win32u.dll
0x00007ffede410000 - 0x00007ffede4b9000 	C:\WINDOWS\System32\msvcrt.dll
0x00007ffedce20000 - 0x00007ffedce4b000 	C:\WINDOWS\System32\GDI32.dll
0x00007ffedcb20000 - 0x00007ffedcc4d000 	C:\WINDOWS\System32\gdi32full.dll
0x00007ffedc240000 - 0x00007ffedc2e3000 	C:\WINDOWS\System32\msvcp_win.dll
0x00007ffede330000 - 0x00007ffede35f000 	C:\WINDOWS\System32\IMM32.DLL
0x00007ffecca90000 - 0x00007ffecca9c000 	c:\Users\ADMIN\.vscode\extensions\redhat.java-1.46.0-win32-x64\jre\21.0.8-win32-x86_64\bin\vcruntime140_1.dll
0x00007ffe8f940000 - 0x00007ffe8f9cd000 	c:\Users\ADMIN\.vscode\extensions\redhat.java-1.46.0-win32-x64\jre\21.0.8-win32-x86_64\bin\msvcp140.dll
0x00007ffe6f6f0000 - 0x00007ffe70487000 	c:\Users\ADMIN\.vscode\extensions\redhat.java-1.46.0-win32-x64\jre\21.0.8-win32-x86_64\bin\server\jvm.dll
0x00007ffeded00000 - 0x00007ffededb4000 	C:\WINDOWS\System32\ADVAPI32.dll
0x00007ffedeb40000 - 0x00007ffedebe6000 	C:\WINDOWS\System32\sechost.dll
0x00007ffedce50000 - 0x00007ffedcf68000 	C:\WINDOWS\System32\RPCRT4.dll
0x00007ffede390000 - 0x00007ffede404000 	C:\WINDOWS\System32\WS2_32.dll
0x00007ffed4ce0000 - 0x00007ffed4d15000 	C:\WINDOWS\SYSTEM32\WINMM.dll
0x00007ffecccd0000 - 0x00007ffecccdb000 	C:\WINDOWS\SYSTEM32\VERSION.dll
0x00007ffedbe60000 - 0x00007ffedbebe000 	C:\WINDOWS\SYSTEM32\POWRPROF.dll
0x00007ffedbe40000 - 0x00007ffedbe54000 	C:\WINDOWS\SYSTEM32\UMPDC.dll
0x00007ffedade0000 - 0x00007ffedadfb000 	C:\WINDOWS\SYSTEM32\kernel.appcore.dll
0x00007ffecc720000 - 0x00007ffecc72a000 	c:\Users\ADMIN\.vscode\extensions\redhat.java-1.46.0-win32-x64\jre\21.0.8-win32-x86_64\bin\jimage.dll
0x00007ffed9680000 - 0x00007ffed98c2000 	C:\WINDOWS\SYSTEM32\DBGHELP.DLL
0x00007ffede580000 - 0x00007ffede8fb000 	C:\WINDOWS\System32\combase.dll
0x00007ffede150000 - 0x00007ffede227000 	C:\WINDOWS\System32\OLEAUT32.dll
0x00007ffebd5c0000 - 0x00007ffebd5fc000 	C:\WINDOWS\SYSTEM32\dbgcore.DLL
0x00007ffedc900000 - 0x00007ffedc998000 	C:\WINDOWS\System32\bcryptPrimitives.dll
0x00007ffec9f90000 - 0x00007ffec9f9f000 	c:\Users\ADMIN\.vscode\extensions\redhat.java-1.46.0-win32-x64\jre\21.0.8-win32-x86_64\bin\instrument.dll
0x00007ffebb0a0000 - 0x00007ffebb0bf000 	c:\Users\ADMIN\.vscode\extensions\redhat.java-1.46.0-win32-x64\jre\21.0.8-win32-x86_64\bin\java.dll
0x00007ffedcff0000 - 0x00007ffedd73d000 	C:\WINDOWS\System32\SHELL32.dll
0x00007ffedc0d0000 - 0x00007ffedc23b000 	C:\WINDOWS\System32\wintypes.dll
0x00007ffed9c30000 - 0x00007ffeda48d000 	C:\WINDOWS\SYSTEM32\windows.storage.dll
0x00007ffedea40000 - 0x00007ffedeb32000 	C:\WINDOWS\System32\SHCORE.dll
0x00007ffede9d0000 - 0x00007ffedea32000 	C:\WINDOWS\System32\shlwapi.dll
0x00007ffedbf30000 - 0x00007ffedbf59000 	C:\WINDOWS\SYSTEM32\profapi.dll
0x00007ffebb080000 - 0x00007ffebb098000 	c:\Users\ADMIN\.vscode\extensions\redhat.java-1.46.0-win32-x64\jre\21.0.8-win32-x86_64\bin\zip.dll
0x00007ffec9d50000 - 0x00007ffec9d60000 	C:\Users\ADMIN\.vscode\extensions\redhat.java-1.46.0-win32-x64\jre\21.0.8-win32-x86_64\bin\net.dll
0x00007ffecd510000 - 0x00007ffecd62f000 	C:\WINDOWS\SYSTEM32\WINHTTP.dll
0x00007ffedb350000 - 0x00007ffedb3bb000 	C:\WINDOWS\system32\mswsock.dll
0x00007ffeb67a0000 - 0x00007ffeb67b6000 	C:\Users\ADMIN\.vscode\extensions\redhat.java-1.46.0-win32-x64\jre\21.0.8-win32-x86_64\bin\nio.dll
0x00007ffec5320000 - 0x00007ffec5330000 	c:\Users\ADMIN\.vscode\extensions\redhat.java-1.46.0-win32-x64\jre\21.0.8-win32-x86_64\bin\verify.dll
0x00007ffe9be10000 - 0x00007ffe9be54000 	C:\Users\ADMIN\AppData\Roaming\Code\User\globalStorage\redhat.java\1.46.0\config_ss_win\org.eclipse.equinox.launcher\org.eclipse.equinox.launcher.win32.win32.x86_64_1.2.1400.v20250801-0854\eclipse_11916.dll
0x00007ffedd740000 - 0x00007ffedd8d8000 	C:\WINDOWS\System32\ole32.dll
0x00007ffedb600000 - 0x00007ffedb61b000 	C:\WINDOWS\SYSTEM32\CRYPTSP.dll
0x00007ffedad40000 - 0x00007ffedad7b000 	C:\WINDOWS\system32\rsaenh.dll
0x00007ffedb3f0000 - 0x00007ffedb41b000 	C:\WINDOWS\SYSTEM32\USERENV.dll
0x00007ffedbf00000 - 0x00007ffedbf26000 	C:\WINDOWS\SYSTEM32\bcrypt.dll
0x00007ffedb620000 - 0x00007ffedb62c000 	C:\WINDOWS\SYSTEM32\CRYPTBASE.dll
0x00007ffeda810000 - 0x00007ffeda844000 	C:\WINDOWS\SYSTEM32\IPHLPAPI.DLL
0x00007ffede370000 - 0x00007ffede37a000 	C:\WINDOWS\System32\NSI.dll
0x00007ffe8f8f0000 - 0x00007ffe8f939000 	C:\Users\ADMIN\AppData\Local\Temp\jna-62130991\jna6239253342168479390.dll
0x00007ffede320000 - 0x00007ffede328000 	C:\WINDOWS\System32\PSAPI.DLL
0x00007ffed5320000 - 0x00007ffed533e000 	C:\WINDOWS\SYSTEM32\dhcpcsvc6.DLL
0x00007ffecd640000 - 0x00007ffecd663000 	C:\WINDOWS\SYSTEM32\dhcpcsvc.DLL

JVMTI agents:
c:\Users\ADMIN\.vscode\extensions\redhat.java-1.46.0-win32-x64\lombok\lombok-1.18.39-4050.jar path:c:\Users\ADMIN\.vscode\extensions\redhat.java-1.46.0-win32-x64\jre\21.0.8-win32-x86_64\bin\instrument.dll, loaded, initialized, instrumentlib options:none

dbghelp: loaded successfully - version: 4.0.5 - missing functions: none
symbol engine: initialized successfully - sym options: 0x614 - pdb path: .;c:\Users\ADMIN\.vscode\extensions\redhat.java-1.46.0-win32-x64\jre\21.0.8-win32-x86_64\bin;C:\WINDOWS\SYSTEM32;C:\WINDOWS\WinSxS\amd64_microsoft.windows.common-controls_6595b64144ccf1df_6.0.26100.6899_none_3e0efeeae32e88c1;c:\Users\ADMIN\.vscode\extensions\redhat.java-1.46.0-win32-x64\jre\21.0.8-win32-x86_64\bin\server;C:\Users\ADMIN\AppData\Roaming\Code\User\globalStorage\redhat.java\1.46.0\config_ss_win\org.eclipse.equinox.launcher\org.eclipse.equinox.launcher.win32.win32.x86_64_1.2.1400.v20250801-0854;C:\Users\ADMIN\AppData\Local\Temp\jna-62130991

VM Arguments:
jvm_args: --add-modules=ALL-SYSTEM --add-opens=java.base/java.util=ALL-UNNAMED --add-opens=java.base/java.lang=ALL-UNNAMED --add-opens=java.base/sun.nio.fs=ALL-UNNAMED -Declipse.application=org.eclipse.jdt.ls.core.id1 -Dosgi.bundles.defaultStartLevel=4 -Declipse.product=org.eclipse.jdt.ls.core.product -Djava.import.generatesMetadataFilesAtProjectRoot=false -DDetectVMInstallationsJob.disabled=true -Dfile.encoding=utf8 -XX:+UseParallelGC -XX:GCTimeRatio=4 -XX:AdaptiveSizePolicyWeight=90 -Dsun.zip.disableMemoryMapping=true -Xmx2G -Xms100m -Xlog:disable -javaagent:c:\Users\ADMIN\.vscode\extensions\redhat.java-1.46.0-win32-x64\lombok\lombok-1.18.39-4050.jar 
java_command: c:\Users\ADMIN\.vscode\extensions\redhat.java-1.46.0-win32-x64\server\plugins\org.eclipse.equinox.launcher_1.7.0.v20250519-0528.jar -configuration c:\Users\ADMIN\AppData\Roaming\Code\User\globalStorage\redhat.java\1.46.0\config_ss_win -data c:\Users\ADMIN\AppData\Roaming\Code\User\workspaceStorage\6eddf05a50bfec01eb4727cca2040f7d\redhat.java\ss_ws --pipe=\\.\pipe\lsp-9ac695e0b134f49266309f8f033404d3-sock
java_class_path (initial): c:\Users\ADMIN\.vscode\extensions\redhat.java-1.46.0-win32-x64\server\plugins\org.eclipse.equinox.launcher_1.7.0.v20250519-0528.jar
Launcher Type: SUN_STANDARD

[Global flags]
    uintx AdaptiveSizePolicyWeight                 = 90                                        {product} {command line}
     intx CICompilerCount                          = 4                                         {product} {ergonomic}
    uintx GCTimeRatio                              = 4                                         {product} {command line}
   size_t InitialHeapSize                          = 104857600                                 {product} {command line}
   size_t MaxHeapSize                              = 2147483648                                {product} {command line}
   size_t MaxNewSize                               = 715653120                                 {product} {ergonomic}
   size_t MinHeapDeltaBytes                        = 524288                                    {product} {ergonomic}
   size_t MinHeapSize                              = 104857600                                 {product} {command line}
   size_t NewSize                                  = 34603008                                  {product} {ergonomic}
    uintx NonNMethodCodeHeapSize                   = 5839372                                {pd product} {ergonomic}
    uintx NonProfiledCodeHeapSize                  = 122909434                              {pd product} {ergonomic}
   size_t OldSize                                  = 70254592                                  {product} {ergonomic}
    uintx ProfiledCodeHeapSize                     = 122909434                              {pd product} {ergonomic}
    uintx ReservedCodeCacheSize                    = 251658240                              {pd product} {ergonomic}
     bool SegmentedCodeCache                       = true                                      {product} {ergonomic}
   size_t SoftMaxHeapSize                          = 2147483648                             {manageable} {ergonomic}
     bool UseCompressedOops                        = true                           {product lp64_product} {ergonomic}
     bool UseLargePagesIndividualAllocation        = false                                  {pd product} {ergonomic}
     bool UseParallelGC                            = true                                      {product} {command line}

Logging:
Log output configuration:
 #0: stdout all=off uptime,level,tags foldmultilines=false
 #1: stderr all=off uptime,level,tags foldmultilines=false

Environment Variables:
JAVA_HOME=C:\Program Files\Java\jdk-17
PATH=C:\Program Files\Common Files\Oracle\Java\javapath;C:\WINDOWS\system32;C:\WINDOWS;C:\WINDOWS\System32\Wbem;C:\WINDOWS\System32\WindowsPowerShell\v1.0\;C:\WINDOWS\System32\OpenSSH\;C:\Program Files\dotnet\;C:\msys64\mingw64\bin;C:\mingw64\bin;C:\Program Files\nodejs\;C:\Program Files\Git\cmd;C:\apache-maven-3.6.0\bin;C:\Program Files\Java\jdk-17\bin;C:\Program Files (x86)\Microsoft SQL Server\160\Tools\Binn\;C:\Program Files\Microsoft SQL Server\160\Tools\Binn\;C:\Program Files\Microsoft SQL Server\Client SDK\ODBC\170\Tools\Binn\;C:\Program Files\Microsoft SQL Server\160\DTS\Binn\;C:\Program Files (x86)\Microsoft SQL Server\160\DTS\Binn\;C:\Program Files\Azure Data Studio\bin;C:\Users\ADMIN\AppData\Local\Programs\Python\Python311\Scripts\;C:\Users\ADMIN\AppData\Local\Programs\Python\Python311\;C:\Users\ADMIN\AppData\Local\Programs\Python\Python314\Scripts\;C:\Users\ADMIN\AppData\Local\Programs\Python\Python314\;C:\Users\ADMIN\AppData\Local\Programs\Python\Launcher\;C:\Program Files\Java\jdk-17\bin;C:\Users\ADMIN\AppData\Local\Programs\Microsoft VS Code\bin;C:\Users\ADMIN\AppData\Roaming\npm;C:\Program Files\JetBrains\IntelliJ IDEA Community Edition 2025.1.3\bin;;C:\Program Files\JetBrains\IntelliJ IDEA 2025.1.3\bin;;C:\Program Files\Java\jdk-17\bin;C:\Program Files\Azure Data Studio\bin;C:\Program Files\JetBrains\PyCharm Community Edition 2025.2.1.1\bin;
USERNAME=ADMIN
OS=Windows_NT
PROCESSOR_IDENTIFIER=Intel64 Family 6 Model 186 Stepping 3, GenuineIntel
TMP=C:\Users\ADMIN\AppData\Local\Temp
TEMP=C:\Users\ADMIN\AppData\Local\Temp




Periodic native trim disabled

---------------  S Y S T E M  ---------------

OS:
 Windows 11 , 64 bit Build 26100 (10.0.26100.6725)
OS uptime: 3 days 11:48 hours
Hyper-V role detected

CPU: total 12 (initial active 12) (6 cores per cpu, 2 threads per core) family 6 model 186 stepping 3 microcode 0x4128, cx8, cmov, fxsr, ht, mmx, 3dnowpref, sse, sse2, sse3, ssse3, sse4.1, sse4.2, popcnt, lzcnt, tsc, tscinvbit, avx, avx2, aes, erms, clmul, bmi1, bmi2, adx, sha, fma, vzeroupper, clflush, clflushopt, clwb, hv, serialize, rdtscp, rdpid, fsrm, f16c, cet_ibt, cet_ss
Processor Information for processor 0
  Max Mhz: 1700, Current Mhz: 1700, Mhz Limit: 1700
Processor Information for processor 1
  Max Mhz: 1700, Current Mhz: 1700, Mhz Limit: 1700
Processor Information for processor 2
  Max Mhz: 1700, Current Mhz: 1700, Mhz Limit: 1700
Processor Information for processor 3
  Max Mhz: 1700, Current Mhz: 1700, Mhz Limit: 1700
Processor Information for processor 4
  Max Mhz: 1700, Current Mhz: 1700, Mhz Limit: 1700
Processor Information for processor 5
  Max Mhz: 1700, Current Mhz: 1700, Mhz Limit: 1700
Processor Information for processor 6
  Max Mhz: 1700, Current Mhz: 1700, Mhz Limit: 1700
Processor Information for processor 7
  Max Mhz: 1700, Current Mhz: 1700, Mhz Limit: 1700
Processor Information for processor 8
  Max Mhz: 1700, Current Mhz: 1700, Mhz Limit: 1700
Processor Information for processor 9
  Max Mhz: 1700, Current Mhz: 1700, Mhz Limit: 1700
Processor Information for processor 10
  Max Mhz: 1700, Current Mhz: 1558, Mhz Limit: 1700
Processor Information for processor 11
  Max Mhz: 1700, Current Mhz: 1558, Mhz Limit: 1700

Memory: 4k page, system-wide physical 16068M (1615M free)
TotalPageFile size 38736M (AvailPageFile size 17M)
current process WorkingSet (physical memory assigned to process): 226M, peak: 235M
current process commit charge ("private bytes"): 344M, peak: 353M

vm_info: OpenJDK 64-Bit Server VM (21.0.8+9-LTS) for windows-amd64 JRE (21.0.8+9-LTS), built on 2025-07-15T00:00:00Z by "admin" with MS VC++ 17.7 (VS2022)

END.
